C51 COMPILER V9.00   LED                                                                   07/14/2015 21:42:00 PAGE 1   


C51 COMPILER V9.00, COMPILATION OF MODULE LED
OBJECT MODULE PLACED IN led.OBJ
COMPILER INVOKED BY: C:\Keil\C51\BIN\C51.EXE led.c BROWSE DEBUG OBJECTEXTEND

line level    source

   1          #include <STC_12.h>             
   2          
   3          void main()
   4          {
   5   1              unsigned char i,ch;
   6   1              TMOD=0X10;
   7   1              TL1=-20000;
   8   1              TH1=(-20000)>>8;
   9   1              TR1=1;
  10   1              ch=0xfe;
  11   1              while(1)
  12   1              {
  13   2      
  14   2                              for(i=0;i<200;i++)
  15   2                              {
  16   3                                      while(TF1==0);
  17   3                                      TF1=0;
  18   3                                      TR1=0;
  19   3                                      TL1=-20000;
  20   3                                      TH1=(-20000)>>8;
  21   3                                      TR1=1;
  22   3                              }
  23   2                      P4=ch;
  24   2                      ch=(ch<<1)+1;
  25   2                      if(ch==0xef)
  26   2                              ch=0xfe;
  27   2                      
  28   2              }
  29   1      }
  30                                                                          


MODULE INFORMATION:   STATIC OVERLAYABLE
   CODE SIZE        =     48    ----
   CONSTANT SIZE    =   ----    ----
   XDATA SIZE       =   ----    ----
   PDATA SIZE       =   ----    ----
   DATA SIZE        =   ----    ----
   IDATA SIZE       =   ----    ----
   BIT SIZE         =   ----    ----
END OF MODULE INFORMATION.


C51 COMPILATION COMPLETE.  0 WARNING(S),  0 ERROR(S)
