C51 COMPILER V9.00   BUTTON                                                                07/18/2015 17:16:36 PAGE 1   


C51 COMPILER V9.00, COMPILATION OF MODULE BUTTON
OBJECT MODULE PLACED IN ..\out\button.obj
COMPILER INVOKED BY: C:\Keil\C51\BIN\C51.EXE ..\gui\button.c LARGE BROWSE INCDIR(..\include\drivers;..\include\app;..\in
                    -clude\gui;..\net\eth;..\net\USIP) DEBUG OBJECTEXTEND PRINT(..\out\button.lst) OBJECT(..\out\button.obj)

line level    source

   1          /*各种按钮功能实现*/
   2          #include <gui.h>
   3          /*关闭按钮的绘制*/
   4          void DrawClose()
   5          {
   6   1              GUI_Rectangle(285,10,305,30,Yellow,1);
   7   1              GUI_Rectangle(285,10,305,30,Black,0);
   8   1              GUI_Line(285,10,304,29,Black);
   9   1              GUI_Line(305,10,285,30,Black);
  10   1      }       
  11          /*关闭按钮的功能,检测是否按下，如果按下就退出并回到首页*/
  12          char JugeClose(unsigned int point[2])
  13          {
  14   1              if(point[0]>285&&point[0]<305&&point[1]>10&&point[1]<30)
  15   1              {
  16   2                      GUI_Rectangle(285,10,305,30,Red,0);             /*按下时按钮边框会变红*/
  17   2                      return 1;
  18   2              }
  19   1              return 0;
  20   1      }
  21          
  22          
  23          /*              绘制通用按钮  */
  24          void create_button(unsigned int x,unsigned int y,const char *str,int len)
  25          {
  26   1              button btn;
  27   1              btn.x=x;
  28   1              btn.y=y;
  29   1              btn.width=len*8;
  30   1              btn.high=10;
  31   1        TFT_PutStr(x,y,str,Black,White);
  32   1      }


MODULE INFORMATION:   STATIC OVERLAYABLE
   CODE SIZE        =    283    ----
   CONSTANT SIZE    =   ----    ----
   XDATA SIZE       =   ----      17
   PDATA SIZE       =   ----    ----
   DATA SIZE        =   ----    ----
   IDATA SIZE       =   ----    ----
   BIT SIZE         =   ----    ----
END OF MODULE INFORMATION.


C51 COMPILATION COMPLETE.  0 WARNING(S),  0 ERROR(S)
