C51 COMPILER V9.00   GUI                                                                   07/18/2015 17:16:37 PAGE 1   


C51 COMPILER V9.00, COMPILATION OF MODULE GUI
OBJECT MODULE PLACED IN ..\out\gui.obj
COMPILER INVOKED BY: C:\Keil\C51\BIN\C51.EXE ..\gui\gui.c LARGE BROWSE INCDIR(..\include\drivers;..\include\app;..\inclu
                    -de\gui;..\net\eth;..\net\USIP) DEBUG OBJECTEXTEND PRINT(..\out\gui.lst) OBJECT(..\out\gui.obj)

line level    source

   1          /*
   2                          gui.c
   3                  用户接口定义
   4          
   5          */
   6          #include <gui.h>
   7          #include <STC_12.h>
   8          #include <touch.h>
   9          extern code unsigned char gImage_zuo[6664];
  10          extern code unsigned char gImage_tmp[7176];
  11          extern code unsigned char gImage_net[6400];
  12          extern code unsigned char gImage_you[6664];
  13          
  14          /*
  15                          显示菜单
  16          
  17          */
  18          void show_menu()
  19          {
  20   1              TFT_Init();
  21   1              ClearScreen(Black);
  22   1              TFT_Show_Bmp_8b(50,80,80,80,gImage_tmp);
  23   1      
  24   1              TFT_Show_Bmp_8b(190,80,80,80,gImage_net);
  25   1      }
  26          
  27          void show_aod()
  28          {
  29   1              TFT_Show_Bmp_8b(61,121,98,68,gImage_zuo);
  30   1              TFT_Show_Bmp_8b(161,121,98,68,gImage_you);
  31   1      }
  32          /*
  33                  获取被按下的图标
  34          
  35          */
  36          unsigned char menu_select()
  37          {
  38   1              unsigned int point[2];
  39   1              while(1)
  40   1              {
  41   2                      T_GetPoint(point);
  42   2                      if(point[0]>50&&point[0]<130&&point[1]>80&&point[1]<160)
  43   2                      {
  44   3                              GUI_Rectangle(50,80,130,160,Red,0);
  45   3                              return 1;
  46   3                      }
  47   2                      if(point[0]>190&&point[0]<270&&point[1]>80&&point[1]<160)
  48   2                      {
  49   3                              GUI_Rectangle(190,80,270,160,Red,0);
  50   3                              return 2;
  51   3                      }
  52   2              }
  53   1      }

C51 COMPILER V9.00   GUI                                                                   07/18/2015 17:16:37 PAGE 2   


MODULE INFORMATION:   STATIC OVERLAYABLE
   CODE SIZE        =    322    ----
   CONSTANT SIZE    =   ----    ----
   XDATA SIZE       =   ----       4
   PDATA SIZE       =   ----    ----
   DATA SIZE        =   ----    ----
   IDATA SIZE       =   ----    ----
   BIT SIZE         =   ----    ----
END OF MODULE INFORMATION.


C51 COMPILATION COMPLETE.  0 WARNING(S),  0 ERROR(S)
