C51 COMPILER V9.00   NET                                                                   07/18/2015 17:16:40 PAGE 1   


C51 COMPILER V9.00, COMPILATION OF MODULE NET
OBJECT MODULE PLACED IN ..\out\net.obj
COMPILER INVOKED BY: C:\Keil\C51\BIN\C51.EXE ..\resource\net.c LARGE BROWSE INCDIR(..\include\drivers;..\include\app;..\
                    -include\gui;..\net\eth;..\net\USIP) DEBUG OBJECTEXTEND PRINT(..\out\net.lst) OBJECT(..\out\net.obj)

line level    source

   1          code unsigned char gImage_net[6400] = { /* 0X08,0X08,0X50,0X00,0X50,0X00, */
   2          0X00,0X00,0X00,0X00,0X00,0X00,0X00,0X00,0X00,0X00,0X00,0X00,0X00,0X00,0X00,0X00,
   3          0X00,0X00,0X00,0X00,0X00,0X00,0X00,0X00,0X00,0X00,0X00,0X00,0X00,0X00,0X00,0X00,
   4          0X00,0X00,0X00,0X00,0X00,0X00,0X00,0X00,0X00,0X00,0X00,0X00,0X00,0X00,0X00,0X00,
   5          0X00,0X00,0X00,0X00,0X00,0X00,0X00,0X00,0X00,0X00,0X00,0X00,0X00,0X00,0X00,0X00,
   6          0X00,0X00,0X00,0X00,0X00,0X00,0X00,0X00,0X00,0X00,0X00,0X00,0X00,0X00,0X00,0X00,
   7          0X00,0X00,0X00,0X00,0X00,0X00,0X00,0X00,0X00,0X00,0X00,0X00,0X00,0X00,0X00,0X00,
   8          0X00,0X00,0X00,0X00,0X00,0X00,0X00,0X00,0X00,0X00,0X00,0X00,0X00,0X00,0X00,0X00,
   9          0X00,0X00,0X00,0X00,0X00,0X00,0X00,0X00,0X00,0X00,0X00,0X00,0X00,0X00,0X00,0X00,
  10          0X00,0X00,0X00,0X00,0X00,0X00,0X00,0X00,0X00,0X00,0X00,0X00,0X00,0X00,0X00,0X00,
  11          0X00,0X00,0X00,0X00,0X00,0X00,0X00,0X00,0X00,0X00,0X00,0X00,0X00,0X00,0X00,0X00,
  12          0X00,0X00,0X00,0X00,0X00,0X00,0X00,0X00,0X00,0X00,0X00,0X00,0X00,0X00,0X00,0X00,
  13          0X00,0X00,0X00,0X00,0X00,0X00,0X00,0X00,0X00,0X00,0X00,0X00,0X00,0X00,0X00,0X00,
  14          0X00,0X00,0X00,0X00,0X00,0X00,0X00,0X00,0X00,0X00,0X00,0X00,0X00,0X00,0X00,0X00,
  15          0X00,0X00,0X00,0X00,0X00,0X00,0X00,0X00,0X00,0X00,0X00,0X00,0X00,0X00,0X00,0X00,
  16          0X00,0X00,0X00,0X00,0X00,0X00,0X00,0X00,0X00,0X00,0X00,0X00,0X00,0X00,0X00,0X00,
  17          0X00,0X00,0X00,0X00,0X00,0X00,0X00,0X00,0X00,0X00,0X00,0X00,0X00,0X00,0X00,0X00,
  18          0X00,0X00,0X00,0X00,0X00,0X00,0X00,0X00,0X00,0X00,0X00,0X00,0X00,0X00,0X00,0X00,
  19          0X00,0X00,0X00,0X00,0X00,0X00,0X00,0X00,0X00,0X00,0X00,0X00,0X00,0X00,0X00,0X00,
  20          0X00,0X00,0X00,0X00,0X00,0X00,0X00,0X00,0X00,0X00,0X00,0X00,0X00,0X00,0X00,0X00,
  21          0X00,0X00,0X00,0X00,0X00,0X00,0X00,0X00,0X00,0X00,0X00,0X00,0X00,0X00,0X00,0X00,
  22          0X00,0X00,0X00,0X00,0X00,0X00,0X00,0X00,0X00,0X00,0X00,0X00,0X00,0X00,0X00,0X00,
  23          0X00,0X00,0X00,0X00,0X00,0X00,0X00,0X00,0X00,0X00,0X00,0X00,0X00,0X00,0X00,0X00,
  24          0X00,0X00,0X00,0X00,0X00,0X00,0X00,0X00,0X00,0X00,0X00,0X00,0X00,0X00,0X00,0X00,
  25          0X00,0X00,0X00,0X00,0X00,0X00,0X00,0X00,0X00,0X00,0X00,0X00,0X00,0X00,0X00,0X00,
  26          0X00,0X00,0X00,0X00,0X00,0X00,0X00,0X00,0X00,0X00,0X00,0X00,0X00,0X00,0X00,0X00,
  27          0X00,0X00,0X00,0X00,0X00,0X00,0X00,0X00,0X00,0X00,0X00,0X00,0X00,0X00,0X00,0X00,
  28          0X00,0X00,0X00,0X00,0X00,0X00,0X00,0X00,0X00,0X00,0X00,0X00,0X00,0X00,0X00,0X00,
  29          0X00,0X00,0X00,0X00,0X00,0X00,0X00,0X00,0X00,0X00,0X00,0X00,0X00,0X00,0X00,0X00,
  30          0X00,0X00,0X00,0X00,0X00,0X00,0X00,0X00,0X00,0X00,0X00,0X00,0X00,0X00,0X00,0X00,
  31          0X00,0X00,0X00,0X00,0X00,0X00,0X00,0X00,0X00,0X00,0X00,0X00,0X00,0X00,0X00,0X00,
  32          0X00,0X00,0X00,0X00,0X00,0X00,0X00,0X00,0X00,0X00,0X00,0X00,0X00,0X00,0X00,0X00,
  33          0X00,0X00,0X00,0X00,0X00,0X00,0X00,0X00,0X00,0X00,0X00,0X00,0X00,0X00,0X00,0X00,
  34          0X00,0X00,0X00,0X00,0X00,0X00,0X00,0X00,0X00,0X00,0X00,0X00,0X00,0X00,0X00,0X00,
  35          0X00,0X00,0X00,0X00,0X00,0X00,0X00,0X00,0X00,0X00,0X00,0X00,0X00,0X00,0X00,0X00,
  36          0X00,0X00,0X00,0X00,0X00,0X00,0X00,0X00,0X00,0X00,0X00,0X00,0X00,0X00,0X00,0X00,
  37          0X00,0X00,0X00,0X00,0X00,0X00,0X00,0X00,0X00,0X00,0X00,0X00,0X00,0X00,0X00,0X00,
  38          0X00,0X00,0X00,0X00,0X00,0X00,0X00,0X00,0X00,0X00,0X00,0X00,0X00,0X00,0X00,0X00,
  39          0X00,0X00,0X00,0X00,0X00,0X00,0X00,0X00,0X00,0X00,0X00,0X00,0X00,0X00,0X00,0X00,
  40          0X00,0X00,0X00,0X00,0X00,0X00,0X00,0X00,0X00,0X00,0X00,0X00,0X00,0X00,0X00,0X00,
  41          0X00,0X00,0X00,0X00,0X00,0X00,0X00,0X00,0X00,0X00,0X00,0X00,0X00,0X00,0X00,0X00,
  42          0X00,0X00,0X00,0X00,0X00,0X00,0X00,0X00,0X00,0X00,0X00,0X00,0X00,0X00,0X00,0X00,
  43          0X00,0X00,0X00,0X00,0X00,0X00,0X00,0X00,0X00,0X00,0X00,0X00,0X00,0X00,0X00,0X00,
  44          0X00,0X00,0X00,0X00,0X00,0X00,0X00,0X00,0X00,0X00,0X00,0X00,0X00,0X00,0X00,0X00,
  45          0X00,0X00,0X00,0X00,0X00,0X00,0X00,0X00,0X00,0X00,0X00,0X00,0X00,0X00,0X00,0X00,
  46          0X00,0X00,0X00,0X00,0X00,0X00,0X00,0X00,0X00,0X00,0X00,0X00,0X00,0X00,0X00,0X00,
  47          0X00,0X00,0X00,0X00,0X00,0X00,0X00,0X00,0X00,0X00,0X00,0X00,0X00,0X00,0X00,0X00,
  48          0X00,0X00,0X00,0X00,0X00,0X00,0X00,0X00,0X00,0X00,0X00,0X00,0X00,0X00,0X00,0X00,
  49          0X00,0X00,0X00,0X00,0X00,0X00,0X00,0X00,0X00,0X00,0X00,0X00,0X00,0X00,0X00,0X00,
  50          0X00,0X00,0X00,0X00,0X00,0X00,0X00,0X00,0X00,0X00,0X00,0X00,0X00,0X00,0X00,0X00,
  51          0X00,0X00,0X00,0X00,0X00,0X00,0X00,0X00,0X00,0X00,0X00,0X00,0X00,0X00,0X00,0X00,
  52          0X00,0X00,0X00,0X00,0X00,0X00,0X00,0X00,0X00,0X00,0X00,0X00,0X00,0X00,0X00,0X00,
  53          0X00,0X00,0X00,0X00,0X00,0X00,0X00,0X00,0X00,0X00,0X00,0X00,0X00,0X00,0X00,0X00,
  54          0X00,0X00,0X00,0X00,0X00,0X00,0X00,0X00,0X00,0X00,0X00,0X00,0X00,0X00,0X00,0X00,
C51 COMPILER V9.00   NET                                                                   07/18/2015 17:16:40 PAGE 2   

  55          0X00,0X00,0X00,0X00,0X00,0X00,0X00,0X00,0X00,0X00,0X00,0X00,0X00,0X00,0X00,0X00,
  56          0X00,0X00,0X00,0X00,0X00,0X00,0X00,0X00,0X00,0X00,0X00,0X00,0X00,0X00,0X00,0X00,
  57          0X00,0X00,0X00,0X00,0X00,0X00,0X00,0X00,0X00,0X00,0X00,0X00,0X00,0X00,0X00,0X00,
  58          0X00,0X00,0X00,0X00,0X00,0X00,0X00,0X00,0X00,0X00,0X00,0X00,0X00,0X00,0X00,0X00,
  59          0X00,0X00,0X00,0X00,0X00,0X00,0X00,0X00,0X00,0X00,0X00,0X00,0X00,0X00,0X00,0X00,
  60          0X00,0X00,0X00,0X00,0X00,0X00,0X00,0X00,0X00,0X00,0X00,0X00,0X00,0X00,0X00,0X00,
  61          0X00,0X00,0X00,0X00,0X00,0X00,0X00,0X00,0X00,0X00,0X00,0X00,0X00,0X00,0X00,0X00,
  62          0X00,0X00,0X00,0X00,0X00,0X00,0X00,0X00,0X00,0X00,0X00,0X00,0X00,0X00,0X00,0X00,
  63          0X00,0X00,0X00,0X00,0X00,0X00,0X00,0X00,0X00,0X00,0X00,0X00,0X00,0X00,0X00,0X00,
  64          0X00,0X00,0X00,0X00,0X00,0X00,0X00,0X00,0X00,0X00,0X00,0X00,0X00,0X00,0X00,0X00,
  65          0X00,0X00,0X00,0X00,0X00,0X00,0X00,0X00,0X00,0X00,0X00,0X00,0X00,0X00,0X00,0X00,
  66          0X00,0X00,0X00,0X00,0X00,0X00,0X00,0X00,0X00,0X00,0X00,0X00,0X00,0X00,0X00,0X00,
  67          0X00,0X00,0X00,0X00,0X00,0X00,0X00,0X00,0X00,0X00,0X00,0X00,0X00,0X00,0X00,0X00,
  68          0X00,0X00,0X00,0X00,0X00,0X00,0X00,0X00,0X00,0X00,0X00,0X00,0X00,0X00,0X00,0X00,
  69          0X00,0X00,0X00,0X00,0X00,0X00,0X00,0X00,0X00,0X00,0X00,0X00,0X00,0X00,0X00,0X00,
  70          0X00,0X00,0X00,0X00,0X00,0X00,0X00,0X00,0X00,0X00,0X00,0X00,0X00,0X00,0X00,0X00,
  71          0X00,0X00,0X00,0X00,0X00,0X00,0X00,0X00,0X00,0X00,0X00,0X00,0X00,0X00,0X00,0X00,
  72          0X00,0X00,0X00,0X00,0X00,0X00,0X00,0X00,0X00,0X00,0X00,0X00,0X00,0X00,0X00,0X00,
  73          0X00,0X00,0X00,0X00,0X00,0X00,0X00,0X00,0X00,0X00,0X00,0X00,0X00,0X00,0X00,0X00,
  74          0X00,0X00,0X00,0X00,0X00,0X00,0X00,0X00,0X00,0X00,0X00,0X00,0X00,0X00,0X00,0X00,
  75          0X00,0X00,0X00,0X00,0X00,0X00,0X00,0X00,0X00,0X00,0XE5,0XE5,0XE5,0XE5,0XE5,0XE5,
  76          0X00,0X00,0X00,0X00,0X00,0X00,0X00,0X00,0X00,0X00,0X00,0X00,0X00,0X00,0X00,0X00,
  77          0X00,0X00,0X00,0X00,0X00,0X00,0X00,0X00,0X00,0X00,0X00,0X00,0X00,0X00,0X00,0X00,
  78          0X00,0X00,0X00,0X00,0X00,0X00,0X00,0X00,0X00,0X00,0X00,0X00,0X00,0X00,0X00,0X00,
  79          0X00,0X00,0X00,0X00,0X00,0X00,0X00,0X00,0X00,0X00,0X00,0X00,0X00,0X00,0X00,0X00,
  80          0X00,0X00,0X00,0X00,0X00,0X00,0X00,0X00,0X00,0X00,0XE5,0XE5,0XE5,0XE5,0XE5,0XE5,
  81          0X00,0X00,0X00,0X00,0X00,0X00,0X00,0X00,0X00,0X00,0X00,0X00,0X00,0X00,0X00,0X00,
  82          0X00,0X00,0X00,0X00,0X00,0X00,0X00,0X00,0X00,0X00,0X00,0X00,0X00,0X00,0X00,0X00,
  83          0X00,0X00,0X00,0X00,0X00,0X00,0X00,0X00,0X00,0X00,0X00,0X00,0X00,0X00,0X00,0X00,
  84          0X00,0X00,0X00,0X00,0X00,0X00,0X00,0X00,0X00,0X00,0X00,0X00,0X00,0X00,0X00,0X00,
  85          0X00,0X00,0X00,0X00,0X00,0X00,0X00,0X00,0X00,0X00,0XE5,0XE5,0XE5,0XE5,0XE5,0XE5,
  86          0X00,0X00,0X00,0X00,0X00,0X00,0X00,0X00,0X00,0X00,0X00,0X00,0X00,0X00,0X00,0X00,
  87          0X00,0X00,0X00,0X00,0X00,0X00,0X00,0X00,0X00,0X00,0X00,0X00,0X00,0X00,0X00,0X00,
  88          0X00,0X00,0X00,0X00,0X00,0X00,0X00,0X00,0X00,0X00,0XE5,0XE5,0XE5,0X00,0X00,0X00,
  89          0X00,0X00,0X00,0X00,0X00,0X00,0X00,0X00,0X00,0X00,0X00,0X00,0X00,0X00,0X00,0X00,
  90          0X00,0X00,0X00,0X00,0X00,0X00,0X00,0X00,0X00,0X00,0XE5,0XE5,0XE5,0XE5,0XE5,0XE5,
  91          0X00,0X00,0X00,0X00,0X00,0X00,0X00,0X00,0X00,0X00,0X00,0X00,0X00,0X00,0X00,0X00,
  92          0X00,0X00,0X00,0X00,0XE5,0XE5,0XE5,0X00,0X00,0X00,0X00,0X00,0X00,0X00,0X00,0X00,
  93          0X00,0X00,0X00,0X00,0X00,0X00,0X00,0X00,0X00,0XE5,0XE5,0XE5,0XE5,0XE5,0X00,0X00,
  94          0X00,0X00,0X00,0X00,0X00,0X00,0X00,0X00,0X00,0X00,0X00,0X00,0X00,0X00,0X00,0X00,
  95          0X00,0X00,0X00,0X00,0X00,0X00,0X00,0X00,0X00,0X00,0XE5,0XE5,0XE5,0XE5,0XE5,0XE5,
  96          0X00,0X00,0X00,0X00,0X00,0X00,0X00,0X00,0X00,0X00,0X00,0X00,0X00,0X00,0X00,0X00,
  97          0X00,0X00,0X00,0XE5,0XE5,0XE5,0XE5,0XE5,0X00,0X00,0X00,0X00,0X00,0X00,0X00,0X00,
  98          0X00,0X00,0X00,0X00,0X00,0X00,0X00,0X00,0XE5,0XE5,0XE5,0XE5,0XE5,0XE5,0X00,0X00,
  99          0X00,0X00,0X00,0X00,0X00,0X00,0X00,0X00,0X00,0X00,0X00,0X00,0X00,0X00,0X00,0X00,
 100          0X00,0X00,0X00,0X00,0X00,0X00,0X00,0X00,0X00,0X00,0XE5,0XE5,0XE5,0XE5,0XE5,0XE5,
 101          0X00,0X00,0X00,0X00,0X00,0X00,0X00,0X00,0X00,0X00,0X00,0X00,0X00,0X00,0X00,0X00,
 102          0X00,0X00,0X00,0XE5,0XE5,0XE5,0XE5,0XE5,0X00,0X00,0X00,0X00,0X00,0X00,0X00,0X00,
 103          0X00,0X00,0X00,0X00,0X00,0X00,0X00,0X00,0XE5,0XE5,0XE5,0XE5,0XE5,0XE5,0X00,0X00,
 104          0X00,0X00,0X00,0X00,0X00,0X00,0X00,0X00,0X00,0X00,0X00,0X00,0X00,0X00,0X00,0X00,
 105          0X00,0X00,0X00,0X00,0X00,0X00,0X00,0X00,0X00,0X00,0XE5,0XE5,0XE5,0XE5,0XE5,0XE5,
 106          0X00,0X00,0X00,0X00,0X00,0X00,0X00,0X00,0X00,0X00,0X00,0X00,0X00,0X00,0X00,0X00,
 107          0X00,0X00,0X00,0XE5,0XE5,0XE5,0XE5,0XE5,0XE5,0X00,0X00,0X00,0X00,0X00,0X00,0X00,
 108          0X00,0X00,0X00,0X00,0X00,0X00,0X00,0XE5,0XE5,0XE5,0XE5,0XE5,0XE5,0X00,0X00,0X00,
 109          0X00,0X00,0X00,0X00,0X00,0X00,0X00,0X00,0X00,0X00,0X00,0X00,0X00,0X00,0X00,0X00,
 110          0X00,0X00,0X00,0X00,0X00,0X00,0X00,0X00,0X00,0X00,0XE5,0XE5,0XE5,0XE5,0XE5,0XE5,
 111          0X00,0X00,0X00,0X00,0X00,0X00,0X00,0X00,0X00,0X00,0X00,0X00,0X00,0X00,0X00,0X00,
 112          0X00,0X00,0X00,0X00,0XE5,0XE5,0XE5,0XE5,0XE5,0XE5,0X00,0X00,0X00,0X00,0X00,0X00,
 113          0X00,0X00,0X00,0X00,0X00,0X00,0XE5,0XE5,0XE5,0XE5,0XE5,0XE5,0X00,0X00,0X00,0X00,
 114          0X00,0X00,0X00,0X00,0X00,0X00,0X00,0X00,0X00,0X00,0X00,0X00,0X00,0X00,0X00,0X00,
 115          0X00,0X00,0X00,0X00,0X00,0X00,0X00,0X00,0X00,0X00,0XE5,0XE5,0XE5,0XE5,0XE5,0XE5,
 116          0X00,0X00,0X00,0X00,0X00,0X00,0X00,0X00,0X00,0X00,0X00,0X00,0X00,0X00,0X00,0X00,
C51 COMPILER V9.00   NET                                                                   07/18/2015 17:16:40 PAGE 3   

 117          0X00,0X00,0X00,0X00,0XE5,0XE5,0XE5,0XE5,0XE5,0XE5,0X00,0X00,0X00,0X00,0X00,0X00,
 118          0X00,0X00,0X00,0X00,0X00,0X00,0XE5,0XE5,0XE5,0XE5,0XE5,0XE5,0X00,0X00,0X00,0X00,
 119          0X00,0X00,0X00,0X00,0X00,0X00,0X00,0X00,0X00,0X00,0X00,0X00,0X00,0X00,0X00,0X00,
 120          0X00,0X00,0X00,0X00,0X00,0X00,0X00,0X00,0X00,0X00,0XE5,0XE5,0XE5,0XE5,0XE5,0XE5,
 121          0X00,0X00,0X00,0X00,0X00,0X00,0X00,0X00,0X00,0X00,0X00,0X00,0X00,0X00,0X00,0X00,
 122          0X00,0X00,0X00,0X00,0X00,0XE5,0XE5,0XE5,0XE5,0XE5,0XE5,0X00,0X00,0X00,0X00,0X00,
 123          0X00,0X00,0X00,0X00,0X00,0XE5,0XE5,0XE5,0XE5,0XE5,0XE5,0X00,0X00,0X00,0X00,0X00,
 124          0X00,0X00,0X00,0X00,0X00,0X00,0X00,0X00,0X00,0X00,0X00,0X00,0X00,0X00,0X00,0X00,
 125          0X00,0X00,0X00,0X00,0X00,0X00,0X00,0X00,0X00,0X00,0XE5,0XE5,0XE5,0XE5,0XE5,0XE5,
 126          0X00,0X00,0X00,0X00,0X00,0X00,0X00,0X00,0X00,0X00,0X00,0X00,0X00,0X00,0X00,0X00,
 127          0X00,0X00,0X00,0X00,0X00,0X00,0XE5,0XE5,0XE5,0XE5,0XE5,0XE5,0X00,0X00,0X00,0X00,
 128          0X00,0X00,0X00,0X00,0XE5,0XE5,0XE5,0XE5,0XE5,0XE5,0X00,0X00,0X00,0X00,0X00,0X00,
 129          0X00,0X00,0X00,0X00,0X00,0X00,0X00,0X00,0X00,0X00,0X00,0X00,0X00,0X00,0X00,0X00,
 130          0X00,0X00,0X00,0X00,0X00,0X00,0X00,0X00,0X00,0X00,0XE5,0XE5,0XE5,0XE5,0XE5,0XE5,
 131          0X00,0X00,0X00,0X00,0X00,0X00,0X00,0X00,0X00,0X00,0X00,0X00,0X00,0X00,0X00,0X00,
 132          0X00,0X00,0X00,0X00,0X00,0X00,0XE5,0XE5,0XE5,0XE5,0XE5,0XE5,0X00,0X00,0X00,0X00,
 133          0X00,0X00,0X00,0XE5,0XE5,0XE5,0XE5,0XE5,0XE5,0XE5,0X00,0X00,0X00,0X00,0X00,0X00,
 134          0X00,0X00,0X00,0X00,0X00,0X00,0X00,0X00,0X00,0X00,0X00,0X00,0X00,0X00,0XE5,0XE5,
 135          0XE5,0XE5,0XE5,0XE5,0X00,0X00,0X00,0X00,0X00,0X00,0XE5,0XE5,0XE5,0XE5,0XE5,0XE5,
 136          0X00,0X00,0X00,0X00,0X00,0X00,0X00,0X00,0X00,0X00,0X00,0X00,0X00,0X00,0X00,0X00,
 137          0X00,0X00,0X00,0X00,0X00,0X00,0X00,0XE5,0XE5,0XE5,0XE5,0XE5,0XE5,0X00,0X00,0X00,
 138          0X00,0X00,0X00,0XE5,0XE5,0XE5,0XE5,0XE5,0XE5,0X00,0X00,0X00,0X00,0X00,0X00,0X00,
 139          0X00,0X00,0X00,0X00,0X00,0X00,0X00,0X00,0X00,0X00,0X00,0X00,0X00,0X00,0XE5,0XE5,
 140          0XE5,0XE5,0XE5,0XE5,0X00,0X00,0X00,0X00,0X00,0X00,0XE5,0XE5,0XE5,0XE5,0XE5,0XE5,
 141          0X00,0X00,0X00,0X00,0X00,0X00,0X00,0X00,0X00,0X00,0X00,0X00,0X00,0X00,0X00,0X00,
 142          0X00,0X00,0X00,0X00,0X00,0X00,0X00,0XE5,0XE5,0XE5,0XE5,0XE5,0XE5,0X00,0X00,0X00,
 143          0X00,0X00,0XE5,0XE5,0XE5,0XE5,0XE5,0XE5,0X00,0X00,0X00,0X00,0X00,0X00,0X00,0X00,
 144          0X00,0X00,0X00,0X00,0X00,0X00,0X00,0X00,0X00,0X00,0X00,0X00,0X00,0X00,0XE5,0XE5,
 145          0XE5,0XE5,0XE5,0XE5,0X00,0X00,0X00,0X00,0X00,0X00,0XE5,0XE5,0XE5,0XE5,0XE5,0XE5,
 146          0X00,0X00,0X00,0X00,0X00,0X00,0X00,0X00,0X00,0X00,0X00,0X00,0X00,0X00,0X00,0X00,
 147          0X00,0X00,0X00,0X00,0X00,0X00,0X00,0X00,0XE5,0XE5,0XE5,0XE5,0XE5,0XE5,0X00,0X00,
 148          0X00,0XE5,0XE5,0XE5,0XE5,0XE5,0XE5,0X00,0X00,0X00,0X00,0X00,0X00,0X00,0X00,0X00,
 149          0X00,0X00,0X00,0X00,0X00,0X00,0X00,0X00,0X00,0X00,0X00,0X00,0X00,0X00,0XE5,0XE5,
 150          0XE5,0XE5,0XE5,0XE5,0X00,0X00,0X00,0X00,0X00,0X00,0XE5,0XE5,0XE5,0XE5,0XE5,0XE5,
 151          0X00,0X00,0X00,0X00,0X00,0X00,0X00,0X00,0X00,0X00,0X00,0X00,0X00,0X00,0X00,0X00,
 152          0X00,0X00,0X00,0X00,0X00,0X00,0X00,0X00,0X00,0XE5,0XE5,0XE5,0XE5,0XE5,0XE5,0X00,
 153          0XE5,0XE5,0XE5,0XE5,0XE5,0XE5,0XE5,0X00,0X00,0X00,0X00,0X00,0X00,0X00,0X00,0X00,
 154          0X00,0X00,0X00,0X00,0X00,0X00,0X00,0X00,0X00,0X00,0X00,0X00,0X00,0X00,0XE5,0XE5,
 155          0XE5,0XE5,0XE5,0XE5,0X00,0X00,0X00,0X00,0X00,0X00,0XE5,0XE5,0XE5,0XE5,0XE5,0XE5,
 156          0X00,0X00,0X00,0X00,0X00,0X00,0X00,0X00,0X00,0X00,0X00,0X00,0X00,0X00,0X00,0X00,
 157          0X00,0X00,0X00,0X00,0X00,0X00,0X00,0X00,0X00,0XE5,0XE5,0XE5,0XE5,0XE5,0XE5,0X00,
 158          0XE5,0XE5,0XE5,0XE5,0XE5,0XE5,0X00,0X00,0X00,0X00,0X00,0X00,0X00,0X00,0X00,0X00,
 159          0X00,0X00,0X00,0X00,0X00,0X00,0X00,0X00,0X00,0X00,0X00,0X00,0X00,0X00,0XE5,0XE5,
 160          0XE5,0XE5,0XE5,0XE5,0X00,0X00,0X00,0X00,0X00,0X00,0XE5,0XE5,0XE5,0XE5,0XE5,0XE5,
 161          0X00,0X00,0X00,0X00,0X00,0X00,0X00,0X00,0X00,0X00,0X00,0X00,0X00,0X00,0X00,0X00,
 162          0X00,0X00,0X00,0X00,0X00,0X00,0X00,0X00,0X00,0X00,0XE5,0XE5,0XE5,0XE5,0XE5,0XE5,
 163          0XE5,0XE5,0XE5,0XE5,0XE5,0X00,0X00,0X00,0X00,0X00,0X00,0X00,0X00,0X00,0X00,0X00,
 164          0X00,0X00,0X00,0X00,0X00,0X00,0X00,0X00,0X00,0X00,0X00,0X00,0X00,0X00,0XE5,0XE5,
 165          0XE5,0XE5,0XE5,0XE5,0X00,0X00,0X00,0X00,0X00,0X00,0XE5,0XE5,0XE5,0XE5,0XE5,0XE5,
 166          0X00,0X00,0X00,0X00,0X00,0X00,0X00,0X00,0X00,0X00,0X00,0X00,0X00,0X00,0X00,0X00,
 167          0X00,0X00,0X00,0X00,0X00,0X00,0X00,0X00,0X00,0X00,0X00,0XE5,0XE5,0XE5,0XE5,0XE5,
 168          0XE5,0XE5,0XE5,0XE5,0X00,0X00,0X00,0X00,0X00,0X00,0X00,0X00,0X00,0X00,0X00,0X00,
 169          0X00,0X00,0X00,0X00,0X00,0X00,0X00,0X00,0X00,0X00,0X00,0X00,0X00,0X00,0XE5,0XE5,
 170          0XE5,0XE5,0XE5,0XE5,0X00,0X00,0X00,0X00,0X00,0X00,0XE5,0XE5,0XE5,0XE5,0XE5,0XE5,
 171          0X00,0X00,0X00,0X00,0X00,0X00,0X00,0X00,0X00,0X00,0X00,0X00,0X00,0X00,0X00,0X00,
 172          0X00,0X00,0X00,0X00,0X00,0X00,0X00,0X00,0X00,0X00,0X00,0XE5,0XE5,0XE5,0XE5,0XE5,
 173          0XE5,0XE5,0XE5,0XE5,0X00,0X00,0X00,0X00,0X00,0X00,0X00,0X00,0X00,0X00,0X00,0X00,
 174          0X00,0X00,0X00,0X00,0X00,0X00,0X00,0X00,0X00,0X00,0X00,0X00,0X00,0X00,0XE5,0XE5,
 175          0XE5,0XE5,0XE5,0XE5,0X00,0X00,0X00,0X00,0X00,0X00,0XE5,0XE5,0XE5,0XE5,0XE5,0XE5,
 176          0X00,0X00,0X00,0X00,0X00,0X00,0X00,0X00,0X00,0X00,0X00,0X00,0X00,0X00,0X00,0X00,
 177          0X00,0X00,0X00,0X00,0X00,0X00,0X00,0X00,0X00,0X00,0X00,0X00,0XE5,0XE5,0XE5,0XE5,
 178          0XE5,0XE5,0XE5,0XE5,0X00,0X00,0X00,0X00,0X00,0X00,0X00,0X00,0X00,0X00,0X00,0X00,
C51 COMPILER V9.00   NET                                                                   07/18/2015 17:16:40 PAGE 4   

 179          0X00,0X00,0X00,0X00,0X00,0X00,0X00,0X00,0X00,0X00,0X00,0X00,0X00,0X00,0XE5,0XE5,
 180          0XE5,0XE5,0XE5,0XE5,0X00,0X00,0X00,0X00,0X00,0X00,0XE5,0XE5,0XE5,0XE5,0XE5,0XE5,
 181          0X00,0X00,0X00,0X00,0X00,0X00,0X00,0X00,0X00,0X00,0X00,0X00,0X00,0X00,0X00,0X00,
 182          0X00,0X00,0X00,0X00,0X00,0X00,0X00,0X00,0X00,0X00,0X00,0X00,0XE5,0XE5,0XE5,0XE5,
 183          0XE5,0XE5,0XE5,0XE5,0X00,0X00,0X00,0X00,0X00,0X00,0X00,0X00,0X00,0X00,0X00,0X00,
 184          0X00,0X00,0X00,0X00,0X00,0X00,0X00,0X00,0X00,0X00,0X00,0X00,0X00,0X00,0XE5,0XE5,
 185          0XE5,0XE5,0XE5,0XE5,0X00,0X00,0X00,0X00,0X00,0X00,0XE5,0XE5,0XE5,0XE5,0XE5,0XE5,
 186          0X00,0X00,0X00,0X00,0X00,0X00,0X00,0X00,0X00,0X00,0X00,0X00,0X00,0X00,0X00,0X00,
 187          0X00,0X00,0X00,0X00,0X00,0X00,0X00,0X00,0X00,0X00,0X00,0X00,0XE5,0XE5,0XE5,0XE5,
 188          0XE5,0XE5,0XE5,0XE5,0X00,0X00,0X00,0X00,0X00,0X00,0X00,0X00,0X00,0X00,0X00,0X00,
 189          0X00,0X00,0X00,0X00,0X00,0X00,0X00,0X00,0X00,0X00,0X00,0X00,0X00,0X00,0XE5,0XE5,
 190          0XE5,0XE5,0XE5,0XE5,0X00,0X00,0X00,0X00,0X00,0X00,0XE5,0XE5,0XE5,0XE5,0XE5,0XE5,
 191          0X00,0X00,0X00,0X00,0X00,0X00,0X00,0X00,0X00,0X00,0X00,0X00,0X00,0X00,0X00,0X00,
 192          0X00,0X00,0X00,0X00,0X00,0X00,0X00,0X00,0X00,0X00,0X00,0X00,0XE5,0XE5,0XE5,0XE5,
 193          0XE5,0XE5,0XE5,0XE5,0X00,0X00,0X00,0X00,0X00,0X00,0X00,0X00,0X00,0X00,0X00,0X00,
 194          0X00,0X00,0X00,0X00,0X00,0X00,0X00,0X00,0X00,0X00,0X00,0X00,0X00,0X00,0XE5,0XE5,
 195          0XE5,0XE5,0XE5,0XE5,0X00,0X00,0X00,0X00,0X00,0X00,0XE5,0XE5,0XE5,0XE5,0XE5,0XE5,
 196          0X00,0X00,0X00,0X00,0X00,0X00,0X00,0X00,0X00,0X00,0X00,0X00,0X00,0X00,0X00,0X00,
 197          0X00,0X00,0X00,0X00,0X00,0X00,0X00,0X00,0X00,0X00,0X00,0X00,0XE5,0XE5,0XE5,0XE5,
 198          0XE5,0XE5,0XE5,0XE5,0X00,0X00,0X00,0X00,0X00,0X00,0X00,0X00,0X00,0X00,0X00,0X00,
 199          0X00,0X00,0X00,0X00,0XE5,0XE5,0XE5,0XE5,0XE5,0XE5,0X00,0X00,0X00,0X00,0XE5,0XE5,
 200          0XE5,0XE5,0XE5,0XE5,0X00,0X00,0X00,0X00,0X00,0X00,0XE5,0XE5,0XE5,0XE5,0XE5,0XE5,
 201          0X00,0X00,0X00,0X00,0X00,0X00,0X00,0X00,0X00,0X00,0X00,0X00,0X00,0X00,0X00,0X00,
 202          0X00,0X00,0X00,0X00,0X00,0X00,0X00,0X00,0X00,0X00,0X00,0X00,0XE5,0XE5,0XE5,0XE5,
 203          0XE5,0XE5,0XE5,0XE5,0X00,0X00,0X00,0X00,0X00,0X00,0X00,0X00,0X00,0X00,0X00,0X00,
 204          0X00,0X00,0X00,0X00,0XE5,0XE5,0XE5,0XE5,0XE5,0XE5,0X00,0X00,0X00,0X00,0XE5,0XE5,
 205          0XE5,0XE5,0XE5,0XE5,0X00,0X00,0X00,0X00,0X00,0X00,0XE5,0XE5,0XE5,0XE5,0XE5,0XE5,
 206          0X00,0X00,0X00,0X00,0X00,0X00,0X00,0X00,0X00,0X00,0X00,0X00,0X00,0X00,0X00,0X00,
 207          0X00,0X00,0X00,0X00,0X00,0X00,0X00,0X00,0X00,0X00,0X00,0X00,0XE5,0XE5,0XE5,0XE5,
 208          0XE5,0XE5,0XE5,0XE5,0X00,0X00,0X00,0X00,0X00,0X00,0X00,0X00,0X00,0X00,0X00,0X00,
 209          0X00,0X00,0X00,0X00,0XE5,0XE5,0XE5,0XE5,0XE5,0XE5,0X00,0X00,0X00,0X00,0XE5,0XE5,
 210          0XE5,0XE5,0XE5,0XE5,0X00,0X00,0X00,0X00,0X00,0X00,0XE5,0XE5,0XE5,0XE5,0XE5,0XE5,
 211          0X00,0X00,0X00,0X00,0X00,0X00,0X00,0X00,0X00,0X00,0X00,0X00,0X00,0X00,0X00,0X00,
 212          0X00,0X00,0X00,0X00,0X00,0X00,0X00,0X00,0X00,0X00,0X00,0X00,0XE5,0XE5,0XE5,0XE5,
 213          0XE5,0XE5,0XE5,0XE5,0X00,0X00,0X00,0X00,0X00,0X00,0X00,0X00,0X00,0X00,0X00,0X00,
 214          0X00,0X00,0X00,0X00,0XE5,0XE5,0XE5,0XE5,0XE5,0XE5,0X00,0X00,0X00,0X00,0XE5,0XE5,
 215          0XE5,0XE5,0XE5,0XE5,0X00,0X00,0X00,0X00,0X00,0X00,0XE5,0XE5,0XE5,0XE5,0XE5,0XE5,
 216          0X00,0X00,0X00,0X00,0X00,0X00,0X00,0X00,0X00,0X00,0X00,0X00,0X00,0X00,0X00,0X00,
 217          0X00,0X00,0X00,0X00,0X00,0X00,0X00,0X00,0X00,0X00,0X00,0X00,0XE5,0XE5,0XE5,0XE5,
 218          0XE5,0XE5,0XE5,0XE5,0X00,0X00,0X00,0X00,0X00,0X00,0X00,0X00,0X00,0X00,0X00,0X00,
 219          0X00,0X00,0X00,0X00,0XE5,0XE5,0XE5,0XE5,0XE5,0XE5,0X00,0X00,0X00,0X00,0XE5,0XE5,
 220          0XE5,0XE5,0XE5,0XE5,0X00,0X00,0X00,0X00,0X00,0X00,0XE5,0XE5,0XE5,0XE5,0XE5,0XE5,
 221          0X00,0X00,0X00,0X00,0X00,0X00,0X00,0X00,0X00,0X00,0X00,0X00,0X00,0X00,0X00,0X00,
 222          0X00,0X00,0X00,0X00,0X00,0X00,0X00,0X00,0X00,0X00,0X00,0X00,0XE5,0XE5,0XE5,0XE5,
 223          0XE5,0XE5,0XE5,0XE5,0X00,0X00,0X00,0X00,0X00,0X00,0X00,0X00,0X00,0X00,0X00,0X00,
 224          0X00,0X00,0X00,0X00,0XE5,0XE5,0XE5,0XE5,0XE5,0XE5,0X00,0X00,0X00,0X00,0XE5,0XE5,
 225          0XE5,0XE5,0XE5,0XE5,0X00,0X00,0X00,0X00,0X00,0X00,0XE5,0XE5,0XE5,0XE5,0XE5,0XE5,
 226          0X00,0X00,0X00,0X00,0X00,0X00,0X00,0X00,0X00,0X00,0X00,0X00,0X00,0X00,0X00,0X00,
 227          0X00,0X00,0X00,0X00,0X00,0X00,0X00,0X00,0X00,0X00,0X00,0X00,0XE5,0XE5,0XE5,0XE5,
 228          0XE5,0XE5,0XE5,0XE5,0X00,0X00,0X00,0X00,0X00,0X00,0X00,0X00,0X00,0X00,0X00,0X00,
 229          0X00,0X00,0X00,0X00,0XE5,0XE5,0XE5,0XE5,0XE5,0XE5,0X00,0X00,0X00,0X00,0XE5,0XE5,
 230          0XE5,0XE5,0XE5,0XE5,0X00,0X00,0X00,0X00,0X00,0X00,0XE5,0XE5,0XE5,0XE5,0XE5,0XE5,
 231          0X00,0X00,0X00,0X00,0X00,0X00,0X00,0X00,0X00,0X00,0X00,0X00,0X00,0X00,0X00,0X00,
 232          0X00,0X00,0X00,0X00,0X00,0X00,0X00,0X00,0X00,0X00,0X00,0X00,0XE5,0XE5,0XE5,0XE5,
 233          0XE5,0XE5,0XE5,0XE5,0X00,0X00,0X00,0X00,0X00,0X00,0X00,0X00,0X00,0X00,0X00,0X00,
 234          0X00,0X00,0X00,0X00,0XE5,0XE5,0XE5,0XE5,0XE5,0XE5,0X00,0X00,0X00,0X00,0XE5,0XE5,
 235          0XE5,0XE5,0XE5,0XE5,0X00,0X00,0X00,0X00,0X00,0X00,0XE5,0XE5,0XE5,0XE5,0XE5,0XE5,
 236          0X00,0X00,0X00,0X00,0X00,0X00,0X00,0X00,0X00,0X00,0X00,0X00,0X00,0X00,0X00,0X00,
 237          0X00,0X00,0X00,0X00,0X00,0X00,0X00,0X00,0X00,0X00,0X00,0X00,0XE5,0XE5,0XE5,0XE5,
 238          0XE5,0XE5,0XE5,0XE5,0X00,0X00,0X00,0X00,0X00,0X00,0X00,0X00,0X00,0X00,0X00,0X00,
 239          0X00,0X00,0X00,0X00,0XE5,0XE5,0XE5,0XE5,0XE5,0XE5,0X00,0X00,0X00,0X00,0XE5,0XE5,
 240          0XE5,0XE5,0XE5,0XE5,0X00,0X00,0X00,0X00,0X00,0X00,0XE5,0XE5,0XE5,0XE5,0XE5,0XE5,
C51 COMPILER V9.00   NET                                                                   07/18/2015 17:16:40 PAGE 5   

 241          0X00,0X00,0X00,0X00,0X00,0X00,0X00,0X00,0X00,0X00,0X00,0X00,0X00,0X00,0X00,0X00,
 242          0X00,0X00,0X00,0X00,0X00,0X00,0X00,0X00,0X00,0X00,0X00,0X00,0XE5,0XE5,0XE5,0XE5,
 243          0XE5,0XE5,0XE5,0XE5,0X00,0X00,0X00,0X00,0X00,0X00,0X00,0X00,0X00,0X00,0X00,0X00,
 244          0X00,0X00,0X00,0X00,0XE5,0XE5,0XE5,0XE5,0XE5,0XE5,0X00,0X00,0X00,0X00,0XE5,0XE5,
 245          0XE5,0XE5,0XE5,0XE5,0X00,0X00,0X00,0X00,0X00,0X00,0XE5,0XE5,0XE5,0XE5,0XE5,0XE5,
 246          0X00,0X00,0X00,0X00,0X00,0X00,0X00,0X00,0X00,0X00,0X00,0X00,0X00,0X00,0X00,0X00,
 247          0X00,0X00,0X00,0X00,0X00,0X00,0X00,0X00,0X00,0X00,0X00,0X00,0XE5,0XE5,0XE5,0XE5,
 248          0XE5,0XE5,0XE5,0XE5,0X00,0X00,0X00,0X00,0X00,0X00,0X00,0X00,0X00,0X00,0X00,0X00,
 249          0X00,0X00,0X00,0X00,0XE5,0XE5,0XE5,0XE5,0XE5,0XE5,0X00,0X00,0X00,0X00,0XE5,0XE5,
 250          0XE5,0XE5,0XE5,0XE5,0X00,0X00,0X00,0X00,0X00,0X00,0XE5,0XE5,0XE5,0XE5,0XE5,0XE5,
 251          0X00,0X00,0X00,0X00,0X00,0X00,0X00,0X00,0X00,0X00,0X00,0X00,0X00,0X00,0X00,0X00,
 252          0X00,0X00,0X00,0X00,0X00,0X00,0X00,0X00,0X00,0X00,0X00,0X00,0XE5,0XE5,0XE5,0XE5,
 253          0XE5,0XE5,0XE5,0XE5,0X00,0X00,0X00,0X00,0X00,0X00,0X00,0X00,0X00,0X00,0X00,0X00,
 254          0X00,0X00,0X00,0X00,0XE5,0XE5,0XE5,0XE5,0XE5,0XE5,0X00,0X00,0X00,0X00,0XE5,0XE5,
 255          0XE5,0XE5,0XE5,0XE5,0X00,0X00,0X00,0X00,0X00,0X00,0XE5,0XE5,0XE5,0XE5,0XE5,0XE5,
 256          0X00,0X00,0X00,0X00,0X00,0X00,0X00,0X00,0X00,0X00,0X00,0X00,0X00,0X00,0X00,0X00,
 257          0X00,0X00,0X00,0X00,0X00,0X00,0X00,0X00,0X00,0X00,0X00,0X00,0XE5,0XE5,0XE5,0XE5,
 258          0XE5,0XE5,0XE5,0XE5,0X00,0X00,0X00,0X00,0X00,0X00,0X00,0X00,0X00,0X00,0X00,0X00,
 259          0X00,0X00,0X00,0X00,0XE5,0XE5,0XE5,0XE5,0XE5,0XE5,0X00,0X00,0X00,0X00,0XE5,0XE5,
 260          0XE5,0XE5,0XE5,0XE5,0X00,0X00,0X00,0X00,0X00,0X00,0XE5,0XE5,0XE5,0XE5,0XE5,0XE5,
 261          0X00,0X00,0X00,0X00,0X00,0X00,0X00,0X00,0X00,0X00,0X00,0X00,0X00,0X00,0X00,0X00,
 262          0X00,0X00,0X00,0X00,0X00,0X00,0X00,0X00,0X00,0X00,0X00,0X00,0XE5,0XE5,0XE5,0XE5,
 263          0XE5,0XE5,0XE5,0XE5,0X00,0X00,0X00,0X00,0X00,0X00,0X00,0X00,0X00,0X00,0X00,0X00,
 264          0X00,0X00,0X00,0X00,0XE5,0XE5,0XE5,0XE5,0XE5,0XE5,0X00,0X00,0X00,0X00,0XE5,0XE5,
 265          0XE5,0XE5,0XE5,0XE5,0X00,0X00,0X00,0X00,0X00,0X00,0XE5,0XE5,0XE5,0XE5,0XE5,0XE5,
 266          0X00,0X00,0X00,0X00,0X00,0X00,0X00,0X00,0X00,0X00,0X00,0X00,0X00,0X00,0X00,0X00,
 267          0X00,0X00,0X00,0X00,0X00,0X00,0X00,0X00,0X00,0X00,0X00,0X00,0XE5,0XE5,0XE5,0XE5,
 268          0XE5,0XE5,0XE5,0XE5,0X00,0X00,0X00,0X00,0X00,0X00,0X00,0X00,0X00,0X00,0X00,0X00,
 269          0X00,0X00,0X00,0X00,0XE5,0XE5,0XE5,0XE5,0XE5,0XE5,0X00,0X00,0X00,0X00,0XE5,0XE5,
 270          0XE5,0XE5,0XE5,0XE5,0X00,0X00,0X00,0X00,0X00,0X00,0XE5,0XE5,0XE5,0XE5,0XE5,0XE5,
 271          0X00,0X00,0X00,0X00,0X00,0X00,0X00,0X00,0X00,0X00,0X00,0X00,0X00,0X00,0X00,0X00,
 272          0X00,0X00,0X00,0X00,0X00,0X00,0X00,0X00,0X00,0X00,0X00,0X00,0XE5,0XE5,0XE5,0XE5,
 273          0XE5,0XE5,0XE5,0XE5,0X00,0X00,0X00,0X00,0X00,0X00,0XE5,0XE5,0XE5,0XE5,0XE5,0XE5,
 274          0X00,0X00,0X00,0X00,0XE5,0XE5,0XE5,0XE5,0XE5,0XE5,0X00,0X00,0X00,0X00,0XE5,0XE5,
 275          0XE5,0XE5,0XE5,0XE5,0X00,0X00,0X00,0X00,0X00,0X00,0XE5,0XE5,0XE5,0XE5,0XE5,0XE5,
 276          0X00,0X00,0X00,0X00,0X00,0X00,0X00,0X00,0X00,0X00,0X00,0X00,0X00,0X00,0X00,0X00,
 277          0X00,0X00,0X00,0X00,0X00,0X00,0X00,0X00,0X00,0X00,0X00,0X00,0XE5,0XE5,0XE5,0XE5,
 278          0XE5,0XE5,0XE5,0XE5,0X00,0X00,0X00,0X00,0X00,0X00,0XE5,0XE5,0XE5,0XE5,0XE5,0XE5,
 279          0X00,0X00,0X00,0X00,0XE5,0XE5,0XE5,0XE5,0XE5,0XE5,0X00,0X00,0X00,0X00,0XE5,0XE5,
 280          0XE5,0XE5,0XE5,0XE5,0X00,0X00,0X00,0X00,0X00,0X00,0XE5,0XE5,0XE5,0XE5,0XE5,0XE5,
 281          0X00,0X00,0X00,0X00,0X00,0X00,0X00,0X00,0X00,0X00,0X00,0X00,0X00,0X00,0X00,0X00,
 282          0X00,0X00,0X00,0X00,0X00,0X00,0X00,0X00,0X00,0X00,0X00,0X00,0XE5,0XE5,0XE5,0XE5,
 283          0XE5,0XE5,0XE5,0XE5,0X00,0X00,0X00,0X00,0X00,0X00,0XE5,0XE5,0XE5,0XE5,0XE5,0XE5,
 284          0X00,0X00,0X00,0X00,0XE5,0XE5,0XE5,0XE5,0XE5,0XE5,0X00,0X00,0X00,0X00,0XE5,0XE5,
 285          0XE5,0XE5,0XE5,0XE5,0X00,0X00,0X00,0X00,0X00,0X00,0XE5,0XE5,0XE5,0XE5,0XE5,0XE5,
 286          0X00,0X00,0X00,0X00,0X00,0X00,0X00,0X00,0X00,0X00,0X00,0X00,0X00,0X00,0X00,0X00,
 287          0X00,0X00,0X00,0X00,0X00,0X00,0X00,0X00,0X00,0X00,0X00,0X00,0XE5,0XE5,0XE5,0XE5,
 288          0XE5,0XE5,0XE5,0XE5,0X00,0X00,0X00,0X00,0X00,0X00,0XE5,0XE5,0XE5,0XE5,0XE5,0XE5,
 289          0X00,0X00,0X00,0X00,0XE5,0XE5,0XE5,0XE5,0XE5,0XE5,0X00,0X00,0X00,0X00,0XE5,0XE5,
 290          0XE5,0XE5,0XE5,0XE5,0X00,0X00,0X00,0X00,0X00,0X00,0XE5,0XE5,0XE5,0XE5,0XE5,0XE5,
 291          0X00,0X00,0X00,0X00,0X00,0X00,0X00,0X00,0X00,0X00,0X00,0X00,0X00,0X00,0X00,0X00,
 292          0X00,0X00,0X00,0X00,0X00,0X00,0X00,0X00,0X00,0X00,0X00,0X00,0XE5,0XE5,0XE5,0XE5,
 293          0XE5,0XE5,0XE5,0XE5,0X00,0X00,0X00,0X00,0X00,0X00,0XE5,0XE5,0XE5,0XE5,0XE5,0XE5,
 294          0X00,0X00,0X00,0X00,0XE5,0XE5,0XE5,0XE5,0XE5,0XE5,0X00,0X00,0X00,0X00,0XE5,0XE5,
 295          0XE5,0XE5,0XE5,0XE5,0X00,0X00,0X00,0X00,0X00,0X00,0XE5,0XE5,0XE5,0XE5,0XE5,0XE5,
 296          0X00,0X00,0X00,0X00,0X00,0X00,0X00,0X00,0X00,0X00,0X00,0X00,0X00,0X00,0X00,0X00,
 297          0X00,0X00,0X00,0X00,0X00,0X00,0X00,0X00,0X00,0X00,0X00,0X00,0XE5,0XE5,0XE5,0XE5,
 298          0XE5,0XE5,0XE5,0XE5,0X00,0X00,0X00,0X00,0X00,0X00,0XE5,0XE5,0XE5,0XE5,0XE5,0XE5,
 299          0X00,0X00,0X00,0X00,0XE5,0XE5,0XE5,0XE5,0XE5,0XE5,0X00,0X00,0X00,0X00,0XE5,0XE5,
 300          0XE5,0XE5,0XE5,0XE5,0X00,0X00,0X00,0X00,0X00,0X00,0XE5,0XE5,0XE5,0XE5,0XE5,0XE5,
 301          0X00,0X00,0X00,0X00,0X00,0X00,0X00,0X00,0X00,0X00,0X00,0X00,0X00,0X00,0X00,0X00,
 302          0X00,0X00,0X00,0X00,0X00,0X00,0X00,0X00,0X00,0X00,0X00,0X00,0XE5,0XE5,0XE5,0XE5,
C51 COMPILER V9.00   NET                                                                   07/18/2015 17:16:40 PAGE 6   

 303          0XE5,0XE5,0XE5,0XE5,0X00,0X00,0X00,0X00,0X00,0X00,0XE5,0XE5,0XE5,0XE5,0XE5,0XE5,
 304          0X00,0X00,0X00,0X00,0XE5,0XE5,0XE5,0XE5,0XE5,0XE5,0X00,0X00,0X00,0X00,0XE5,0XE5,
 305          0XE5,0XE5,0XE5,0XE5,0X00,0X00,0X00,0X00,0X00,0X00,0XE5,0XE5,0XE5,0XE5,0XE5,0XE5,
 306          0X00,0X00,0X00,0X00,0X00,0X00,0X00,0X00,0X00,0X00,0X00,0X00,0X00,0X00,0X00,0X00,
 307          0X00,0X00,0X00,0X00,0X00,0X00,0X00,0X00,0X00,0X00,0X00,0X00,0XE5,0XE5,0XE5,0XE5,
 308          0XE5,0XE5,0XE5,0XE5,0X00,0X00,0X00,0X00,0X00,0X00,0XE5,0XE5,0XE5,0XE5,0XE5,0XE5,
 309          0X00,0X00,0X00,0X00,0XE5,0XE5,0XE5,0XE5,0XE5,0XE5,0X00,0X00,0X00,0X00,0XE5,0XE5,
 310          0XE5,0XE5,0XE5,0XE5,0X00,0X00,0X00,0X00,0X00,0X00,0XE5,0XE5,0XE5,0XE5,0XE5,0XE5,
 311          0X00,0X00,0X00,0X00,0X00,0X00,0X00,0X00,0X00,0X00,0X00,0X00,0X00,0X00,0X00,0X00,
 312          0X00,0X00,0X00,0X00,0X00,0X00,0X00,0X00,0X00,0X00,0X00,0X00,0XE5,0XE5,0XE5,0XE5,
 313          0XE5,0XE5,0XE5,0XE5,0X00,0X00,0X00,0X00,0X00,0X00,0XE5,0XE5,0XE5,0XE5,0XE5,0XE5,
 314          0X00,0X00,0X00,0X00,0XE5,0XE5,0XE5,0XE5,0XE5,0XE5,0X00,0X00,0X00,0X00,0XE5,0XE5,
 315          0XE5,0XE5,0XE5,0XE5,0X00,0X00,0X00,0X00,0X00,0X00,0XE5,0XE5,0XE5,0XE5,0XE5,0XE5,
 316          0X00,0X00,0X00,0X00,0X00,0X00,0X00,0X00,0X00,0X00,0X00,0X00,0X00,0X00,0X00,0X00,
 317          0X00,0X00,0X00,0X00,0X00,0X00,0X00,0X00,0X00,0X00,0X00,0X00,0XE5,0XE5,0XE5,0XE5,
 318          0XE5,0XE5,0XE5,0XE5,0X00,0X00,0X00,0X00,0X00,0X00,0XE5,0XE5,0XE5,0XE5,0XE5,0XE5,
 319          0X00,0X00,0X00,0X00,0XE5,0XE5,0XE5,0XE5,0XE5,0XE5,0X00,0X00,0X00,0X00,0XE5,0XE5,
 320          0XE5,0XE5,0XE5,0XE5,0X00,0X00,0X00,0X00,0X00,0X00,0XE5,0XE5,0XE5,0XE5,0XE5,0XE5,
 321          0X00,0X00,0X00,0X00,0X00,0X00,0X00,0X00,0X00,0X00,0X00,0X00,0X00,0X00,0X00,0X00,
 322          0X00,0X00,0X00,0X00,0X00,0X00,0X00,0X00,0X00,0X00,0X00,0X00,0XE5,0XE5,0XE5,0XE5,
 323          0XE5,0XE5,0XE5,0XE5,0X00,0X00,0X00,0X00,0X00,0X00,0XE5,0XE5,0XE5,0XE5,0XE5,0XE5,
 324          0X00,0X00,0X00,0X00,0XE5,0XE5,0XE5,0XE5,0XE5,0XE5,0X00,0X00,0X00,0X00,0XE5,0XE5,
 325          0XE5,0XE5,0XE5,0XE5,0X00,0X00,0X00,0X00,0X00,0X00,0XE5,0XE5,0XE5,0XE5,0XE5,0XE5,
 326          0X00,0X00,0X00,0X00,0X00,0X00,0X00,0X00,0X00,0X00,0X00,0X00,0X00,0X00,0X00,0X00,
 327          0X00,0X00,0X00,0X00,0X00,0X00,0X00,0X00,0X00,0X00,0X00,0X00,0XE5,0XE5,0XE5,0XE5,
 328          0XE5,0XE5,0XE5,0XE5,0X00,0X00,0X00,0X00,0X00,0X00,0XE5,0XE5,0XE5,0XE5,0XE5,0XE5,
 329          0X00,0X00,0X00,0X00,0XE5,0XE5,0XE5,0XE5,0XE5,0XE5,0X00,0X00,0X00,0X00,0XE5,0XE5,
 330          0XE5,0XE5,0XE5,0XE5,0X00,0X00,0X00,0X00,0X00,0X00,0XE5,0XE5,0XE5,0XE5,0XE5,0XE5,
 331          0X00,0X00,0X00,0X00,0X00,0X00,0X00,0X00,0X00,0X00,0X00,0X00,0X00,0X00,0X00,0X00,
 332          0X00,0X00,0X00,0X00,0X00,0X00,0X00,0X00,0X00,0X00,0X00,0X00,0XE5,0XE5,0XE5,0XE5,
 333          0XE5,0XE5,0XE5,0XE5,0X00,0X00,0X00,0X00,0X00,0X00,0XE5,0XE5,0XE5,0XE5,0XE5,0XE5,
 334          0X00,0X00,0X00,0X00,0XE5,0XE5,0XE5,0XE5,0XE5,0XE5,0X00,0X00,0X00,0X00,0XE5,0XE5,
 335          0XE5,0XE5,0XE5,0XE5,0X00,0X00,0X00,0X00,0X00,0X00,0XE5,0XE5,0XE5,0XE5,0XE5,0XE5,
 336          0X00,0X00,0X00,0X00,0X00,0X00,0X00,0X00,0X00,0X00,0X00,0X00,0X00,0X00,0X00,0X00,
 337          0X00,0X00,0X00,0X00,0X00,0X00,0X00,0X00,0X00,0X00,0X00,0X00,0XE5,0XE5,0XE5,0XE5,
 338          0XE5,0XE5,0XE5,0XE5,0X00,0X00,0X00,0X00,0X00,0X00,0XE5,0XE5,0XE5,0XE5,0XE5,0XE5,
 339          0X00,0X00,0X00,0X00,0XE5,0XE5,0XE5,0XE5,0XE5,0XE5,0X00,0X00,0X00,0X00,0XE5,0XE5,
 340          0XE5,0XE5,0XE5,0XE5,0X00,0X00,0X00,0X00,0X00,0X00,0XE5,0XE5,0XE5,0XE5,0XE5,0XE5,
 341          0X00,0X00,0X00,0X00,0X00,0X00,0X00,0X00,0X00,0X00,0X00,0X00,0X00,0X00,0X00,0X00,
 342          0X00,0X00,0X00,0X00,0X00,0X00,0X00,0X00,0X00,0X00,0X00,0X00,0XE5,0XE5,0XE5,0XE5,
 343          0XE5,0XE5,0XE5,0XE5,0X00,0X00,0X00,0X00,0X00,0X00,0XE5,0XE5,0XE5,0XE5,0XE5,0XE5,
 344          0X00,0X00,0X00,0X00,0XE5,0XE5,0XE5,0XE5,0XE5,0XE5,0X00,0X00,0X00,0X00,0XE5,0XE5,
 345          0XE5,0XE5,0XE5,0XE5,0X00,0X00,0X00,0X00,0X00,0X00,0XE5,0XE5,0XE5,0XE5,0XE5,0XE5,
 346          0X00,0X00,0X00,0X00,0X00,0X00,0X00,0X00,0X00,0X00,0X00,0X00,0X00,0X00,0X00,0X00,
 347          0X00,0X00,0X00,0X00,0X00,0X00,0X00,0X00,0X00,0X00,0X00,0X00,0XE5,0XE5,0XE5,0XE5,
 348          0XE5,0XE5,0XE5,0XE5,0X00,0X00,0X00,0X00,0X00,0X00,0XE5,0XE5,0XE5,0XE5,0XE5,0XE5,
 349          0X00,0X00,0X00,0X00,0XE5,0XE5,0XE5,0XE5,0XE5,0XE5,0X00,0X00,0X00,0X00,0XE5,0XE5,
 350          0XE5,0XE5,0XE5,0XE5,0X00,0X00,0X00,0X00,0X00,0X00,0XE5,0XE5,0XE5,0XE5,0XE5,0XE5,
 351          0X00,0X00,0X00,0X00,0X00,0X00,0X00,0X00,0X00,0X00,0X00,0X00,0X00,0X00,0X00,0X00,
 352          0X00,0X00,0X00,0X00,0X00,0X00,0X00,0X00,0X00,0X00,0X00,0X00,0XE5,0XE5,0XE5,0XE5,
 353          0XE5,0XE5,0XE5,0XE5,0X00,0X00,0X00,0X00,0X00,0X00,0XE5,0XE5,0XE5,0XE5,0XE5,0XE5,
 354          0X00,0X00,0X00,0X00,0XE5,0XE5,0XE5,0XE5,0XE5,0XE5,0X00,0X00,0X00,0X00,0XE5,0XE5,
 355          0XE5,0XE5,0XE5,0XE5,0X00,0X00,0X00,0X00,0X00,0X00,0XE5,0XE5,0XE5,0XE5,0XE5,0XE5,
 356          0X00,0X00,0X00,0X00,0X00,0X00,0X00,0X00,0X00,0X00,0X00,0X00,0X00,0X00,0X00,0X00,
 357          0X00,0X00,0X00,0X00,0X00,0X00,0X00,0X00,0X00,0X00,0X00,0X00,0XE5,0XE5,0XE5,0XE5,
 358          0XE5,0XE5,0XE5,0XE5,0X00,0X00,0X00,0X00,0X00,0X00,0XE5,0XE5,0XE5,0XE5,0XE5,0XE5,
 359          0X00,0X00,0X00,0X00,0XE5,0XE5,0XE5,0XE5,0XE5,0XE5,0X00,0X00,0X00,0X00,0XE5,0XE5,
 360          0XE5,0XE5,0XE5,0XE5,0X00,0X00,0X00,0X00,0X00,0X00,0XE5,0XE5,0XE5,0XE5,0XE5,0XE5,
 361          0X00,0X00,0X00,0X00,0X00,0X00,0X00,0X00,0X00,0X00,0X00,0X00,0X00,0X00,0X00,0X00,
 362          0X00,0X00,0X00,0X00,0X00,0X00,0X00,0X00,0X00,0X00,0X00,0X00,0X00,0X00,0X00,0X00,
 363          0X00,0X00,0X00,0X00,0X00,0X00,0X00,0X00,0X00,0X00,0X00,0X00,0X00,0X00,0X00,0X00,
 364          0X00,0X00,0X00,0X00,0X00,0X00,0X00,0X00,0X00,0X00,0X00,0X00,0X00,0X00,0X00,0X00,
C51 COMPILER V9.00   NET                                                                   07/18/2015 17:16:40 PAGE 7   

 365          0X00,0X00,0X00,0X00,0X00,0X00,0X00,0X00,0X00,0X00,0X00,0X00,0X00,0X00,0X00,0X00,
 366          0X00,0X00,0X00,0X00,0X00,0X00,0X00,0X00,0X00,0X00,0X00,0X00,0X00,0X00,0X00,0X00,
 367          0X00,0X00,0X00,0X00,0X00,0X00,0X00,0X00,0X00,0X00,0X00,0X00,0X00,0X00,0X00,0X00,
 368          0X00,0X00,0X00,0X00,0X00,0X00,0X00,0X00,0X00,0X00,0X00,0X00,0X00,0X00,0X00,0X00,
 369          0X00,0X00,0X00,0X00,0X00,0X00,0X00,0X00,0X00,0X00,0X00,0X00,0X00,0X00,0X00,0X00,
 370          0X00,0X00,0X00,0X00,0X00,0X00,0X00,0X00,0X00,0X00,0X00,0X00,0X00,0X00,0X00,0X00,
 371          0X00,0X00,0X00,0X00,0X00,0X00,0X00,0X00,0X00,0X00,0X00,0X00,0X00,0X00,0X00,0X00,
 372          0X00,0X00,0X00,0X00,0X00,0X00,0X00,0X00,0X00,0X00,0X00,0X00,0X00,0X00,0X00,0X00,
 373          0X00,0X00,0X00,0X00,0X00,0X00,0X00,0X00,0X00,0X00,0X00,0X00,0X00,0X00,0X00,0X00,
 374          0X00,0X00,0X00,0X00,0X00,0X00,0X00,0X00,0X00,0X00,0X00,0X00,0X00,0X00,0X00,0X00,
 375          0X00,0X00,0X00,0X00,0X00,0X00,0X00,0X00,0X00,0X00,0X00,0X00,0X00,0X00,0X00,0X00,
 376          0X00,0X00,0X00,0X00,0X00,0X00,0X00,0X00,0X00,0X00,0X00,0X00,0X00,0X00,0X00,0X00,
 377          0X00,0X00,0X00,0X00,0X00,0X00,0X00,0X00,0X00,0X00,0X00,0X00,0X00,0X00,0X00,0X00,
 378          0X00,0X00,0X00,0X00,0X00,0X00,0X00,0X00,0X00,0X00,0X00,0X00,0X00,0X00,0X00,0X00,
 379          0X00,0X00,0X00,0X00,0X00,0X00,0X00,0X00,0X00,0X00,0X00,0X00,0X00,0X00,0X00,0X00,
 380          0X00,0X00,0X00,0X00,0X00,0X00,0X00,0X00,0X00,0X00,0X00,0X00,0X00,0X00,0X00,0X00,
 381          0X00,0X00,0X00,0X00,0X00,0X00,0X00,0X00,0X00,0X00,0X00,0X00,0X00,0X00,0X00,0X00,
 382          0X00,0X00,0X00,0X00,0X00,0X00,0X00,0X00,0X00,0X00,0X00,0X00,0X00,0X00,0X00,0X00,
 383          0X00,0X00,0X00,0X00,0X00,0X00,0X00,0X00,0X00,0X00,0X00,0X00,0X00,0X00,0X00,0X00,
 384          0X00,0X00,0X00,0X00,0X00,0X00,0X00,0X00,0X00,0X00,0X00,0X00,0X00,0X00,0X00,0X00,
 385          0X00,0X00,0X00,0X00,0X00,0X00,0X00,0X00,0X00,0X00,0X00,0X00,0X00,0X00,0X00,0X00,
 386          0X00,0X00,0X00,0X00,0X00,0X00,0X00,0X00,0X00,0X00,0X00,0X00,0X00,0X00,0X00,0X00,
 387          0X00,0X00,0X00,0X00,0X00,0X00,0X00,0X00,0X00,0X00,0X00,0X00,0X00,0X00,0X00,0X00,
 388          0X00,0X00,0X00,0X00,0X00,0X00,0X00,0X00,0X00,0X00,0X00,0X00,0X00,0X00,0X00,0X00,
 389          0X00,0X00,0X00,0X00,0X00,0X00,0X00,0X00,0X00,0X00,0X00,0X00,0X00,0X00,0X00,0X00,
 390          0X00,0X00,0X00,0X00,0X00,0X00,0X00,0X00,0X00,0X00,0X00,0X00,0X00,0X00,0X00,0X00,
 391          0X00,0X00,0X00,0X00,0X00,0X00,0X00,0X00,0X00,0X00,0X00,0X00,0X00,0X00,0X00,0X00,
 392          0X00,0X00,0X00,0X00,0X00,0X00,0X00,0X00,0X00,0X00,0X00,0X00,0X00,0X00,0X00,0X00,
 393          0X00,0X00,0X00,0X00,0X00,0X00,0X00,0X00,0X00,0X00,0X00,0X00,0X00,0X00,0X00,0X00,
 394          0X00,0X00,0X00,0X00,0X00,0X00,0X00,0X00,0X00,0X00,0X00,0X00,0X00,0X00,0X00,0X00,
 395          0X00,0X00,0X00,0X00,0X00,0X00,0X00,0X00,0X00,0X00,0X00,0X00,0X00,0X00,0X00,0X00,
 396          0X00,0X00,0X00,0X00,0X00,0X00,0X00,0X00,0X00,0X00,0X00,0X00,0X00,0X00,0X00,0X00,
 397          0X00,0X00,0X00,0X00,0X00,0X00,0X00,0X00,0X00,0X00,0X00,0X00,0X00,0X00,0X00,0X00,
 398          0X00,0X00,0X00,0X00,0X00,0X00,0X00,0X00,0X00,0X00,0X00,0X00,0X00,0X00,0X00,0X00,
 399          0X00,0X00,0X00,0X00,0X00,0X00,0X00,0X00,0X00,0X00,0X00,0X00,0X00,0X00,0X00,0X00,
 400          0X00,0X00,0X00,0X00,0X00,0X00,0X00,0X00,0X00,0X00,0X00,0X00,0X00,0X00,0X00,0X00,
 401          0X00,0X00,0X00,0X00,0X00,0X00,0X00,0X00,0X00,0X00,0X00,0X00,0X00,0X00,0X00,0X00,
 402          };


MODULE INFORMATION:   STATIC OVERLAYABLE
   CODE SIZE        =   ----    ----
   CONSTANT SIZE    =   6400    ----
   XDATA SIZE       =   ----    ----
   PDATA SIZE       =   ----    ----
   DATA SIZE        =   ----    ----
   IDATA SIZE       =   ----    ----
   BIT SIZE         =   ----    ----
END OF MODULE INFORMATION.


C51 COMPILATION COMPLETE.  0 WARNING(S),  0 ERROR(S)
