C51 COMPILER V9.00   NET_SPI                                                               07/14/2015 22:36:43 PAGE 1   


C51 COMPILER V9.00, COMPILATION OF MODULE NET_SPI
OBJECT MODULE PLACED IN ..\out\net_spi.obj
COMPILER INVOKED BY: C:\Keil\C51\BIN\C51.EXE ..\net\eth\net_spi.c LARGE BROWSE INCDIR(..\include\drivers;..\include\app;
                    -..\include\gui;..\net\eth;..\net\USIP) DEBUG OBJECTEXTEND PRINT(..\out\net_spi.lst) OBJECT(..\out\net_spi.obj)

line level    source

   1          
   2          #include "net_spi.h"
   3          #include <STC_12.h>
   4          //typedef unsigned char u8;
   5          //typedef unsigned int u16;
   6          
   7          sbit SON = P1^6;// MISO
   8          sbit SIN = P1^5 ;// MOSI
   9          sbit SCKN = P1^7 ; // SCK
  10          sbit CSN = P5^1 ;// 28J60-- CS
  11          void    SPI1_Init(void)
  12          {
  13   1                      CSN = 1;
  14   1                      SCKN = 0;
  15   1      }
  16          void CS_L(void){CSN = 0;}
  17          void CS_H(void){CSN = 1;}
  18          
  19          unsigned char   SPI1_ReadWrite(unsigned char writedat)
  20          {
  21   1              char i,ret = 0;
  22   1              for(i = 0;i<8;i++)
  23   1              {
  24   2                      
  25   2                      SIN = writedat&0x80;
  26   2                      SCKN = 1;
  27   2                      ret<<=1;
  28   2                      ret|=SON;
  29   2                      writedat = writedat<<1;
  30   2                      SCKN = 0;
  31   2              }
  32   1              return ret;
  33   1      }


MODULE INFORMATION:   STATIC OVERLAYABLE
   CODE SIZE        =     44    ----
   CONSTANT SIZE    =   ----    ----
   XDATA SIZE       =   ----    ----
   PDATA SIZE       =   ----    ----
   DATA SIZE        =   ----    ----
   IDATA SIZE       =   ----    ----
   BIT SIZE         =   ----    ----
END OF MODULE INFORMATION.


C51 COMPILATION COMPLETE.  0 WARNING(S),  0 ERROR(S)
