C51 COMPILER V9.00   RADIO                                                                 07/18/2015 17:16:29 PAGE 1   


C51 COMPILER V9.00, COMPILATION OF MODULE RADIO
OBJECT MODULE PLACED IN ..\out\radio.obj
COMPILER INVOKED BY: C:\Keil\C51\BIN\C51.EXE ..\app\radio.c LARGE BROWSE INCDIR(..\include\drivers;..\include\app;..\inc
                    -lude\gui;..\net\eth;..\net\USIP) DEBUG OBJECTEXTEND PRINT(..\out\radio.lst) OBJECT(..\out\radio.obj)

line level    source

   1          #include <STC_12.h>
   2          #include "tft_9325.h"
   3          #include <stdio.h>
   4          #include "rda5807.h"
   5          #include "touch.h"
   6          #include "app.h"
   7          #include <gui.h>
   8          
   9          void Delay()
  10          {
  11   1              unsigned int i,j;
  12   1              for(i=0;i<500;i++)
  13   1                      for(j=0;j<200;j++);
  14   1      }
  15          
  16          void Radio(void)
  17          {
  18   1              unsigned int freq=914;
  19   1              unsigned int point[2];
  20   1              char str[20];
  21   1              TFT_Init();
  22   1              ClearScreen(White);
  23   1              DrawClose();
  24   1              show_aod();
  25   1              GUI_Rectangle(60,50,260,120,Black,0);                   //绘制款图
  26   1              GUI_Rectangle(61,51,259,119,Yellow,1);
  27   1              GUI_Rectangle(60,120,160,190,Black,0);
  28   1              GUI_Rectangle(160,120,260,190,Black,0);
  29   1      
  30   1              RDA5807_Init(914);
  31   1              sprintf(str,"%2.1fMHz",freq/10.0);                       //初始频率设置
  32   1              TFT_PutStr(135,85,str,Black,Yellow);
  33   1              while(1)
  34   1              {               
  35   2                      T_GetPoint(point);
  36   2                      /*如果按下向左按钮，频率减一*/
  37   2                      if(point[0]>60&&point[0]<160&&point[1]>120&&point[1]<190)
  38   2                      {
  39   3                              GUI_Rectangle(60,120,160,190,Red,0);
  40   3                              if(freq>870)                                                    
  41   3                              freq=freq-1;
  42   3                              Delay();
  43   3                              RDA5807_Set_Freq(freq);
  44   3                              sprintf(str,"%2.1fMHz",freq/10.0);
  45   3                              TFT_PutStr(135,85,str,Black,Yellow);
  46   3                              GUI_Rectangle(60,120,160,190,Black,0);
  47   3                      }
  48   2                      /*如果按下向右按钮，频率加一*/
  49   2                      if(point[0]>160&&point[0]<260&&point[1]>120&&point[1]<190)
  50   2                      {
  51   3                              GUI_Rectangle(160,120,260,190,Red,0);
  52   3                              if(freq<1070)
  53   3                              freq=freq+1;
  54   3                              Delay();
C51 COMPILER V9.00   RADIO                                                                 07/18/2015 17:16:29 PAGE 2   

  55   3                              RDA5807_Set_Freq(freq);
  56   3                              sprintf(str,"%2.1fMHz",freq/10.0);
  57   3                              TFT_PutStr(135,85,str,Black,Yellow);
  58   3                              GUI_Rectangle(160,120,260,190,Black,0);
  59   3                              
  60   3                      }
  61   2                      
  62   2      
  63   2                      T_GetPoint(point);                                      //获取按下屏幕的坐标
  64   2                      if(JugeClose(point)==1)          //是否按下退出按钮
  65   2                              return;         
  66   2                      
  67   2              }
  68   1              
  69   1      }


MODULE INFORMATION:   STATIC OVERLAYABLE
   CODE SIZE        =    782    ----
   CONSTANT SIZE    =      9    ----
   XDATA SIZE       =   ----      26
   PDATA SIZE       =   ----    ----
   DATA SIZE        =   ----    ----
   IDATA SIZE       =   ----    ----
   BIT SIZE         =   ----    ----
END OF MODULE INFORMATION.


C51 COMPILATION COMPLETE.  0 WARNING(S),  0 ERROR(S)
