C51 COMPILER V9.00   TEMPERATURE                                                           07/18/2015 17:16:28 PAGE 1   


C51 COMPILER V9.00, COMPILATION OF MODULE TEMPERATURE
OBJECT MODULE PLACED IN ..\out\temperature.obj
COMPILER INVOKED BY: C:\Keil\C51\BIN\C51.EXE ..\app\temperature.c LARGE BROWSE INCDIR(..\include\drivers;..\include\app;
                    -..\include\gui;..\net\eth;..\net\USIP) DEBUG OBJECTEXTEND PRINT(..\out\temperature.lst) OBJECT(..\out\temperature.obj)

line level    source

   1          
   2          /*      温度监控程序实现*/
   3          #include <tft_9325.h>
   4          #include <tmp75.h>
   5          #include <stdio.h>
   6          #include <string.h>
   7          #include <STC_12.h>
   8          #include <gui.h>
   9          
  10          /*      温度监控程序入口*/
  11          
  12          void Temp75()
  13          {
  14   1              char str[20];
  15   1              float temperature;
  16   1              unsigned int point[2];
  17   1              TFT_Init();
  18   1              TMP75_Init();
  19   1              ClearScreen(White);
  20   1              DrawClose();                    //绘制退出按钮
  21   1              while(1)
  22   1              {               
  23   2                      T_GetPoint(point);
  24   2                      if(JugeClose(point)==1)
  25   2                      {
  26   3                              P4=0XFF;
  27   3                              return;
  28   3                              }
  29   2                      /*根据芯片手册可知，TMP75温度寄存器为12位的只读寄存器，
  30   2                      *需要进行转换，由手册的转换表可知需要将得到的温度乘0.0625*/
  31   2                      temperature=TMP75_Read()*0.0625;          
  32   2                      if(temperature>30)    /*如果温度超过了30度，那么四个LED灯亮起，提示或警告*/
  33   2                      {
  34   3                              P4=0X00;
  35   3                      }
  36   2                      if(temperature<=30)
  37   2                      {
  38   3                              P4=0XFF;
  39   3                      }
  40   2                      sprintf(str,"tempurature is:%.2f",temperature);
  41   2                      TFT_PutStr(90,110,str,Black,White);
  42   2              }
  43   1      }                                                                                


MODULE INFORMATION:   STATIC OVERLAYABLE
   CODE SIZE        =    206    ----
   CONSTANT SIZE    =     20    ----
   XDATA SIZE       =   ----      28
   PDATA SIZE       =   ----    ----
   DATA SIZE        =   ----    ----
   IDATA SIZE       =   ----    ----
   BIT SIZE         =   ----    ----
END OF MODULE INFORMATION.

C51 COMPILER V9.00   TEMPERATURE                                                           07/18/2015 17:16:28 PAGE 2   


C51 COMPILATION COMPLETE.  0 WARNING(S),  0 ERROR(S)
