C51 COMPILER V9.00   TMP                                                                   07/18/2015 17:16:38 PAGE 1   


C51 COMPILER V9.00, COMPILATION OF MODULE TMP
OBJECT MODULE PLACED IN ..\out\tmp.obj
COMPILER INVOKED BY: C:\Keil\C51\BIN\C51.EXE ..\resource\tmp.c LARGE BROWSE INCDIR(..\include\drivers;..\include\app;..\
                    -include\gui;..\net\eth;..\net\USIP) DEBUG OBJECTEXTEND PRINT(..\out\tmp.lst) OBJECT(..\out\tmp.obj)

line level    source

   1          code unsigned char gImage_tmp[7176] = {
   2          0X00,0X00,0X00,0X00,0X00,0X00,0X00,0X00,0X00,0X00,0X00,0X00,0X00,0X00,0X00,0X00,
   3          0X00,0X00,0X00,0X00,0X00,0X00,0X00,0X00,0X00,0X00,0X00,0X00,0X00,0X00,0X00,0X00,
   4          0X00,0X00,0X00,0X00,0X00,0X00,0X00,0X00,0X00,0X00,0X00,0X00,0X00,0X00,0X00,0X00,
   5          0X00,0X00,0X00,0X00,0X00,0X00,0X00,0X00,0X00,0X00,0X00,0X00,0X00,0X00,0X00,0X00,
   6          0X00,0X00,0X00,0X00,0X00,0X00,0X00,0X00,0X00,0X00,0X00,0X00,0X00,0X00,0X00,0X00,
   7          0X00,0X00,0X00,0X00,0X00,0X00,0X00,0X00,0X00,0X00,0X00,0X00,0X00,0X00,0X00,0X00,
   8          0X00,0X00,0X00,0X00,0X00,0X04,0X05,0X05,0X00,0X00,0X00,0X00,0X00,0X00,0X00,0X00,
   9          0X00,0X00,0X00,0X00,0X00,0X00,0X00,0X00,0X00,0X00,0X00,0X00,0X00,0X00,0X00,0X00,
  10          0X00,0X00,0X00,0X00,0X00,0X00,0X00,0X00,0X00,0X00,0X00,0X00,0X00,0X00,0X00,0X00,
  11          0X00,0X00,0X00,0X00,0X00,0X00,0X00,0X00,0X00,0X00,0X00,0X00,0X00,0X00,0X00,0X00,
  12          0X00,0X00,0X00,0X00,0X00,0X00,0X00,0X00,0X00,0X00,0X00,0X00,0X00,0X00,0X00,0X00,
  13          0X00,0X00,0X00,0X00,0X05,0X05,0X05,0X05,0X05,0X05,0X00,0X00,0X00,0X00,0X00,0X00,
  14          0X00,0X00,0X00,0X00,0X00,0X00,0X00,0X00,0X00,0X00,0X00,0X00,0X00,0X00,0X00,0X00,
  15          0X00,0X00,0X00,0X00,0X00,0X00,0X00,0X00,0X00,0X00,0X00,0X00,0X00,0X00,0X00,0X00,
  16          0X00,0X00,0X00,0X00,0X00,0X00,0X00,0X00,0X00,0X00,0X00,0X00,0X00,0X00,0X00,0X00,
  17          0X00,0X00,0X00,0X00,0X00,0X00,0X00,0X00,0X00,0X00,0X00,0X00,0X00,0X00,0X00,0X00,
  18          0X00,0X00,0X00,0X05,0X05,0X4E,0X92,0X6E,0X05,0X05,0X00,0X00,0X00,0X00,0X00,0X00,
  19          0X00,0X00,0X00,0X00,0X00,0X00,0X00,0X00,0X00,0X00,0X00,0X00,0X00,0X00,0X00,0X00,
  20          0X00,0X00,0X00,0X00,0X00,0X00,0X00,0X00,0X00,0X00,0X00,0X00,0X00,0X00,0X00,0X00,
  21          0X00,0X00,0X00,0X00,0X00,0X00,0X00,0X00,0X00,0X00,0X00,0X00,0X00,0X00,0X00,0X00,
  22          0X00,0X00,0X00,0X00,0X00,0X00,0X00,0X00,0X00,0X00,0X00,0X00,0X00,0X00,0X00,0X00,
  23          0X00,0X00,0X04,0X05,0X4E,0XFF,0XFF,0XFF,0XB6,0X05,0X05,0X00,0X00,0X00,0X00,0X00,
  24          0X00,0X00,0X00,0X00,0X00,0X00,0X00,0X00,0X00,0X00,0X00,0X00,0X00,0X00,0X00,0X00,
  25          0X00,0X00,0X00,0X00,0X00,0X00,0X00,0X00,0X00,0X00,0X00,0X00,0X00,0X00,0X00,0X00,
  26          0X00,0X00,0X00,0X00,0X00,0X00,0X00,0X00,0X00,0X00,0X00,0X00,0X00,0X00,0X00,0X00,
  27          0X00,0X00,0X00,0X00,0X00,0X00,0X00,0X00,0X00,0X00,0X00,0X00,0X00,0X00,0X00,0X00,
  28          0X00,0X00,0X05,0X05,0XB6,0XFF,0XFF,0XFF,0XFF,0X4E,0X05,0X00,0X00,0X00,0X00,0X00,
  29          0X00,0X00,0X00,0X00,0X00,0X00,0X00,0X00,0X00,0X00,0X00,0X00,0X00,0X00,0X00,0X00,
  30          0X00,0X00,0X00,0X00,0X00,0X00,0X00,0X00,0X00,0X00,0X00,0X00,0X00,0X00,0X00,0X00,
  31          0X00,0X00,0X00,0X00,0X00,0X00,0X00,0X00,0X00,0X00,0X00,0X00,0X00,0X00,0X00,0X00,
  32          0X00,0X00,0X00,0X00,0X00,0X00,0X00,0X00,0X00,0X00,0X00,0X00,0X00,0X00,0X00,0X00,
  33          0X00,0X00,0X05,0X29,0X96,0XDB,0XFF,0XFF,0XFF,0X4E,0X05,0X00,0X00,0X00,0X00,0X00,
  34          0X00,0X00,0X00,0X00,0X00,0X00,0X00,0X00,0X00,0X00,0X00,0X00,0X00,0X00,0X00,0X00,
  35          0X00,0X00,0X00,0X00,0X00,0X00,0X00,0X00,0X00,0X00,0X00,0X00,0X00,0X00,0X00,0X00,
  36          0X00,0X00,0X00,0X00,0X00,0X00,0X00,0X00,0X00,0X00,0X00,0X00,0X00,0X00,0X00,0X00,
  37          0X00,0X00,0X00,0X00,0X00,0X00,0X00,0X00,0X00,0X00,0X00,0X00,0X00,0X00,0X00,0X00,
  38          0X00,0X00,0X05,0X29,0X96,0XBB,0XFF,0XFF,0XFF,0X4E,0X05,0X00,0X00,0X00,0X00,0X00,
  39          0X00,0X00,0X00,0X00,0X00,0X00,0X00,0X00,0X00,0X00,0X00,0X00,0X00,0X00,0X00,0X00,
  40          0X00,0X00,0X00,0X00,0X00,0X00,0X00,0X00,0X00,0X00,0X00,0X00,0X00,0X00,0X00,0X00,
  41          0X00,0X00,0X00,0X00,0X00,0X00,0X00,0X00,0X00,0X00,0X00,0X00,0X00,0X00,0X00,0X00,
  42          0X00,0X00,0X00,0X00,0X00,0X00,0X00,0X00,0X00,0X00,0X00,0X00,0X00,0X00,0X00,0X00,
  43          0X00,0X00,0X05,0X29,0X96,0XBB,0XFF,0XFF,0XFF,0X4E,0X05,0X00,0X00,0X00,0X00,0X00,
  44          0X00,0X00,0X00,0X00,0X00,0X00,0X00,0X00,0X00,0X00,0X00,0X00,0X00,0X00,0X00,0X00,
  45          0X00,0X00,0X00,0X00,0X00,0X00,0X00,0X00,0X00,0X00,0X00,0X00,0X00,0X00,0X00,0X00,
  46          0X00,0X00,0X00,0X00,0X00,0X00,0X00,0X00,0X00,0X00,0X00,0X00,0X00,0X00,0X00,0X00,
  47          0X00,0X00,0X00,0X00,0X00,0X00,0X00,0X00,0X00,0X00,0X00,0X00,0X00,0X00,0X00,0X00,
  48          0X00,0X00,0X05,0X29,0X96,0XBB,0XFF,0XFF,0XFF,0X4E,0X05,0X00,0X00,0X00,0X00,0X00,
  49          0X00,0X00,0X00,0X00,0X00,0X00,0X00,0X00,0X00,0X00,0X00,0X00,0X00,0X00,0X00,0X00,
  50          0X00,0X00,0X00,0X00,0X00,0X00,0X00,0X00,0X00,0X00,0X00,0X00,0X00,0X00,0X00,0X00,
  51          0X00,0X00,0X00,0X00,0X00,0X00,0X00,0X00,0X00,0X00,0X00,0X00,0X00,0X00,0X00,0X00,
  52          0X00,0X00,0X00,0X00,0X00,0X00,0X00,0X00,0X00,0X00,0X00,0X00,0X00,0X00,0X00,0X00,
  53          0X00,0X00,0X05,0X29,0X96,0XBB,0XFF,0XFF,0XFF,0X4E,0X05,0X00,0X00,0X00,0X00,0X00,
  54          0X00,0X00,0X00,0X00,0X00,0X00,0X00,0X00,0X00,0X00,0X00,0X00,0X00,0X00,0X00,0X00,
C51 COMPILER V9.00   TMP                                                                   07/18/2015 17:16:38 PAGE 2   

  55          0X00,0X00,0X00,0X00,0X00,0X00,0X00,0X00,0X00,0X00,0X00,0X00,0X00,0X00,0X00,0X00,
  56          0X00,0X00,0X00,0X00,0X00,0X00,0X00,0X00,0X00,0X00,0X00,0X00,0X00,0X00,0X00,0X00,
  57          0X00,0X00,0X00,0X00,0X00,0X00,0X00,0X00,0X00,0X00,0X00,0X00,0X00,0X00,0X00,0X00,
  58          0X00,0X00,0X05,0X29,0X96,0XBB,0XFF,0XFF,0XFF,0X4E,0X05,0X00,0X00,0X00,0X00,0X00,
  59          0X00,0X00,0X00,0X00,0X00,0X00,0X00,0X00,0X00,0X00,0X00,0X00,0X00,0X00,0X00,0X00,
  60          0X00,0X00,0X00,0X00,0X00,0X00,0X00,0X00,0X00,0X00,0X00,0X00,0X00,0X00,0X00,0X00,
  61          0X00,0X00,0X00,0X00,0X00,0X00,0X00,0X00,0X00,0X00,0X00,0X00,0X00,0X00,0X00,0X00,
  62          0X00,0X00,0X00,0X00,0X00,0X00,0X00,0X00,0X00,0X00,0X00,0X00,0X00,0X00,0X00,0X00,
  63          0X00,0X00,0X05,0X29,0X96,0XBB,0XFF,0XFF,0XFF,0X4E,0X05,0X00,0X00,0X00,0X00,0X00,
  64          0X00,0X00,0X00,0X00,0X00,0X00,0X00,0X00,0X00,0X00,0X00,0X00,0X00,0X00,0X00,0X00,
  65          0X00,0X00,0X00,0X00,0X00,0X00,0X00,0X00,0X00,0X00,0X00,0X00,0X00,0X00,0X00,0X00,
  66          0X00,0X00,0X00,0X00,0X00,0X00,0X00,0X00,0X00,0X00,0X00,0X00,0X00,0X00,0X00,0X00,
  67          0X00,0X00,0X00,0X00,0X00,0X00,0X00,0X00,0X00,0X00,0X00,0X00,0X00,0X00,0X00,0X00,
  68          0X00,0X00,0X05,0X29,0X96,0XBB,0XFF,0XFF,0XFF,0X4E,0X05,0X00,0X00,0X00,0X00,0X00,
  69          0X00,0X00,0X00,0X00,0X00,0X00,0X00,0X00,0X00,0X00,0X00,0X00,0X00,0X00,0X00,0X00,
  70          0X00,0X00,0X00,0X00,0X00,0X00,0X00,0X00,0X00,0X00,0X00,0X00,0X00,0X00,0X00,0X00,
  71          0X00,0X00,0X00,0X00,0X00,0X00,0X00,0X00,0X00,0X00,0X00,0X00,0X00,0X00,0X00,0X00,
  72          0X00,0X00,0X00,0X00,0X00,0X00,0X00,0X00,0X00,0X00,0X00,0X00,0X00,0X00,0X00,0X00,
  73          0X00,0X00,0X05,0X29,0X96,0XBB,0XFF,0XFF,0XFF,0X4E,0X05,0X00,0X00,0X00,0X00,0X00,
  74          0X00,0X00,0X00,0X00,0X00,0X00,0X00,0X00,0X00,0X00,0X00,0X00,0X00,0X00,0X00,0X00,
  75          0X00,0X00,0X00,0X00,0X00,0X00,0X00,0X00,0X00,0X00,0X00,0X00,0X00,0X00,0X00,0X00,
  76          0X00,0X00,0X00,0X00,0X00,0X00,0X00,0X00,0X00,0X00,0X00,0X00,0X00,0X00,0X00,0X00,
  77          0X00,0X00,0X00,0X00,0X00,0X00,0X00,0X00,0X00,0X00,0X00,0X00,0X00,0X00,0X00,0X00,
  78          0X00,0X00,0X05,0X29,0X96,0XBB,0XFF,0XFF,0XFF,0X4E,0X05,0X00,0X00,0X00,0X00,0X00,
  79          0X00,0X00,0X00,0X00,0X00,0X00,0X00,0X00,0X00,0X00,0X00,0X00,0X00,0X00,0X00,0X00,
  80          0X00,0X00,0X00,0X00,0X00,0X00,0X00,0X00,0X00,0X00,0X00,0X00,0X00,0X00,0X00,0X00,
  81          0X00,0X00,0X00,0X00,0X00,0X00,0X00,0X00,0X00,0X00,0X00,0X00,0X00,0X00,0X00,0X00,
  82          0X00,0X00,0X00,0X00,0X00,0X00,0X00,0X00,0X00,0X00,0X00,0X00,0X00,0X00,0X00,0X00,
  83          0X00,0X00,0X05,0X29,0X96,0XBB,0XFF,0XFF,0XFF,0X4E,0X05,0X00,0X00,0X00,0X00,0X00,
  84          0X00,0X00,0X00,0X00,0X00,0X00,0X00,0X00,0X00,0X04,0X05,0X05,0X05,0X04,0X00,0X00,
  85          0X00,0X00,0X00,0X00,0X00,0X00,0X00,0X00,0X00,0X00,0X00,0X00,0X00,0X00,0X00,0X00,
  86          0X00,0X00,0X00,0X00,0X00,0X00,0X00,0X00,0X00,0X00,0X00,0X00,0X00,0X00,0X00,0X00,
  87          0X00,0X00,0X00,0X00,0X00,0X00,0X00,0X00,0X00,0X00,0X00,0X00,0X00,0X00,0X00,0X00,
  88          0X00,0X00,0X05,0X29,0X96,0XBB,0XFF,0XFF,0XFF,0X4E,0X05,0X00,0X00,0X00,0X00,0X00,
  89          0X00,0X00,0X00,0X00,0X00,0X00,0X00,0X05,0X05,0X05,0X05,0X05,0X05,0X05,0X04,0X00,
  90          0X00,0X00,0X00,0X00,0X00,0X00,0X00,0X00,0X00,0X00,0X00,0X00,0X00,0X00,0X00,0X00,
  91          0X00,0X00,0X00,0X00,0X00,0X00,0X00,0X00,0X00,0X00,0X00,0X00,0X00,0X00,0X00,0X00,
  92          0X00,0X00,0X00,0X00,0X00,0X00,0X00,0X00,0X00,0X00,0X00,0X00,0X00,0X00,0X00,0X00,
  93          0X00,0X00,0X05,0X29,0X96,0XBB,0XFF,0XFF,0XFF,0X4E,0X05,0X00,0X00,0X00,0X00,0X00,
  94          0X00,0X00,0X00,0X00,0X00,0X00,0X05,0X05,0X05,0X05,0X05,0X05,0X4E,0X4E,0X4E,0X05,
  95          0X00,0X00,0X00,0X00,0X00,0X00,0X00,0X00,0X00,0X00,0X00,0X00,0X00,0X00,0X00,0X00,
  96          0X00,0X00,0X00,0X00,0X00,0X00,0X00,0X00,0X00,0X00,0X00,0X00,0X00,0X00,0X00,0X00,
  97          0X00,0X00,0X00,0X00,0X00,0X00,0X00,0X00,0X00,0X00,0X00,0X00,0X00,0X00,0X00,0X00,
  98          0X00,0X00,0X05,0X29,0X96,0XBB,0XFF,0XFF,0XFF,0X4E,0X05,0X00,0X00,0X00,0X00,0X00,
  99          0X00,0X00,0X00,0X00,0X00,0X00,0X05,0X05,0X05,0X05,0X29,0XDB,0XFF,0XFF,0XFF,0XDB,
 100          0X05,0X00,0X00,0X00,0X00,0X05,0X05,0X05,0X05,0X05,0X05,0X05,0X05,0X00,0X00,0X00,
 101          0X00,0X00,0X00,0X00,0X00,0X00,0X00,0X00,0X00,0X00,0X00,0X00,0X00,0X00,0X00,0X00,
 102          0X00,0X00,0X00,0X00,0X00,0X00,0X00,0X00,0X00,0X00,0X00,0X00,0X00,0X00,0X00,0X00,
 103          0X00,0X00,0X05,0X29,0X96,0XBB,0XFF,0XFF,0XFF,0X4E,0X05,0X00,0X00,0X00,0X00,0X00,
 104          0X00,0X00,0X00,0X00,0X00,0X05,0X05,0X05,0X05,0X29,0XFF,0XFF,0XFF,0XDB,0XFF,0XFF,
 105          0XBB,0X00,0X04,0X05,0X05,0X05,0X05,0X05,0X05,0X05,0X05,0X05,0X05,0X05,0X05,0X00,
 106          0X00,0X00,0X00,0X00,0X00,0X00,0X00,0X00,0X00,0X00,0X00,0X00,0X00,0X00,0X00,0X00,
 107          0X00,0X00,0X00,0X00,0X00,0X00,0X00,0X00,0X00,0X00,0X00,0X00,0X00,0X00,0X00,0X00,
 108          0X00,0X00,0X05,0X29,0X96,0XBB,0XFF,0XFF,0XFF,0X4E,0X05,0X00,0X00,0X00,0X00,0X00,
 109          0X00,0X00,0X00,0X00,0X00,0X05,0X05,0X05,0X05,0X92,0XFF,0XDB,0X29,0X05,0X6E,0XFF,
 110          0XFF,0X4E,0X05,0X05,0X05,0X05,0X05,0X05,0X4E,0X72,0X92,0X92,0X72,0X4E,0X25,0X05,
 111          0X00,0X00,0X00,0X00,0X00,0X00,0X00,0X00,0X00,0X00,0X00,0X00,0X00,0X00,0X00,0X00,
 112          0X00,0X00,0X00,0X00,0X00,0X00,0X00,0X00,0X00,0X00,0X00,0X00,0X00,0X00,0X00,0X00,
 113          0X00,0X00,0X05,0X29,0X96,0XBB,0XFF,0XFF,0XFF,0X4E,0X05,0X00,0X00,0X00,0X00,0X00,
 114          0X00,0X00,0X00,0X00,0X00,0X05,0X05,0X05,0X05,0XDB,0XFF,0X72,0X05,0X05,0X05,0XDB,
 115          0XFF,0X72,0X05,0X05,0X05,0X05,0X72,0XDB,0XFF,0XFF,0XFF,0XFF,0XFF,0XFF,0XFF,0X92,
 116          0X05,0X00,0X00,0X00,0X00,0X00,0X00,0X00,0X00,0X00,0X00,0X00,0X00,0X00,0X00,0X00,
C51 COMPILER V9.00   TMP                                                                   07/18/2015 17:16:38 PAGE 3   

 117          0X00,0X00,0X00,0X00,0X00,0X00,0X00,0X00,0X00,0X00,0X00,0X00,0X00,0X00,0X00,0X00,
 118          0X00,0X00,0X05,0X29,0X96,0XBB,0XFF,0XFF,0XFF,0X4E,0X05,0X00,0X00,0X00,0X00,0X00,
 119          0X00,0X00,0X00,0X00,0X00,0X05,0X05,0X05,0X05,0XFF,0XFF,0X4E,0X05,0X05,0X05,0XDB,
 120          0XFF,0X72,0X05,0X05,0X4E,0XDB,0XFF,0XFF,0XFF,0XFF,0XFF,0XFF,0XFF,0XFF,0XFF,0XFF,
 121          0XDF,0X29,0X00,0X00,0X00,0X00,0X00,0X00,0X00,0X00,0X00,0X00,0X00,0X00,0X00,0X00,
 122          0X00,0X00,0X00,0X00,0X00,0X00,0X00,0X00,0X00,0X00,0X00,0X00,0X00,0X00,0X00,0X00,
 123          0X00,0X00,0X05,0X29,0X96,0XBB,0XFF,0XFF,0XFF,0X4E,0X05,0X00,0X00,0X00,0X00,0X00,
 124          0X00,0X00,0X00,0X00,0X00,0X05,0X05,0X05,0X05,0XDB,0XFF,0X92,0X05,0X05,0X29,0XFF,
 125          0XFF,0X6E,0X05,0X4E,0XFF,0XFF,0XFF,0XFF,0XFF,0XFF,0XDB,0XDB,0XDB,0XFF,0XFF,0XFF,
 126          0XFF,0XFF,0X29,0X00,0X00,0X00,0X00,0X00,0X00,0X00,0X00,0X00,0X00,0X00,0X00,0X00,
 127          0X00,0X00,0X00,0X00,0X00,0X00,0X00,0X00,0X00,0X00,0X00,0X00,0X00,0X00,0X00,0X00,
 128          0X00,0X00,0X05,0X29,0X96,0XBB,0XFF,0XFF,0XFF,0X4E,0X05,0X00,0X00,0X00,0X00,0X00,
 129          0X00,0X00,0X00,0X00,0X00,0X05,0X05,0X05,0X05,0XB6,0XFF,0XFF,0X4E,0X29,0XBB,0XFF,
 130          0XDB,0X05,0X29,0XFF,0XFF,0XFF,0XFF,0XDB,0X6E,0X25,0X05,0X05,0X05,0X29,0X6E,0XDF,
 131          0XFF,0XFF,0XFF,0X04,0X00,0X00,0X00,0X00,0X00,0X00,0X00,0X00,0X00,0X00,0X00,0X00,
 132          0X00,0X00,0X00,0X00,0X00,0X00,0X00,0X00,0X00,0X00,0X00,0X00,0X00,0X00,0X00,0X00,
 133          0X00,0X00,0X05,0X29,0X96,0XDB,0XFF,0XFF,0XFF,0X4E,0X05,0X00,0X00,0X00,0X00,0X00,
 134          0X00,0X00,0X00,0X00,0X00,0X04,0X05,0X05,0X05,0X29,0XFF,0XFF,0XFF,0XFF,0XFF,0XFF,
 135          0X4E,0X05,0XDB,0XFF,0XFF,0XFF,0XB6,0X05,0X00,0X05,0X05,0X05,0X05,0X05,0X05,0X29,
 136          0XFF,0XFF,0XFF,0X92,0X00,0X00,0X00,0X00,0X00,0X00,0X00,0X00,0X00,0X00,0X00,0X00,
 137          0X00,0X00,0X00,0X00,0X00,0X00,0X00,0X00,0X00,0X00,0X00,0X00,0X00,0X00,0X00,0X00,
 138          0X00,0X00,0X05,0X25,0XE9,0XE9,0XED,0XED,0XED,0X40,0X05,0X00,0X00,0X00,0X00,0X00,
 139          0X00,0X00,0X00,0X00,0X00,0X00,0X05,0X05,0X05,0X05,0X4E,0XDB,0XFF,0XFF,0XDB,0X4E,
 140          0X05,0X72,0XFF,0XFF,0XFF,0XB6,0X00,0X00,0X00,0X00,0X00,0X00,0X05,0X05,0X05,0X05,
 141          0X72,0XFF,0XFF,0XFF,0X05,0X00,0X00,0X00,0X00,0X00,0X00,0X00,0X00,0X00,0X00,0X00,
 142          0X00,0X00,0X00,0X00,0X00,0X00,0X00,0X00,0X00,0X00,0X00,0X00,0X00,0X00,0X00,0X00,
 143          0X00,0X00,0X05,0X25,0XA0,0XC0,0XE0,0XE0,0XE0,0X40,0X05,0X00,0X00,0X00,0X00,0X00,
 144          0X00,0X00,0X00,0X00,0X00,0X00,0X00,0X05,0X05,0X05,0X05,0X05,0X29,0X29,0X05,0X05,
 145          0X05,0XDB,0XFF,0XFF,0XDF,0X00,0X00,0X00,0X00,0X00,0X00,0X00,0X04,0X05,0X05,0X05,
 146          0X29,0XFF,0XFF,0XFF,0X4E,0X00,0X00,0X00,0X00,0X00,0X00,0X00,0X00,0X00,0X00,0X00,
 147          0X00,0X00,0X00,0X00,0X00,0X00,0X00,0X00,0X00,0X00,0X00,0X00,0X00,0X00,0X00,0X00,
 148          0X00,0X00,0X05,0X25,0XA0,0XC0,0XE0,0XE0,0XE0,0X40,0X05,0X00,0X00,0X00,0X00,0X00,
 149          0X00,0X00,0X00,0X00,0X00,0X00,0X00,0X00,0X04,0X05,0X05,0X05,0X05,0X05,0X05,0X05,
 150          0X4E,0XFF,0XFF,0XFF,0X4E,0X00,0X00,0X00,0X00,0X00,0X00,0X00,0X00,0X05,0X05,0X05,
 151          0X05,0XDB,0XFF,0XFF,0X92,0X00,0X00,0X00,0X00,0X00,0X00,0X00,0X00,0X00,0X00,0X00,
 152          0X00,0X00,0X00,0X00,0X00,0X00,0X00,0X00,0X00,0X00,0X00,0X00,0X00,0X00,0X00,0X00,
 153          0X00,0X00,0X05,0X25,0XA0,0XC0,0XE0,0XE0,0XE0,0X40,0X05,0X00,0X00,0X00,0X00,0X00,
 154          0X00,0X00,0X00,0X00,0X00,0X00,0X00,0X00,0X00,0X00,0X00,0X04,0X05,0X05,0X05,0X05,
 155          0XB6,0XFF,0XFF,0XDB,0X00,0X00,0X00,0X00,0X00,0X00,0X00,0X00,0X00,0X05,0X05,0X05,
 156          0X05,0X92,0XFF,0XFF,0X6E,0X00,0X00,0X00,0X00,0X00,0X00,0X00,0X00,0X00,0X00,0X00,
 157          0X00,0X00,0X00,0X00,0X00,0X00,0X00,0X00,0X00,0X00,0X00,0X00,0X00,0X00,0X00,0X00,
 158          0X00,0X00,0X05,0X25,0XA0,0XC0,0XE0,0XE0,0XE0,0X40,0X05,0X00,0X00,0X00,0X00,0X00,
 159          0X00,0X00,0X00,0X00,0X00,0X00,0X00,0X00,0X00,0X00,0X00,0X00,0X05,0X05,0X05,0X05,
 160          0XDF,0XFF,0XFF,0X72,0X00,0X00,0X00,0X00,0X00,0X00,0X00,0X00,0X00,0X04,0X05,0X05,
 161          0X05,0X29,0XDB,0XB6,0X00,0X00,0X00,0X00,0X00,0X00,0X00,0X00,0X00,0X00,0X00,0X00,
 162          0X00,0X00,0X00,0X00,0X00,0X00,0X00,0X00,0X00,0X00,0X00,0X00,0X00,0X00,0X00,0X00,
 163          0X00,0X00,0X05,0X25,0XA0,0XC0,0XE0,0XE0,0XE0,0X40,0X05,0X00,0X00,0X00,0X00,0X00,
 164          0X00,0X00,0X00,0X00,0X00,0X00,0X00,0X00,0X00,0X00,0X00,0X00,0X05,0X05,0X05,0X29,
 165          0XFF,0XFF,0XFF,0X25,0X00,0X00,0X00,0X00,0X00,0X00,0X00,0X00,0X00,0X00,0X05,0X05,
 166          0X05,0X05,0X05,0X00,0X00,0X00,0X00,0X00,0X00,0X00,0X00,0X00,0X00,0X00,0X00,0X00,
 167          0X00,0X00,0X00,0X00,0X00,0X00,0X00,0X00,0X00,0X00,0X00,0X00,0X00,0X00,0X00,0X00,
 168          0X00,0X00,0X05,0X25,0XA0,0XC0,0XE0,0XE0,0XE0,0X40,0X05,0X00,0X00,0X00,0X00,0X00,
 169          0X00,0X00,0X00,0X00,0X00,0X00,0X00,0X00,0X00,0X00,0X00,0X04,0X05,0X05,0X05,0X4E,
 170          0XFF,0XFF,0XFF,0X00,0X00,0X00,0X00,0X00,0X00,0X00,0X00,0X00,0X00,0X00,0X00,0X00,
 171          0X04,0X00,0X00,0X00,0X00,0X00,0X00,0X00,0X00,0X00,0X00,0X00,0X00,0X00,0X00,0X00,
 172          0X00,0X00,0X00,0X00,0X00,0X00,0X00,0X00,0X00,0X00,0X00,0X00,0X00,0X00,0X00,0X00,
 173          0X00,0X00,0X05,0X25,0XA0,0XC0,0XE0,0XE0,0XE0,0X40,0X05,0X00,0X00,0X00,0X00,0X00,
 174          0X00,0X00,0X00,0X00,0X00,0X00,0X00,0X00,0X00,0X00,0X00,0X04,0X05,0X05,0X05,0X72,
 175          0XFF,0XFF,0XDB,0X00,0X00,0X00,0X00,0X00,0X00,0X00,0X00,0X00,0X00,0X00,0X00,0X00,
 176          0X00,0X00,0X00,0X00,0X00,0X00,0X00,0X00,0X00,0X00,0X00,0X00,0X00,0X00,0X00,0X00,
 177          0X00,0X00,0X00,0X00,0X00,0X00,0X00,0X00,0X00,0X00,0X00,0X00,0X00,0X00,0X00,0X00,
 178          0X00,0X00,0X05,0X25,0XA0,0XC0,0XE0,0XE0,0XE0,0X40,0X05,0X00,0X00,0X00,0X00,0X00,
C51 COMPILER V9.00   TMP                                                                   07/18/2015 17:16:38 PAGE 4   

 179          0X00,0X00,0X00,0X00,0X00,0X00,0X00,0X00,0X00,0X00,0X00,0X05,0X05,0X05,0X05,0X92,
 180          0XFF,0XFF,0XBB,0X00,0X00,0X00,0X00,0X00,0X00,0X00,0X00,0X00,0X00,0X00,0X00,0X00,
 181          0X00,0X00,0X00,0X00,0X00,0X00,0X00,0X00,0X00,0X00,0X00,0X00,0X00,0X00,0X00,0X00,
 182          0X00,0X00,0X00,0X00,0X00,0X00,0X00,0X00,0X00,0X00,0X00,0X00,0X00,0X00,0X00,0X00,
 183          0X00,0X00,0X05,0X25,0XA0,0XC0,0XE0,0XE0,0XE0,0X40,0X05,0X00,0X00,0X00,0X00,0X00,
 184          0X00,0X00,0X00,0X00,0X00,0X00,0X00,0X00,0X00,0X00,0X00,0X05,0X05,0X05,0X05,0X92,
 185          0XFF,0XFF,0XB6,0X00,0X00,0X00,0X00,0X00,0X00,0X00,0X00,0X00,0X00,0X00,0X00,0X00,
 186          0X00,0X00,0X00,0X00,0X00,0X00,0X00,0X00,0X00,0X00,0X00,0X00,0X00,0X00,0X00,0X00,
 187          0X00,0X00,0X00,0X00,0X00,0X00,0X00,0X00,0X00,0X00,0X00,0X00,0X00,0X00,0X00,0X00,
 188          0X00,0X00,0X05,0X25,0XA0,0XC0,0XE0,0XE0,0XE0,0X40,0X05,0X00,0X00,0X00,0X00,0X00,
 189          0X00,0X00,0X00,0X00,0X00,0X00,0X00,0X00,0X00,0X00,0X00,0X05,0X05,0X05,0X05,0X92,
 190          0XFF,0XFF,0XB6,0X00,0X00,0X00,0X00,0X00,0X00,0X00,0X00,0X00,0X00,0X00,0X00,0X00,
 191          0X00,0X00,0X00,0X00,0X00,0X00,0X00,0X00,0X00,0X00,0X00,0X00,0X00,0X00,0X00,0X00,
 192          0X00,0X00,0X00,0X00,0X00,0X00,0X00,0X00,0X00,0X00,0X00,0X00,0X00,0X00,0X00,0X00,
 193          0X00,0X00,0X05,0X25,0XA0,0XC0,0XE0,0XE0,0XE0,0X40,0X05,0X00,0X00,0X00,0X00,0X00,
 194          0X00,0X00,0X00,0X00,0X00,0X00,0X00,0X00,0X00,0X00,0X00,0X05,0X05,0X05,0X05,0X92,
 195          0XFF,0XFF,0XB7,0X00,0X00,0X00,0X00,0X00,0X00,0X00,0X00,0X00,0X00,0X00,0X00,0X00,
 196          0X00,0X00,0X00,0X00,0X00,0X00,0X00,0X00,0X00,0X00,0X00,0X00,0X00,0X00,0X00,0X00,
 197          0X00,0X00,0X00,0X00,0X00,0X00,0X00,0X00,0X00,0X00,0X00,0X00,0X00,0X00,0X00,0X00,
 198          0X00,0X00,0X05,0X25,0XA0,0XC0,0XE0,0XE0,0XE0,0X40,0X05,0X00,0X00,0X00,0X00,0X00,
 199          0X00,0X00,0X00,0X00,0X00,0X00,0X00,0X00,0X00,0X00,0X00,0X04,0X05,0X05,0X05,0X72,
 200          0XFF,0XFF,0XDB,0X00,0X00,0X00,0X00,0X00,0X00,0X00,0X00,0X00,0X00,0X00,0X04,0X05,
 201          0X05,0X05,0X05,0X00,0X00,0X00,0X00,0X00,0X00,0X00,0X00,0X00,0X00,0X00,0X00,0X00,
 202          0X00,0X00,0X00,0X00,0X00,0X00,0X00,0X00,0X00,0X00,0X00,0X00,0X00,0X00,0X00,0X00,
 203          0X00,0X00,0X05,0X25,0XA0,0XC0,0XE0,0XE0,0XE0,0X40,0X05,0X00,0X00,0X00,0X00,0X00,
 204          0X00,0X00,0X00,0X00,0X00,0X00,0X00,0X00,0X00,0X00,0X00,0X04,0X05,0X05,0X05,0X72,
 205          0XFF,0XFF,0XDB,0X00,0X00,0X00,0X00,0X00,0X00,0X00,0X00,0X00,0X00,0X00,0X05,0X05,
 206          0X05,0X05,0X05,0X05,0X00,0X00,0X00,0X00,0X00,0X00,0X00,0X00,0X00,0X00,0X00,0X00,
 207          0X00,0X00,0X00,0X00,0X00,0X00,0X00,0X00,0X00,0X00,0X00,0X00,0X00,0X00,0X00,0X00,
 208          0X00,0X00,0X05,0X25,0XA0,0XC0,0XE0,0XE0,0XE0,0X40,0X05,0X00,0X00,0X00,0X00,0X00,
 209          0X00,0X00,0X00,0X00,0X00,0X00,0X00,0X00,0X00,0X00,0X00,0X00,0X05,0X05,0X05,0X4E,
 210          0XFF,0XFF,0XFF,0X04,0X00,0X00,0X00,0X00,0X00,0X00,0X00,0X00,0X00,0X04,0X05,0X05,
 211          0X05,0X29,0XDB,0XDB,0X25,0X00,0X00,0X00,0X00,0X00,0X00,0X00,0X00,0X00,0X00,0X00,
 212          0X00,0X00,0X00,0X00,0X00,0X00,0X00,0X00,0X00,0X00,0X00,0X00,0X00,0X00,0X00,0X00,
 213          0X00,0X00,0X05,0X25,0XA0,0XC0,0XE0,0XE0,0XE0,0X40,0X05,0X00,0X00,0X00,0X00,0X00,
 214          0X00,0X00,0X00,0X00,0X00,0X00,0X00,0X00,0X00,0X00,0X00,0X00,0X05,0X05,0X05,0X29,
 215          0XFF,0XFF,0XFF,0X29,0X00,0X00,0X00,0X00,0X00,0X00,0X00,0X00,0X00,0X05,0X05,0X05,
 216          0X05,0X92,0XFF,0XFF,0XB6,0X00,0X00,0X00,0X00,0X00,0X00,0X00,0X00,0X00,0X00,0X00,
 217          0X00,0X00,0X00,0X00,0X00,0X00,0X00,0X00,0X00,0X00,0X00,0X00,0X00,0X00,0X00,0X00,
 218          0X00,0X00,0X05,0X25,0XA0,0XC0,0XE0,0XE0,0XE0,0X40,0X05,0X00,0X00,0X00,0X00,0X00,
 219          0X00,0X00,0X00,0X00,0X00,0X00,0X00,0X00,0X00,0X00,0X00,0X00,0X05,0X05,0X05,0X05,
 220          0XDB,0XFF,0XFF,0X72,0X00,0X00,0X00,0X00,0X00,0X00,0X00,0X00,0X00,0X05,0X05,0X05,
 221          0X05,0XDB,0XFF,0XFF,0XB6,0X00,0X00,0X00,0X00,0X00,0X00,0X00,0X00,0X00,0X00,0X00,
 222          0X00,0X00,0X00,0X00,0X00,0X00,0X00,0X00,0X00,0X00,0X00,0X00,0X00,0X00,0X00,0X00,
 223          0X00,0X00,0X05,0X25,0XA0,0XC0,0XE0,0XE0,0XE0,0X40,0X05,0X00,0X00,0X00,0X00,0X00,
 224          0X00,0X00,0X00,0X00,0X00,0X00,0X00,0X00,0X00,0X00,0X00,0X00,0X05,0X05,0X05,0X05,
 225          0XB6,0XFF,0XFF,0XDB,0X00,0X00,0X00,0X00,0X00,0X00,0X00,0X00,0X05,0X05,0X05,0X05,
 226          0X29,0XFF,0XFF,0XFF,0X6E,0X00,0X00,0X00,0X00,0X00,0X00,0X00,0X00,0X00,0X00,0X00,
 227          0X00,0X00,0X00,0X00,0X00,0X00,0X00,0X00,0X00,0X00,0X00,0X00,0X00,0X00,0X00,0X00,
 228          0X00,0X00,0X05,0X25,0XA0,0XC0,0XE0,0XE0,0XE0,0X40,0X05,0X00,0X00,0X00,0X00,0X00,
 229          0X00,0X00,0X00,0X00,0X00,0X00,0X00,0X00,0X00,0X00,0X00,0X00,0X04,0X05,0X05,0X05,
 230          0X4E,0XFF,0XFF,0XFF,0X4E,0X00,0X00,0X00,0X00,0X00,0X00,0X04,0X05,0X05,0X05,0X05,
 231          0X72,0XFF,0XFF,0XFF,0X25,0X00,0X00,0X00,0X00,0X00,0X00,0X00,0X00,0X00,0X00,0X00,
 232          0X00,0X00,0X00,0X00,0X00,0X00,0X00,0X00,0X00,0X00,0X00,0X00,0X00,0X00,0X00,0X00,
 233          0X00,0X00,0X05,0X25,0XA0,0XC0,0XE0,0XE0,0XE0,0X40,0X05,0X00,0X00,0X00,0X00,0X00,
 234          0X00,0X00,0X00,0X00,0X00,0X00,0X00,0X00,0X00,0X00,0X00,0X00,0X00,0X05,0X05,0X05,
 235          0X05,0XDB,0XFF,0XFF,0XDB,0X05,0X00,0X00,0X00,0X00,0X05,0X05,0X05,0X05,0X05,0X05,
 236          0XFF,0XFF,0XFF,0XDB,0X00,0X00,0X00,0X00,0X00,0X00,0X00,0X00,0X00,0X00,0X00,0X00,
 237          0X00,0X00,0X00,0X00,0X00,0X00,0X00,0X00,0X00,0X00,0X00,0X00,0X00,0X00,0X00,0X00,
 238          0X00,0X00,0X05,0X25,0XA0,0XC0,0XE0,0XE0,0XE0,0X40,0X05,0X00,0X00,0X00,0X00,0X00,
 239          0X00,0X00,0X00,0X00,0X00,0X00,0X00,0X00,0X00,0X00,0X00,0X00,0X00,0X05,0X05,0X05,
 240          0X05,0X72,0XFF,0XFF,0XFF,0XB6,0X05,0X05,0X05,0X05,0X05,0X05,0X05,0X05,0X05,0XB6,
C51 COMPILER V9.00   TMP                                                                   07/18/2015 17:16:38 PAGE 5   

 241          0XFF,0XFF,0XFF,0X4E,0X00,0X00,0X00,0X00,0X00,0X00,0X00,0X00,0X00,0X00,0X00,0X00,
 242          0X00,0X00,0X00,0X00,0X00,0X00,0X00,0X00,0X00,0X00,0X00,0X00,0X00,0X00,0X00,0X00,
 243          0X00,0X00,0X05,0X25,0XA0,0XC0,0XE0,0XE0,0XE0,0X40,0X05,0X00,0X00,0X00,0X00,0X00,
 244          0X00,0X00,0X00,0X00,0X00,0X00,0X00,0X00,0X00,0X00,0X00,0X00,0X00,0X00,0X05,0X05,
 245          0X05,0X05,0XDB,0XFF,0XFF,0XFF,0XDB,0X29,0X05,0X05,0X05,0X05,0X05,0X29,0XB6,0XFF,
 246          0XFF,0XFF,0XB6,0X00,0X00,0X00,0X00,0X00,0X00,0X00,0X00,0X00,0X00,0X00,0X00,0X00,
 247          0X00,0X00,0X00,0X00,0X00,0X00,0X00,0X00,0X00,0X00,0X00,0X00,0X00,0X00,0X00,0X00,
 248          0X00,0X00,0X05,0X25,0XA0,0XC0,0XE0,0XE0,0XE0,0X40,0X05,0X00,0X00,0X00,0X00,0X00,
 249          0X00,0X00,0X00,0X00,0X00,0X00,0X00,0X00,0X00,0X00,0X00,0X00,0X00,0X00,0X05,0X05,
 250          0X05,0X05,0X29,0XFF,0XFF,0XFF,0XFF,0XFF,0XB7,0X72,0X72,0X72,0XB6,0XFF,0XFF,0XFF,
 251          0XFF,0XFF,0X05,0X00,0X00,0X00,0X00,0X00,0X00,0X00,0X00,0X00,0X00,0X00,0X00,0X00,
 252          0X00,0X00,0X00,0X00,0X00,0X00,0X00,0X00,0X00,0X00,0X00,0X00,0X00,0X00,0X00,0X00,
 253          0X00,0X00,0X05,0X25,0XA0,0XC0,0XE0,0XE0,0XE0,0X40,0X05,0X00,0X00,0X00,0X00,0X00,
 254          0X00,0X00,0X00,0X00,0X00,0X00,0X00,0X00,0X00,0X00,0X00,0X00,0X00,0X00,0X00,0X05,
 255          0X05,0X05,0X05,0X4E,0XFF,0XFF,0XFF,0XFF,0XFF,0XFF,0XFF,0XFF,0XFF,0XFF,0XFF,0XFF,
 256          0XDF,0X25,0X00,0X00,0X00,0X00,0X00,0X00,0X00,0X00,0X00,0X00,0X00,0X00,0X00,0X00,
 257          0X00,0X00,0X00,0X00,0X00,0X00,0X00,0X00,0X00,0X00,0X00,0X00,0X00,0X00,0X00,0X00,
 258          0X00,0X00,0X05,0X25,0XA0,0XC0,0XE0,0XE0,0XE0,0X40,0X05,0X00,0X00,0X00,0X00,0X00,
 259          0X00,0X00,0X00,0X00,0X00,0X00,0X00,0X00,0X00,0X00,0X00,0X00,0X00,0X00,0X00,0X00,
 260          0X05,0X05,0X05,0X05,0X29,0XDB,0XFF,0XFF,0XFF,0XFF,0XFF,0XFF,0XFF,0XFF,0XFF,0XB6,
 261          0X05,0X00,0X00,0X00,0X00,0X00,0X00,0X00,0X00,0X00,0X00,0X00,0X00,0X00,0X00,0X00,
 262          0X00,0X00,0X00,0X00,0X00,0X00,0X00,0X00,0X00,0X00,0X00,0X00,0X00,0X00,0X00,0X00,
 263          0X00,0X00,0X05,0X25,0XA0,0XC0,0XE0,0XE0,0XE0,0X40,0X05,0X00,0X00,0X00,0X00,0X00,
 264          0X00,0X00,0X00,0X00,0X00,0X00,0X00,0X00,0X00,0X00,0X00,0X00,0X00,0X00,0X00,0X00,
 265          0X00,0X05,0X05,0X05,0X05,0X05,0X6E,0XB7,0XDF,0XFF,0XFF,0XDF,0XBB,0X72,0X29,0X00,
 266          0X00,0X00,0X00,0X00,0X00,0X00,0X00,0X00,0X00,0X00,0X00,0X00,0X00,0X00,0X00,0X00,
 267          0X00,0X00,0X00,0X00,0X00,0X00,0X00,0X00,0X00,0X00,0X00,0X00,0X00,0X00,0X00,0X00,
 268          0X00,0X00,0X05,0X25,0XA0,0XC0,0XE0,0XE0,0XE0,0X40,0X05,0X00,0X00,0X00,0X00,0X00,
 269          0X00,0X00,0X00,0X00,0X00,0X00,0X00,0X00,0X00,0X00,0X00,0X00,0X00,0X00,0X00,0X00,
 270          0X00,0X00,0X05,0X05,0X05,0X05,0X05,0X05,0X05,0X25,0X05,0X05,0X05,0X00,0X00,0X00,
 271          0X00,0X00,0X00,0X00,0X00,0X00,0X00,0X00,0X00,0X00,0X00,0X00,0X00,0X00,0X00,0X00,
 272          0X00,0X00,0X00,0X00,0X00,0X00,0X00,0X00,0X00,0X00,0X00,0X00,0X00,0X00,0X00,0X00,
 273          0X00,0X05,0X05,0X25,0XA0,0XC0,0XE0,0XE0,0XE0,0X40,0X05,0X05,0X00,0X00,0X00,0X00,
 274          0X00,0X00,0X00,0X00,0X00,0X00,0X00,0X00,0X00,0X00,0X00,0X00,0X00,0X00,0X00,0X00,
 275          0X00,0X00,0X00,0X00,0X00,0X05,0X05,0X05,0X05,0X04,0X00,0X00,0X00,0X00,0X00,0X00,
 276          0X00,0X00,0X00,0X00,0X00,0X00,0X00,0X00,0X00,0X00,0X00,0X00,0X00,0X00,0X00,0X00,
 277          0X00,0X00,0X00,0X00,0X00,0X00,0X00,0X00,0X00,0X00,0X00,0X00,0X00,0X00,0X00,0X00,
 278          0X05,0X05,0X05,0X05,0XA0,0XA0,0XC0,0XE0,0XC0,0X60,0X05,0X05,0X05,0X00,0X00,0X00,
 279          0X00,0X00,0X00,0X00,0X00,0X00,0X00,0X00,0X00,0X00,0X00,0X00,0X00,0X00,0X00,0X00,
 280          0X00,0X00,0X00,0X00,0X00,0X00,0X00,0X00,0X00,0X00,0X00,0X00,0X00,0X00,0X00,0X00,
 281          0X00,0X00,0X00,0X00,0X00,0X00,0X00,0X00,0X00,0X00,0X00,0X00,0X00,0X00,0X00,0X00,
 282          0X00,0X00,0X00,0X00,0X00,0X00,0X00,0X00,0X00,0X00,0X00,0X00,0X00,0X00,0X00,0X05,
 283          0X05,0X05,0X60,0XE0,0XE0,0XE0,0XC0,0XC0,0XA0,0XE0,0XC0,0X40,0X05,0X05,0X00,0X00,
 284          0X00,0X00,0X00,0X00,0X00,0X00,0X00,0X00,0X00,0X00,0X00,0X00,0X00,0X00,0X00,0X00,
 285          0X00,0X00,0X00,0X00,0X00,0X00,0X00,0X00,0X00,0X00,0X00,0X00,0X00,0X00,0X00,0X00,
 286          0X00,0X00,0X00,0X00,0X00,0X00,0X00,0X00,0X00,0X00,0X00,0X00,0X00,0X00,0X00,0X00,
 287          0X00,0X00,0X00,0X00,0X00,0X00,0X00,0X00,0X00,0X00,0X00,0X00,0X00,0X00,0X04,0X05,
 288          0X05,0X80,0XE0,0XE0,0XE0,0XE0,0XE0,0XE0,0XE0,0XE0,0XE0,0XE0,0X40,0X05,0X05,0X00,
 289          0X00,0X00,0X00,0X00,0X00,0X00,0X00,0X00,0X00,0X00,0X00,0X00,0X00,0X00,0X00,0X00,
 290          0X00,0X00,0X00,0X00,0X00,0X00,0X00,0X00,0X00,0X00,0X00,0X00,0X00,0X00,0X00,0X00,
 291          0X00,0X00,0X00,0X00,0X00,0X00,0X00,0X00,0X00,0X00,0X00,0X00,0X00,0X00,0X00,0X00,
 292          0X00,0X00,0X00,0X00,0X00,0X00,0X00,0X00,0X00,0X00,0X00,0X00,0X00,0X00,0X05,0X05,
 293          0X80,0XE0,0XE0,0XE4,0XE4,0XE4,0XE0,0XE0,0XE0,0XE0,0XE0,0XE0,0XE0,0X05,0X05,0X00,
 294          0X00,0X00,0X00,0X00,0X00,0X00,0X00,0X00,0X00,0X00,0X00,0X00,0X00,0X00,0X00,0X00,
 295          0X00,0X00,0X00,0X00,0X00,0X00,0X00,0X00,0X00,0X00,0X00,0X00,0X00,0X00,0X00,0X00,
 296          0X00,0X00,0X00,0X00,0X00,0X00,0X00,0X00,0X00,0X00,0X00,0X00,0X00,0X00,0X00,0X00,
 297          0X00,0X00,0X00,0X00,0X00,0X00,0X00,0X00,0X00,0X00,0X00,0X00,0X00,0X04,0X05,0X05,
 298          0XE0,0XE0,0XE4,0XE9,0XE9,0XE4,0XE0,0XE0,0XE0,0XE0,0XE0,0XE0,0XE0,0XA0,0X05,0X05,
 299          0X00,0X00,0X00,0X00,0X00,0X00,0X00,0X00,0X00,0X00,0X00,0X00,0X00,0X00,0X00,0X00,
 300          0X00,0X00,0X00,0X00,0X00,0X00,0X00,0X00,0X00,0X00,0X00,0X00,0X00,0X00,0X00,0X00,
 301          0X00,0X00,0X00,0X00,0X00,0X00,0X00,0X00,0X00,0X00,0X00,0X00,0X00,0X00,0X00,0X00,
 302          0X00,0X00,0X00,0X00,0X00,0X00,0X00,0X00,0X00,0X00,0X00,0X00,0X00,0X05,0X05,0X80,
C51 COMPILER V9.00   TMP                                                                   07/18/2015 17:16:38 PAGE 6   

 303          0XE0,0XE4,0XE9,0XE9,0XE4,0XE4,0XE0,0XE0,0XE0,0XE0,0XE0,0XE0,0XE0,0XE0,0X40,0X05,
 304          0X00,0X00,0X00,0X00,0X00,0X00,0X00,0X00,0X00,0X00,0X00,0X00,0X00,0X00,0X00,0X00,
 305          0X00,0X00,0X00,0X00,0X00,0X00,0X00,0X00,0X00,0X00,0X00,0X00,0X00,0X00,0X00,0X00,
 306          0X00,0X00,0X00,0X00,0X00,0X00,0X00,0X00,0X00,0X00,0X00,0X00,0X00,0X00,0X00,0X00,
 307          0X00,0X00,0X00,0X00,0X00,0X00,0X00,0X00,0X00,0X00,0X00,0X00,0X00,0X05,0X25,0XC0,
 308          0XE0,0XE4,0XE4,0XE4,0XE4,0XE0,0XE0,0XE0,0XE0,0XE0,0XE0,0XE0,0XE0,0XE0,0X80,0X05,
 309          0X00,0X00,0X00,0X00,0X00,0X00,0X00,0X00,0X00,0X00,0X00,0X00,0X00,0X00,0X00,0X00,
 310          0X00,0X00,0X00,0X00,0X00,0X00,0X00,0X00,0X00,0X00,0X00,0X00,0X00,0X00,0X00,0X00,
 311          0X00,0X00,0X00,0X00,0X00,0X00,0X00,0X00,0X00,0X00,0X00,0X00,0X00,0X00,0X00,0X00,
 312          0X00,0X00,0X00,0X00,0X00,0X00,0X00,0X00,0X00,0X00,0X00,0X00,0X00,0X05,0X40,0XC0,
 313          0XE0,0XE0,0XE4,0XE4,0XE0,0XE0,0XE0,0XE0,0XE0,0XE0,0XE0,0XE0,0XE0,0XE0,0XA0,0X05,
 314          0X00,0X00,0X00,0X00,0X00,0X00,0X00,0X00,0X00,0X00,0X00,0X00,0X00,0X00,0X00,0X00,
 315          0X00,0X00,0X00,0X00,0X00,0X00,0X00,0X00,0X00,0X00,0X00,0X00,0X00,0X00,0X00,0X00,
 316          0X00,0X00,0X00,0X00,0X00,0X00,0X00,0X00,0X00,0X00,0X00,0X00,0X00,0X00,0X00,0X00,
 317          0X00,0X00,0X00,0X00,0X00,0X00,0X00,0X00,0X00,0X00,0X00,0X00,0X04,0X05,0X60,0XC0,
 318          0XE0,0XE0,0XE0,0XE0,0XE0,0XE0,0XE0,0XE0,0XE0,0XE0,0XE0,0XE0,0XE0,0XE0,0XC0,0X05,
 319          0X00,0X00,0X00,0X00,0X00,0X00,0X00,0X00,0X00,0X00,0X00,0X00,0X00,0X00,0X00,0X00,
 320          0X00,0X00,0X00,0X00,0X00,0X00,0X00,0X00,0X00,0X00,0X00,0X00,0X00,0X00,0X00,0X00,
 321          0X00,0X00,0X00,0X00,0X00,0X00,0X00,0X00,0X00,0X00,0X00,0X00,0X00,0X00,0X00,0X00,
 322          0X00,0X00,0X00,0X00,0X00,0X00,0X00,0X00,0X00,0X00,0X00,0X00,0X04,0X05,0X60,0XA0,
 323          0XE0,0XE0,0XE0,0XE0,0XE0,0XE0,0XE0,0XE0,0XE0,0XE0,0XE0,0XE0,0XE0,0XE0,0XA0,0X05,
 324          0X00,0X00,0X00,0X00,0X00,0X00,0X00,0X00,0X00,0X00,0X00,0X00,0X00,0X00,0X00,0X00,
 325          0X00,0X00,0X00,0X00,0X00,0X00,0X00,0X00,0X00,0X00,0X00,0X00,0X00,0X00,0X00,0X00,
 326          0X00,0X00,0X00,0X00,0X00,0X00,0X00,0X00,0X00,0X00,0X00,0X00,0X00,0X00,0X00,0X00,
 327          0X00,0X00,0X00,0X00,0X00,0X00,0X00,0X00,0X00,0X00,0X00,0X00,0X04,0X05,0X60,0XA0,
 328          0XC0,0XE0,0XE0,0XE0,0XE0,0XE0,0XE0,0XE0,0XE0,0XE0,0XE0,0XE0,0XE0,0XE0,0XA0,0X05,
 329          0X00,0X00,0X00,0X00,0X00,0X00,0X00,0X00,0X00,0X00,0X00,0X00,0X00,0X00,0X00,0X00,
 330          0X00,0X00,0X00,0X00,0X00,0X00,0X00,0X00,0X00,0X00,0X00,0X00,0X00,0X00,0X00,0X00,
 331          0X00,0X00,0X00,0X00,0X00,0X00,0X00,0X00,0X00,0X00,0X00,0X00,0X00,0X00,0X00,0X00,
 332          0X00,0X00,0X00,0X00,0X00,0X00,0X00,0X00,0X00,0X00,0X00,0X00,0X04,0X05,0X60,0XA0,
 333          0XC0,0XE0,0XE0,0XE0,0XE0,0XE0,0XE0,0XE0,0XE0,0XE0,0XE0,0XE0,0XE0,0XC0,0X80,0X05,
 334          0X00,0X00,0X00,0X00,0X00,0X00,0X00,0X00,0X00,0X00,0X00,0X00,0X00,0X00,0X00,0X00,
 335          0X00,0X00,0X00,0X00,0X00,0X00,0X00,0X00,0X00,0X00,0X00,0X00,0X00,0X00,0X00,0X00,
 336          0X00,0X00,0X00,0X00,0X00,0X00,0X00,0X00,0X00,0X00,0X00,0X00,0X00,0X00,0X00,0X00,
 337          0X00,0X00,0X00,0X00,0X00,0X00,0X00,0X00,0X00,0X00,0X00,0X00,0X00,0X05,0X40,0XA0,
 338          0XA0,0XC0,0XE0,0XE0,0XE0,0XE0,0XE0,0XE0,0XE0,0XE0,0XE0,0XE0,0XE0,0XC0,0X60,0X05,
 339          0X00,0X00,0X00,0X00,0X00,0X00,0X00,0X00,0X00,0X00,0X00,0X00,0X00,0X00,0X00,0X00,
 340          0X00,0X00,0X00,0X00,0X00,0X00,0X00,0X00,0X00,0X00,0X00,0X00,0X00,0X00,0X00,0X00,
 341          0X00,0X00,0X00,0X00,0X00,0X00,0X00,0X00,0X00,0X00,0X00,0X00,0X00,0X00,0X00,0X00,
 342          0X00,0X00,0X00,0X00,0X00,0X00,0X00,0X00,0X00,0X00,0X00,0X00,0X00,0X05,0X25,0XA0,
 343          0XA0,0XC0,0XE0,0XE0,0XE0,0XE0,0XE0,0XE0,0XE0,0XE0,0XE0,0XE0,0XC0,0XA0,0X05,0X05,
 344          0X00,0X00,0X00,0X00,0X00,0X00,0X00,0X00,0X00,0X00,0X00,0X00,0X00,0X00,0X00,0X00,
 345          0X00,0X00,0X00,0X00,0X00,0X00,0X00,0X00,0X00,0X00,0X00,0X00,0X00,0X00,0X00,0X00,
 346          0X00,0X00,0X00,0X00,0X00,0X00,0X00,0X00,0X00,0X00,0X00,0X00,0X00,0X00,0X00,0X00,
 347          0X00,0X00,0X00,0X00,0X00,0X00,0X00,0X00,0X00,0X00,0X00,0X00,0X00,0X05,0X05,0X60,
 348          0XA0,0XA0,0XC0,0XE0,0XE0,0XE0,0XE0,0XE0,0XE0,0XE0,0XE0,0XC0,0XC0,0X80,0X05,0X00,
 349          0X00,0X00,0X00,0X00,0X00,0X00,0X00,0X00,0X00,0X00,0X00,0X00,0X00,0X00,0X00,0X00,
 350          0X00,0X00,0X00,0X00,0X00,0X00,0X00,0X00,0X00,0X00,0X00,0X00,0X00,0X00,0X00,0X00,
 351          0X00,0X00,0X00,0X00,0X00,0X00,0X00,0X00,0X00,0X00,0X00,0X00,0X00,0X00,0X00,0X00,
 352          0X00,0X00,0X00,0X00,0X00,0X00,0X00,0X00,0X00,0X00,0X00,0X00,0X00,0X04,0X05,0X25,
 353          0XC0,0XA0,0XA0,0XC0,0XE0,0XE0,0XE0,0XE0,0XE0,0XE0,0XC0,0XA0,0XA0,0X05,0X05,0X00,
 354          0X00,0X00,0X00,0X00,0X00,0X00,0X00,0X00,0X00,0X00,0X00,0X00,0X00,0X00,0X00,0X00,
 355          0X00,0X00,0X00,0X00,0X00,0X00,0X00,0X00,0X00,0X00,0X00,0X00,0X00,0X00,0X00,0X00,
 356          0X00,0X00,0X00,0X00,0X00,0X00,0X00,0X00,0X00,0X00,0X00,0X00,0X00,0X00,0X00,0X00,
 357          0X00,0X00,0X00,0X00,0X00,0X00,0X00,0X00,0X00,0X00,0X00,0X00,0X00,0X00,0X05,0X05,
 358          0X60,0XC0,0XA0,0XA0,0XE0,0XE0,0XE0,0XE0,0XE0,0XC0,0XA0,0XA0,0X05,0X05,0X00,0X00,
 359          0X00,0X00,0X00,0X00,0X00,0X00,0X00,0X00,0X00,0X00,0X00,0X00,0X00,0X00,0X00,0X00,
 360          0X00,0X00,0X00,0X00,0X00,0X00,0X00,0X00,0X00,0X00,0X00,0X00,0X00,0X00,0X00,0X00,
 361          0X00,0X00,0X00,0X00,0X00,0X00,0X00,0X00,0X00,0X00,0X00,0X00,0X00,0X00,0X00,0X00,
 362          0X00,0X00,0X00,0X00,0X00,0X00,0X00,0X00,0X00,0X00,0X00,0X00,0X00,0X00,0X04,0X05,
 363          0X05,0X60,0XC0,0XA0,0XA0,0XA0,0XC0,0XC0,0XA0,0XA0,0X80,0X05,0X05,0X05,0X00,0X00,
 364          0X00,0X00,0X00,0X00,0X00,0X00,0X00,0X00,0X00,0X00,0X00,0X00,0X00,0X00,0X00,0X00,
C51 COMPILER V9.00   TMP                                                                   07/18/2015 17:16:38 PAGE 7   

 365          0X00,0X00,0X00,0X00,0X00,0X00,0X00,0X00,0X00,0X00,0X00,0X00,0X00,0X00,0X00,0X00,
 366          0X00,0X00,0X00,0X00,0X00,0X00,0X00,0X00,0X00,0X00,0X00,0X00,0X00,0X00,0X00,0X00,
 367          0X00,0X00,0X00,0X00,0X00,0X00,0X00,0X00,0X00,0X00,0X00,0X00,0X00,0X00,0X00,0X05,
 368          0X05,0X05,0X25,0X60,0X80,0X80,0X80,0X80,0X80,0X40,0X05,0X05,0X05,0X00,0X00,0X00,
 369          0X00,0X00,0X00,0X00,0X00,0X00,0X00,0X00,0X00,0X00,0X00,0X00,0X00,0X00,0X00,0X00,
 370          0X00,0X00,0X00,0X00,0X00,0X00,0X00,0X00,0X00,0X00,0X00,0X00,0X00,0X00,0X00,0X00,
 371          0X00,0X00,0X00,0X00,0X00,0X00,0X00,0X00,0X00,0X00,0X00,0X00,0X00,0X00,0X00,0X00,
 372          0X00,0X00,0X00,0X00,0X00,0X00,0X00,0X00,0X00,0X00,0X00,0X00,0X00,0X00,0X00,0X00,
 373          0X04,0X05,0X05,0X05,0X25,0X25,0X25,0X25,0X05,0X05,0X05,0X04,0X00,0X00,0X00,0X00,
 374          0X00,0X00,0X00,0X00,0X00,0X00,0X00,0X00,0X00,0X00,0X00,0X00,0X00,0X00,0X00,0X00,
 375          0X00,0X00,0X00,0X00,0X00,0X00,0X00,0X00,0X00,0X00,0X00,0X00,0X00,0X00,0X00,0X00,
 376          0X00,0X00,0X00,0X00,0X00,0X00,0X00,0X00,0X00,0X00,0X00,0X00,0X00,0X00,0X00,0X00,
 377          0X00,0X00,0X00,0X00,0X00,0X00,0X00,0X00,0X00,0X00,0X00,0X00,0X00,0X00,0X00,0X00,
 378          0X00,0X00,0X04,0X05,0X05,0X05,0X05,0X05,0X05,0X04,0X00,0X00,0X00,0X00,0X00,0X00,
 379          0X00,0X00,0X00,0X00,0X00,0X00,0X00,0X00,0X00,0X00,0X00,0X00,0X00,0X00,0X00,0X00,
 380          0X00,0X00,0X00,0X00,0X00,0X00,0X00,0X00,0X00,0X00,0X00,0X00,0X00,0X00,0X00,0X00,
 381          0X00,0X00,0X00,0X00,0X00,0X00,0X00,0X00,0X00,0X00,0X00,0X00,0X00,0X00,0X00,0X00,
 382          0X00,0X00,0X00,0X00,0X00,0X00,0X00,0X00,0X00,0X00,0X00,0X00,0X00,0X00,0X00,0X00,
 383          0X00,0X00,0X00,0X00,0X00,0X00,0X00,0X00,0X00,0X00,0X00,0X00,0X00,0X00,0X00,0X00,
 384          0X00,0X00,0X00,0X00,0X00,0X00,0X00,0X00,0X00,0X00,0X00,0X00,0X00,0X00,0X00,0X00,
 385          0X00,0X00,0X00,0X00,0X00,0X00,0X00,0X00,0X00,0X00,0X00,0X00,0X00,0X00,0X00,0X00,
 386          0X00,0X00,0X00,0X00,0X00,0X00,0X00,0X00,0X00,0X00,0X00,0X00,0X00,0X00,0X00,0X00,
 387          0X00,0X00,0X00,0X00,0X00,0X00,0X00,0X00,0X00,0X00,0X00,0X00,0X00,0X00,0X00,0X00,
 388          0X00,0X00,0X00,0X00,0X00,0X00,0X00,0X00,0X00,0X00,0X00,0X00,0X00,0X00,0X00,0X00,
 389          0X00,0X00,0X00,0X00,0X00,0X00,0X00,0X00,0X00,0X00,0X00,0X00,0X00,0X00,0X00,0X00,
 390          0X00,0X00,0X00,0X00,0X00,0X00,0X00,0X00,0X00,0X00,0X00,0X00,0X00,0X00,0X00,0X00,
 391          0X00,0X00,0X00,0X00,0X00,0X00,0X00,0X00,0X00,0X00,0X00,0X00,0X00,0X00,0X00,0X00,
 392          0X00,0X00,0X00,0X00,0X00,0X00,0X00,0X00,0X00,0X00,0X00,0X00,0X00,0X00,0X00,0X00,
 393          0X00,0X00,0X00,0X00,0X00,0X00,0X00,0X00,0X00,0X00,0X00,0X00,0X00,0X00,0X00,0X00,
 394          0X00,0X00,0X00,0X00,0X00,0X00,0X00,0X00,0X00,0X00,0X00,0X00,0X00,0X00,0X00,0X00,
 395          0X00,0X00,0X00,0X00,0X00,0X00,0X00,0X00,0X00,0X00,0X00,0X00,0X00,0X00,0X00,0X00,
 396          0X00,0X00,0X00,0X00,0X00,0X00,0X00,0X00,0X00,0X00,0X00,0X00,0X00,0X00,0X00,0X00,
 397          0X00,0X00,0X00,0X00,0X00,0X00,0X00,0X00,0X00,0X00,0X00,0X00,0X00,0X00,0X00,0X00,
 398          0X00,0X00,0X00,0X00,0X00,0X00,0X00,0X00,0X00,0X00,0X00,0X00,0X00,0X00,0X00,0X00,
 399          0X00,0X00,0X00,0X00,0X00,0X00,0X00,0X00,0X00,0X00,0X00,0X00,0X00,0X00,0X00,0X00,
 400          0X00,0X00,0X00,0X00,0X00,0X00,0X00,0X00,0X00,0X00,0X00,0X00,0X00,0X00,0X00,0X00,
 401          0X00,0X00,0X00,0X00,0X00,0X00,0X00,0X00,0X00,0X00,0X00,0X00,0X00,0X00,0X00,0X00,
 402          };


MODULE INFORMATION:   STATIC OVERLAYABLE
   CODE SIZE        =   ----    ----
   CONSTANT SIZE    =   7176    ----
   XDATA SIZE       =   ----    ----
   PDATA SIZE       =   ----    ----
   DATA SIZE        =   ----    ----
   IDATA SIZE       =   ----    ----
   BIT SIZE         =   ----    ----
END OF MODULE INFORMATION.


C51 COMPILATION COMPLETE.  0 WARNING(S),  0 ERROR(S)
