C51 COMPILER V9.00   YOU                                                                   07/18/2015 17:16:42 PAGE 1   


C51 COMPILER V9.00, COMPILATION OF MODULE YOU
OBJECT MODULE PLACED IN ..\out\you.obj
COMPILER INVOKED BY: C:\Keil\C51\BIN\C51.EXE ..\resource\you.c LARGE BROWSE INCDIR(..\include\drivers;..\include\app;..\
                    -include\gui;..\net\eth;..\net\USIP) DEBUG OBJECTEXTEND PRINT(..\out\you.lst) OBJECT(..\out\you.obj)

line level    source

   1          code unsigned char gImage_you[6664] = { /* 0X08,0X08,0X62,0X00,0X44,0X00, */
   2          0X92,0X92,0X92,0X92,0X92,0X92,0X92,0X92,0X92,0X92,0X92,0X92,0X92,0X92,0X92,0X92,
   3          0X92,0X92,0X92,0X92,0X92,0X92,0X92,0X92,0X92,0X92,0X92,0X92,0X92,0X92,0X92,0X92,
   4          0X92,0X92,0X92,0X92,0X92,0X92,0X92,0X92,0X92,0X92,0X92,0X92,0X92,0X92,0X92,0X92,
   5          0X92,0X92,0X92,0X92,0X92,0X92,0X92,0X92,0X92,0X92,0X92,0X92,0X92,0X92,0X92,0X92,
   6          0X92,0X92,0X92,0X92,0X92,0X92,0X92,0X92,0X92,0X92,0X92,0X92,0X92,0X92,0X92,0X92,
   7          0X92,0X92,0X92,0X92,0X92,0X92,0X92,0X92,0X92,0X92,0X92,0X92,0X92,0X92,0X92,0X92,
   8          0X92,0X92,0X92,0X92,0X92,0X92,0X92,0X92,0X92,0X92,0X92,0X92,0X92,0X92,0X92,0X92,
   9          0X92,0X92,0X92,0X92,0X92,0X92,0X92,0X92,0X92,0X92,0X92,0X92,0X92,0X92,0X92,0X92,
  10          0X92,0X92,0X92,0X92,0X92,0X92,0X92,0X92,0X92,0X92,0X92,0X92,0X92,0X92,0X92,0X92,
  11          0X92,0X92,0X92,0X92,0X92,0X92,0X92,0X92,0X92,0X92,0X92,0X92,0X92,0X92,0X92,0X92,
  12          0X92,0X92,0X92,0X92,0X92,0X92,0X92,0X92,0X92,0X92,0X92,0X92,0X92,0X92,0X92,0X92,
  13          0X92,0X92,0X92,0X92,0X92,0X92,0X92,0X92,0X92,0X92,0X92,0X92,0X92,0X92,0X92,0X92,
  14          0X92,0X92,0X92,0X92,0X92,0X92,0X92,0X92,0X92,0X92,0X92,0X92,0X92,0X92,0X92,0X92,
  15          0X92,0X92,0X92,0X92,0X92,0X92,0X92,0X92,0X92,0X92,0X92,0X92,0X92,0X92,0X92,0X92,
  16          0X92,0X92,0X92,0X92,0X92,0X92,0X92,0X92,0X92,0X92,0X92,0X92,0X92,0X92,0X92,0X92,
  17          0X92,0X92,0X92,0X92,0X92,0X92,0X92,0X92,0X92,0X92,0X92,0X92,0X92,0X92,0X92,0X92,
  18          0X92,0X92,0X92,0X92,0X92,0X92,0X92,0X92,0X92,0X92,0X92,0X92,0X92,0X92,0X92,0X92,
  19          0X92,0X92,0X92,0X92,0X92,0X92,0X92,0X92,0X92,0X92,0X92,0X92,0X92,0X92,0X92,0X92,
  20          0X92,0X92,0X92,0X92,0X92,0X92,0X92,0X92,0X92,0X92,0X92,0X92,0X92,0X92,0X92,0X92,
  21          0X92,0X92,0X92,0X92,0X92,0X92,0X92,0X92,0X92,0X92,0X92,0X92,0X92,0X92,0X92,0X92,
  22          0X92,0X92,0X92,0X92,0X92,0X92,0X92,0X92,0X92,0X92,0X92,0X92,0X92,0X92,0X92,0X92,
  23          0X92,0X92,0X92,0X92,0X92,0X92,0X92,0X92,0X92,0X92,0X92,0X92,0X92,0X92,0X92,0X92,
  24          0X92,0X92,0X92,0X92,0X92,0X92,0X92,0X92,0X92,0X92,0X92,0X92,0X92,0X92,0X92,0X92,
  25          0X92,0X92,0X92,0X92,0X92,0X92,0X92,0X92,0X92,0X92,0X92,0X92,0X92,0X92,0X92,0X92,
  26          0X92,0X92,0X92,0X92,0X92,0X92,0X92,0X92,0X92,0X92,0X92,0X92,0X92,0X92,0X92,0X92,
  27          0X92,0X92,0X92,0X92,0X92,0X92,0X92,0X92,0X92,0X92,0X92,0X92,0X92,0X92,0X92,0X92,
  28          0X92,0X92,0X92,0X92,0X92,0X92,0X92,0X92,0X92,0X92,0X92,0X92,0X92,0X92,0X92,0X92,
  29          0X92,0X92,0X92,0X92,0X92,0X92,0X92,0X92,0X92,0X92,0X92,0X92,0X92,0X92,0X92,0X92,
  30          0X92,0X92,0X92,0X92,0X92,0X92,0X92,0X92,0X92,0X92,0X92,0X92,0X92,0X92,0X92,0X92,
  31          0X92,0X92,0X92,0X92,0X92,0X92,0X92,0X92,0X92,0X92,0X92,0X92,0X92,0X92,0X92,0X92,
  32          0X92,0X92,0X92,0X92,0X92,0X92,0X92,0X92,0X92,0X92,0X92,0X92,0X92,0X92,0X92,0X92,
  33          0X92,0X92,0X92,0X92,0X92,0X92,0X92,0X92,0X92,0X92,0X92,0X92,0X92,0X92,0X92,0X92,
  34          0X92,0X92,0X92,0X92,0X92,0X92,0X92,0X92,0X92,0X92,0X92,0X92,0X92,0X92,0X92,0X92,
  35          0X92,0X92,0X92,0X92,0X92,0X92,0X92,0X92,0X92,0X92,0X92,0X17,0X92,0X92,0X92,0X92,
  36          0X92,0X92,0X92,0X92,0X92,0X92,0X92,0X92,0X92,0X92,0X92,0X92,0X92,0X92,0X92,0X92,
  37          0X92,0X92,0X92,0X92,0X92,0X92,0X92,0X92,0X92,0X92,0X92,0X92,0X92,0X92,0X92,0X92,
  38          0X92,0X92,0X92,0X92,0X92,0X92,0X92,0X92,0X92,0X92,0X92,0X92,0X92,0X92,0X92,0X92,
  39          0X92,0X92,0X92,0X92,0X92,0X92,0X92,0X92,0X92,0X92,0X92,0X92,0X92,0X92,0X92,0X92,
  40          0X92,0X92,0X92,0X92,0X92,0X92,0X92,0X92,0X92,0X92,0X92,0X92,0X92,0X92,0X92,0X92,
  41          0X92,0X92,0X92,0X92,0X92,0X92,0X92,0X92,0X92,0X92,0X92,0X92,0X92,0X17,0X17,0X17,
  42          0X92,0X92,0X92,0X92,0X92,0X92,0X92,0X92,0X92,0X92,0X92,0X92,0X92,0X92,0X92,0X92,
  43          0X92,0X92,0X92,0X92,0X92,0X92,0X92,0X92,0X92,0X92,0X92,0X92,0X92,0X92,0X92,0X92,
  44          0X92,0X92,0X92,0X92,0X92,0X92,0X92,0X92,0X92,0X92,0X92,0X92,0X92,0X92,0X92,0X92,
  45          0X92,0X92,0X92,0X92,0X92,0X92,0X92,0X92,0X92,0X92,0X92,0X92,0X92,0X92,0X92,0X92,
  46          0X92,0X92,0X92,0X92,0X92,0X92,0X92,0X92,0X92,0X92,0X92,0X92,0X92,0X92,0X92,0X92,
  47          0X92,0X92,0X92,0X92,0X92,0X92,0X92,0X92,0X92,0X92,0X92,0X92,0X92,0X92,0X92,0X17,
  48          0X17,0X17,0X17,0X92,0X92,0X92,0X92,0X92,0X92,0X92,0X92,0X92,0X92,0X92,0X92,0X92,
  49          0X92,0X92,0X92,0X92,0X92,0X92,0X92,0X92,0X92,0X92,0X92,0X92,0X92,0X92,0X92,0X92,
  50          0X92,0X92,0X92,0X92,0X92,0X92,0X92,0X92,0X92,0X92,0X92,0X92,0X92,0X92,0X92,0X92,
  51          0X92,0X92,0X92,0X92,0X92,0X92,0X92,0X92,0X92,0X92,0X92,0X92,0X92,0X92,0X92,0X92,
  52          0X92,0X92,0X92,0X92,0X92,0X92,0X92,0X92,0X92,0X92,0X92,0X92,0X92,0X92,0X92,0X92,
  53          0X92,0X92,0X92,0X92,0X92,0X92,0X92,0X92,0X92,0X92,0X92,0X92,0X92,0X92,0X92,0X92,
  54          0X92,0X17,0X17,0X17,0X17,0X17,0X92,0X92,0X92,0X92,0X92,0X92,0X92,0X92,0X92,0X92,
C51 COMPILER V9.00   YOU                                                                   07/18/2015 17:16:42 PAGE 2   

  55          0X92,0X92,0X92,0X92,0X92,0X92,0X92,0X92,0X92,0X92,0X92,0X92,0X92,0X92,0X92,0X92,
  56          0X92,0X92,0X92,0X92,0X92,0X92,0X92,0X92,0X92,0X92,0X92,0X92,0X92,0X92,0X92,0X92,
  57          0X92,0X92,0X92,0X92,0X92,0X92,0X92,0X92,0X92,0X92,0X92,0X92,0X92,0X92,0X92,0X92,
  58          0X92,0X92,0X92,0X92,0X92,0X92,0X92,0X92,0X92,0X92,0X92,0X92,0X92,0X92,0X92,0X92,
  59          0X92,0X92,0X92,0X92,0X92,0X92,0X92,0X92,0X92,0X92,0X92,0X92,0X92,0X92,0X92,0X92,
  60          0X92,0X92,0X92,0X17,0X17,0X17,0X17,0X17,0X17,0X17,0X92,0X92,0X92,0X92,0X92,0X92,
  61          0X92,0X92,0X92,0X92,0X92,0X92,0X92,0X92,0X92,0X92,0X92,0X92,0X92,0X92,0X92,0X92,
  62          0X92,0X92,0X92,0X92,0X92,0X92,0X92,0X92,0X92,0X92,0X92,0X92,0X92,0X92,0X92,0X92,
  63          0X92,0X92,0X92,0X92,0X92,0X92,0X92,0X92,0X92,0X92,0X92,0X92,0X92,0X92,0X92,0X92,
  64          0X92,0X92,0X92,0X92,0X92,0X92,0X92,0X92,0X92,0X92,0X92,0X92,0X92,0X92,0X92,0X92,
  65          0X92,0X92,0X92,0X92,0X92,0X92,0X92,0X92,0X92,0X92,0X92,0X92,0X92,0X92,0X92,0X92,
  66          0X92,0X92,0X92,0X92,0X92,0X17,0X17,0X17,0X17,0X17,0X17,0X17,0X17,0X92,0X92,0X92,
  67          0X92,0X92,0X92,0X92,0X92,0X92,0X92,0X92,0X92,0X92,0X92,0X92,0X92,0X92,0X92,0X92,
  68          0X92,0X92,0X92,0X92,0X92,0X92,0X92,0X92,0X92,0X92,0X92,0X92,0X92,0X92,0X92,0X92,
  69          0X92,0X92,0X92,0X92,0X92,0X92,0X92,0X92,0X92,0X92,0X92,0X92,0X92,0X92,0X92,0X92,
  70          0X92,0X92,0X92,0X92,0X92,0X92,0X92,0X92,0X92,0X92,0X92,0X92,0X92,0X92,0X92,0X92,
  71          0X92,0X92,0X92,0X92,0X92,0X92,0X92,0X92,0X92,0X92,0X92,0X92,0X92,0X92,0X92,0X92,
  72          0X92,0X92,0X92,0X92,0X92,0X92,0X92,0X17,0X17,0X17,0X17,0X17,0X17,0X17,0X17,0X17,
  73          0X17,0X92,0X92,0X92,0X92,0X92,0X92,0X92,0X92,0X92,0X92,0X92,0X92,0X92,0X92,0X92,
  74          0X92,0X92,0X92,0X92,0X92,0X92,0X92,0X92,0X92,0X92,0X92,0X92,0X92,0X92,0X92,0X92,
  75          0X92,0X92,0X92,0X92,0X92,0X92,0X92,0X92,0X92,0X92,0X92,0X92,0X92,0X92,0X92,0X92,
  76          0X92,0X92,0X92,0X92,0X92,0X92,0X92,0X92,0X92,0X92,0X92,0X92,0X92,0X92,0X92,0X92,
  77          0X92,0X92,0X92,0X92,0X92,0X92,0X92,0X92,0X92,0X92,0X92,0X92,0X92,0X92,0X92,0X92,
  78          0X92,0X92,0X92,0X92,0X92,0X92,0X92,0X92,0X92,0X17,0X17,0X17,0X17,0X17,0X17,0X17,
  79          0X17,0X17,0X17,0X17,0X92,0X92,0X92,0X92,0X92,0X92,0X92,0X92,0X92,0X92,0X92,0X92,
  80          0X92,0X92,0X92,0X92,0X92,0X92,0X92,0X92,0X92,0X92,0X92,0X92,0X92,0X92,0X92,0X92,
  81          0X92,0X92,0X92,0X92,0X92,0X92,0X92,0X92,0X92,0X92,0X92,0X92,0X92,0X92,0X92,0X92,
  82          0X92,0X92,0X92,0X92,0X92,0X92,0X92,0X92,0X92,0X92,0X92,0X92,0X92,0X92,0X92,0X92,
  83          0X92,0X92,0X92,0X92,0X92,0X92,0X92,0X92,0X92,0X92,0X92,0X92,0X92,0X92,0X92,0X92,
  84          0X92,0X92,0X92,0X92,0X92,0X92,0X92,0X92,0X92,0X92,0X92,0X17,0X17,0X17,0X17,0X17,
  85          0X17,0X17,0X17,0X17,0X17,0X17,0X17,0X17,0X92,0X92,0X92,0X92,0X92,0X92,0X92,0X92,
  86          0X92,0X92,0X92,0X92,0X92,0X92,0X92,0X92,0X92,0X92,0X92,0X92,0X92,0X92,0X92,0X92,
  87          0X92,0X92,0X92,0X92,0X92,0X92,0X92,0X92,0X92,0X92,0X92,0X92,0X92,0X92,0X92,0X92,
  88          0X92,0X92,0X92,0X92,0X92,0X92,0X92,0X92,0X92,0X92,0X92,0X92,0X92,0X92,0X92,0X92,
  89          0X92,0X92,0X92,0X92,0X92,0X92,0X92,0X92,0X92,0X92,0X92,0X92,0X92,0X92,0X92,0X92,
  90          0X92,0X92,0X92,0X92,0X92,0X92,0X92,0X92,0X92,0X92,0X92,0X92,0X92,0X17,0X17,0X17,
  91          0X17,0X17,0X17,0X17,0X17,0X17,0X17,0X17,0X17,0X17,0X17,0X92,0X92,0X92,0X92,0X92,
  92          0X92,0X92,0X92,0X92,0X92,0X92,0X92,0X92,0X92,0X92,0X92,0X92,0X92,0X92,0X92,0X92,
  93          0X92,0X92,0X92,0X92,0X92,0X92,0X92,0X92,0X92,0X92,0X92,0X92,0X92,0X92,0X92,0X92,
  94          0X92,0X92,0X92,0X92,0X92,0X92,0X92,0X92,0X92,0X92,0X92,0X92,0X92,0X92,0X92,0X92,
  95          0X92,0X92,0X92,0X92,0X92,0X92,0X92,0X92,0X92,0X92,0X92,0X92,0X92,0X92,0X92,0X92,
  96          0X92,0X92,0X92,0X92,0X92,0X92,0X92,0X92,0X92,0X92,0X92,0X92,0X92,0X92,0X92,0X17,
  97          0X17,0X17,0X17,0X17,0X17,0X17,0X17,0X17,0X17,0X17,0X17,0X17,0X17,0X17,0X92,0X92,
  98          0X92,0X92,0X92,0X92,0X92,0X92,0X92,0X92,0X92,0X92,0X92,0X92,0X92,0X92,0X92,0X92,
  99          0X92,0X92,0X92,0X92,0X92,0X92,0X92,0X92,0X92,0X92,0X92,0X92,0X92,0X92,0X92,0X92,
 100          0X92,0X92,0X92,0X92,0X92,0X92,0X92,0X92,0X92,0X92,0X92,0X92,0X92,0X92,0X92,0X92,
 101          0X92,0X92,0X92,0X92,0X92,0X92,0X92,0X92,0X92,0X92,0X92,0X92,0X92,0X92,0X92,0X92,
 102          0X92,0X92,0X92,0X92,0X92,0X92,0X92,0X92,0X92,0X92,0X92,0X92,0X92,0X92,0X92,0X92,
 103          0X92,0X17,0X17,0X17,0X17,0X17,0X17,0X17,0X17,0X17,0X17,0X17,0X17,0X17,0X17,0X17,
 104          0X17,0X17,0X92,0X92,0X92,0X92,0X92,0X92,0X92,0X92,0X92,0X92,0X92,0X92,0X92,0X92,
 105          0X92,0X92,0X92,0X92,0X92,0X92,0X92,0X92,0X92,0X92,0X92,0X92,0X92,0X92,0X92,0X92,
 106          0X92,0X92,0X92,0X92,0X92,0X92,0X92,0X92,0X92,0X92,0X92,0X92,0X92,0X92,0X92,0X92,
 107          0X92,0X92,0X92,0X92,0X92,0X92,0X92,0X92,0X92,0X92,0X92,0X92,0X92,0X92,0X92,0X92,
 108          0X92,0X92,0X92,0X92,0X92,0X92,0X92,0X92,0X92,0X92,0X92,0X92,0X92,0X92,0X92,0X92,
 109          0X92,0X92,0X92,0X17,0X17,0X17,0X17,0X17,0X17,0X17,0X17,0X17,0X17,0X17,0X17,0X17,
 110          0X17,0X17,0X17,0X17,0X17,0X92,0X92,0X92,0X92,0X92,0X92,0X92,0X92,0X92,0X92,0X92,
 111          0X92,0X92,0X92,0X92,0X92,0X92,0X92,0X92,0X92,0X92,0X92,0X92,0X92,0X92,0X92,0X92,
 112          0X92,0X92,0X92,0X92,0X92,0X92,0X92,0X92,0X92,0X92,0X92,0X92,0X92,0X92,0X92,0X92,
 113          0X92,0X92,0X92,0X92,0X92,0X92,0X92,0X92,0X92,0X92,0X92,0X92,0X92,0X92,0X92,0X92,
 114          0X92,0X92,0X92,0X92,0X92,0X92,0X92,0X92,0X92,0X92,0X92,0X92,0X92,0X92,0X92,0X92,
 115          0X92,0X92,0X92,0X92,0X92,0X17,0X17,0X17,0X17,0X17,0X17,0X17,0X17,0X17,0X17,0X17,
 116          0X17,0X17,0X17,0X17,0X17,0X17,0X17,0X17,0X17,0X92,0X92,0X92,0X92,0X92,0X92,0X92,
C51 COMPILER V9.00   YOU                                                                   07/18/2015 17:16:42 PAGE 3   

 117          0X92,0X92,0X92,0X92,0X92,0X92,0X92,0X92,0X92,0X92,0X92,0X92,0X92,0X92,0X92,0X92,
 118          0X92,0X92,0X92,0X92,0X92,0X92,0X92,0X92,0X92,0X92,0X92,0X92,0X92,0X92,0X92,0X92,
 119          0X92,0X92,0X92,0X92,0X92,0X92,0X92,0X92,0X92,0X92,0X92,0X92,0X92,0X92,0X92,0X92,
 120          0X92,0X92,0X92,0X92,0X92,0X92,0X92,0X92,0X92,0X92,0X92,0X92,0X92,0X92,0X92,0X92,
 121          0X92,0X92,0X92,0X92,0X92,0X92,0X92,0X17,0X17,0X17,0X17,0X17,0X17,0X17,0X17,0X17,
 122          0X17,0X17,0X17,0X17,0X17,0X17,0X17,0X17,0X17,0X17,0X17,0X17,0X92,0X92,0X92,0X92,
 123          0X92,0X92,0X92,0X92,0X92,0X92,0X92,0X92,0X92,0X92,0X92,0X92,0X92,0X92,0X92,0X92,
 124          0X92,0X92,0X92,0X92,0X92,0X92,0X92,0X92,0X92,0X92,0X92,0X92,0X92,0X92,0X92,0X17,
 125          0X17,0X17,0X17,0X17,0X17,0X17,0X17,0X17,0X17,0X17,0X17,0X17,0X17,0X17,0X17,0X17,
 126          0X17,0X17,0X17,0X17,0X17,0X17,0X17,0X17,0X17,0X17,0X17,0X17,0X17,0X17,0X17,0X17,
 127          0X17,0X17,0X17,0X17,0X17,0X17,0X17,0X17,0X17,0X17,0X17,0X17,0X17,0X17,0X17,0X17,
 128          0X17,0X17,0X17,0X17,0X17,0X17,0X17,0X17,0X17,0X17,0X17,0X17,0X17,0X17,0X17,0X17,
 129          0X92,0X92,0X92,0X92,0X92,0X92,0X92,0X92,0X92,0X92,0X92,0X92,0X92,0X92,0X92,0X92,
 130          0X92,0X92,0X92,0X92,0X92,0X92,0X92,0X92,0X92,0X92,0X92,0X92,0X92,0X92,0X92,0X92,
 131          0X92,0X17,0X17,0X17,0X17,0X17,0X17,0X17,0X17,0X17,0X17,0X17,0X17,0X17,0X17,0X17,
 132          0X17,0X17,0X17,0X17,0X17,0X17,0X17,0X17,0X17,0X17,0X17,0X17,0X17,0X17,0X17,0X17,
 133          0X17,0X17,0X17,0X17,0X17,0X17,0X17,0X17,0X17,0X17,0X17,0X17,0X17,0X17,0X17,0X17,
 134          0X17,0X17,0X17,0X17,0X17,0X17,0X17,0X17,0X17,0X17,0X17,0X17,0X17,0X17,0X17,0X17,
 135          0X17,0X17,0X17,0X92,0X92,0X92,0X92,0X92,0X92,0X92,0X92,0X92,0X92,0X92,0X92,0X92,
 136          0X92,0X92,0X92,0X92,0X92,0X92,0X92,0X92,0X92,0X92,0X92,0X92,0X92,0X92,0X92,0X92,
 137          0X92,0X92,0X92,0X17,0X17,0X17,0X17,0X17,0X17,0X17,0X17,0X17,0X17,0X17,0X17,0X17,
 138          0X17,0X17,0X17,0X17,0X17,0X17,0X17,0X17,0X17,0X17,0X17,0X17,0X17,0X17,0X17,0X17,
 139          0X17,0X17,0X17,0X17,0X17,0X17,0X17,0X17,0X17,0X17,0X17,0X17,0X17,0X17,0X17,0X17,
 140          0X17,0X17,0X17,0X17,0X17,0X17,0X17,0X17,0X17,0X17,0X17,0X17,0X17,0X17,0X17,0X17,
 141          0X17,0X17,0X17,0X17,0X17,0X17,0X92,0X92,0X92,0X92,0X92,0X92,0X92,0X92,0X92,0X92,
 142          0X92,0X92,0X92,0X92,0X92,0X92,0X92,0X92,0X92,0X92,0X92,0X92,0X92,0X92,0X92,0X92,
 143          0X92,0X92,0X92,0X92,0X92,0X17,0X17,0X17,0X17,0X17,0X17,0X17,0X17,0X17,0X17,0X17,
 144          0X17,0X17,0X17,0X17,0X17,0X17,0X17,0X17,0X17,0X17,0X17,0X17,0X17,0X17,0X17,0X17,
 145          0X17,0X17,0X17,0X17,0X17,0X17,0X17,0X17,0X17,0X17,0X17,0X17,0X17,0X17,0X17,0X17,
 146          0X17,0X17,0X17,0X17,0X17,0X17,0X17,0X17,0X17,0X17,0X17,0X17,0X17,0X17,0X17,0X17,
 147          0X17,0X17,0X17,0X17,0X17,0X17,0X17,0X17,0X17,0X17,0X92,0X92,0X92,0X92,0X92,0X92,
 148          0X92,0X92,0X92,0X92,0X92,0X92,0X92,0X92,0X92,0X92,0X92,0X92,0X92,0X92,0X92,0X92,
 149          0X92,0X92,0X92,0X92,0X92,0X92,0X92,0X17,0X17,0X17,0X17,0X17,0X17,0X17,0X17,0X17,
 150          0X17,0X17,0X17,0X17,0X17,0X17,0X17,0X17,0X17,0X17,0X17,0X17,0X17,0X17,0X17,0X17,
 151          0X17,0X17,0X17,0X17,0X17,0X17,0X17,0X17,0X17,0X17,0X17,0X17,0X17,0X17,0X17,0X17,
 152          0X17,0X17,0X17,0X17,0X17,0X17,0X17,0X17,0X17,0X17,0X17,0X17,0X17,0X17,0X17,0X17,
 153          0X17,0X17,0X17,0X17,0X17,0X17,0X17,0X17,0X17,0X17,0X17,0X17,0X17,0X92,0X92,0X92,
 154          0X92,0X92,0X92,0X92,0X92,0X92,0X92,0X92,0X92,0X92,0X92,0X92,0X92,0X92,0X92,0X92,
 155          0X92,0X92,0X92,0X92,0X92,0X92,0X92,0X92,0X92,0X17,0X17,0X17,0X17,0X17,0X17,0X17,
 156          0X17,0X17,0X17,0X17,0X17,0X17,0X17,0X17,0X17,0X17,0X17,0X17,0X17,0X17,0X17,0X17,
 157          0X17,0X17,0X17,0X17,0X17,0X17,0X17,0X17,0X17,0X17,0X17,0X17,0X17,0X17,0X17,0X17,
 158          0X17,0X17,0X17,0X17,0X17,0X17,0X17,0X17,0X17,0X17,0X17,0X17,0X17,0X17,0X17,0X17,
 159          0X17,0X17,0X17,0X17,0X17,0X17,0X17,0X17,0X17,0X17,0X17,0X17,0X17,0X17,0X17,0X17,
 160          0X17,0X92,0X92,0X92,0X92,0X92,0X92,0X92,0X92,0X92,0X92,0X92,0X92,0X92,0X92,0X92,
 161          0X92,0X92,0X92,0X92,0X92,0X92,0X92,0X92,0X92,0X92,0X92,0X17,0X17,0X17,0X17,0X17,
 162          0X17,0X17,0X17,0X17,0X17,0X17,0X17,0X17,0X17,0X17,0X17,0X17,0X17,0X17,0X17,0X17,
 163          0X17,0X17,0X17,0X17,0X17,0X17,0X17,0X17,0X17,0X17,0X17,0X17,0X17,0X17,0X17,0X17,
 164          0X17,0X17,0X17,0X17,0X17,0X17,0X17,0X17,0X17,0X17,0X17,0X17,0X17,0X17,0X17,0X17,
 165          0X17,0X17,0X17,0X17,0X17,0X17,0X17,0X17,0X17,0X17,0X17,0X17,0X17,0X17,0X17,0X17,
 166          0X17,0X17,0X17,0X17,0X92,0X92,0X92,0X92,0X92,0X92,0X92,0X92,0X92,0X92,0X92,0X92,
 167          0X92,0X92,0X92,0X92,0X92,0X92,0X92,0X92,0X92,0X92,0X92,0X92,0X92,0X17,0X17,0X17,
 168          0X17,0X17,0X17,0X17,0X17,0X17,0X17,0X17,0X17,0X17,0X17,0X17,0X17,0X17,0X17,0X17,
 169          0X17,0X17,0X17,0X17,0X17,0X17,0X17,0X17,0X17,0X17,0X17,0X17,0X17,0X17,0X17,0X17,
 170          0X17,0X17,0X17,0X17,0X17,0X17,0X17,0X17,0X17,0X17,0X17,0X17,0X17,0X17,0X17,0X17,
 171          0X17,0X17,0X17,0X17,0X17,0X17,0X17,0X17,0X17,0X17,0X17,0X17,0X17,0X17,0X17,0X17,
 172          0X17,0X17,0X17,0X17,0X17,0X17,0X17,0X17,0X92,0X92,0X92,0X92,0X92,0X92,0X92,0X92,
 173          0X92,0X92,0X92,0X92,0X92,0X92,0X92,0X92,0X92,0X92,0X92,0X92,0X92,0X92,0X92,0X17,
 174          0X17,0X17,0X17,0X17,0X17,0X17,0X17,0X17,0X17,0X17,0X17,0X17,0X17,0X17,0X17,0X17,
 175          0X17,0X17,0X17,0X17,0X17,0X17,0X17,0X17,0X17,0X17,0X17,0X17,0X17,0X17,0X17,0X17,
 176          0X17,0X17,0X17,0X17,0X17,0X17,0X17,0X17,0X17,0X17,0X17,0X17,0X17,0X17,0X17,0X17,
 177          0X17,0X17,0X17,0X17,0X17,0X17,0X17,0X17,0X17,0X17,0X17,0X17,0X17,0X17,0X17,0X17,
 178          0X17,0X17,0X17,0X17,0X17,0X17,0X17,0X17,0X17,0X17,0X17,0X92,0X92,0X92,0X92,0X92,
C51 COMPILER V9.00   YOU                                                                   07/18/2015 17:16:42 PAGE 4   

 179          0X92,0X92,0X92,0X92,0X92,0X92,0X92,0X92,0X92,0X92,0X92,0X92,0X92,0X92,0X92,0X92,
 180          0X92,0X17,0X17,0X17,0X17,0X17,0X17,0X17,0X17,0X17,0X17,0X17,0X17,0X17,0X17,0X17,
 181          0X17,0X17,0X17,0X17,0X17,0X17,0X17,0X17,0X17,0X17,0X17,0X17,0X17,0X17,0X17,0X17,
 182          0X17,0X17,0X17,0X17,0X17,0X17,0X17,0X17,0X17,0X17,0X17,0X17,0X17,0X17,0X17,0X17,
 183          0X17,0X17,0X17,0X17,0X17,0X17,0X17,0X17,0X17,0X17,0X17,0X17,0X17,0X17,0X17,0X17,
 184          0X17,0X17,0X17,0X17,0X17,0X17,0X17,0X17,0X17,0X17,0X17,0X17,0X17,0X17,0X92,0X92,
 185          0X92,0X92,0X92,0X92,0X92,0X92,0X92,0X92,0X92,0X92,0X92,0X92,0X92,0X92,0X92,0X92,
 186          0X92,0X92,0X92,0X17,0X17,0X17,0X17,0X17,0X17,0X17,0X17,0X17,0X17,0X17,0X17,0X17,
 187          0X17,0X17,0X17,0X17,0X17,0X17,0X17,0X17,0X17,0X17,0X17,0X17,0X17,0X17,0X17,0X17,
 188          0X17,0X17,0X17,0X17,0X17,0X17,0X17,0X17,0X17,0X17,0X17,0X17,0X17,0X17,0X17,0X17,
 189          0X17,0X17,0X17,0X17,0X17,0X17,0X17,0X17,0X17,0X17,0X17,0X17,0X17,0X17,0X17,0X17,
 190          0X17,0X17,0X17,0X17,0X17,0X17,0X17,0X17,0X17,0X17,0X17,0X17,0X17,0X17,0X17,0X17,
 191          0X17,0X17,0X92,0X92,0X92,0X92,0X92,0X92,0X92,0X92,0X92,0X92,0X92,0X92,0X92,0X92,
 192          0X92,0X92,0X92,0X92,0X92,0X17,0X17,0X17,0X17,0X17,0X17,0X17,0X17,0X17,0X17,0X17,
 193          0X17,0X17,0X17,0X17,0X17,0X17,0X17,0X17,0X17,0X17,0X17,0X17,0X17,0X17,0X17,0X17,
 194          0X17,0X17,0X17,0X17,0X17,0X17,0X17,0X17,0X17,0X17,0X17,0X17,0X17,0X17,0X17,0X17,
 195          0X17,0X17,0X17,0X17,0X17,0X17,0X17,0X17,0X17,0X17,0X17,0X17,0X17,0X17,0X17,0X17,
 196          0X17,0X17,0X17,0X17,0X17,0X17,0X17,0X17,0X17,0X17,0X17,0X17,0X17,0X17,0X17,0X17,
 197          0X17,0X17,0X17,0X17,0X17,0X92,0X92,0X92,0X92,0X92,0X92,0X92,0X92,0X92,0X92,0X92,
 198          0X92,0X92,0X92,0X92,0X92,0X92,0X92,0X17,0X17,0X17,0X17,0X17,0X17,0X17,0X17,0X17,
 199          0X17,0X17,0X17,0X17,0X17,0X17,0X17,0X17,0X17,0X17,0X17,0X17,0X17,0X17,0X17,0X17,
 200          0X17,0X17,0X17,0X17,0X17,0X17,0X17,0X17,0X17,0X17,0X17,0X17,0X17,0X17,0X17,0X17,
 201          0X17,0X17,0X17,0X17,0X17,0X17,0X17,0X17,0X17,0X17,0X17,0X17,0X17,0X17,0X17,0X17,
 202          0X17,0X17,0X17,0X17,0X17,0X17,0X17,0X17,0X17,0X17,0X17,0X17,0X17,0X17,0X17,0X17,
 203          0X17,0X17,0X17,0X17,0X17,0X17,0X17,0X17,0X17,0X92,0X92,0X92,0X92,0X92,0X92,0X92,
 204          0X92,0X92,0X92,0X92,0X92,0X92,0X92,0X92,0X92,0X17,0X17,0X17,0X17,0X17,0X17,0X17,
 205          0X17,0X17,0X17,0X17,0X17,0X17,0X17,0X17,0X17,0X17,0X17,0X17,0X17,0X17,0X17,0X17,
 206          0X17,0X17,0X17,0X17,0X17,0X17,0X17,0X17,0X17,0X17,0X17,0X17,0X17,0X17,0X17,0X17,
 207          0X17,0X17,0X17,0X17,0X17,0X17,0X17,0X17,0X17,0X17,0X17,0X17,0X17,0X17,0X17,0X17,
 208          0X17,0X17,0X17,0X17,0X17,0X17,0X17,0X17,0X17,0X17,0X17,0X17,0X17,0X17,0X17,0X17,
 209          0X17,0X17,0X17,0X17,0X17,0X17,0X17,0X17,0X17,0X17,0X17,0X17,0X92,0X92,0X92,0X92,
 210          0X92,0X92,0X92,0X92,0X92,0X92,0X92,0X92,0X92,0X92,0X92,0X17,0X17,0X17,0X17,0X17,
 211          0X17,0X17,0X17,0X17,0X17,0X17,0X17,0X17,0X17,0X17,0X17,0X17,0X17,0X17,0X17,0X17,
 212          0X17,0X17,0X17,0X17,0X17,0X17,0X17,0X17,0X17,0X17,0X17,0X17,0X17,0X17,0X17,0X17,
 213          0X17,0X17,0X17,0X17,0X17,0X17,0X17,0X17,0X17,0X17,0X17,0X17,0X17,0X17,0X17,0X17,
 214          0X17,0X17,0X17,0X17,0X17,0X17,0X17,0X17,0X17,0X17,0X17,0X17,0X17,0X17,0X17,0X17,
 215          0X17,0X17,0X17,0X17,0X17,0X17,0X17,0X17,0X17,0X17,0X17,0X17,0X17,0X17,0X17,0X17,
 216          0X92,0X92,0X92,0X92,0X92,0X92,0X92,0X92,0X92,0X92,0X92,0X92,0X92,0X17,0X17,0X17,
 217          0X17,0X17,0X17,0X17,0X17,0X17,0X17,0X17,0X17,0X17,0X17,0X17,0X17,0X17,0X17,0X17,
 218          0X17,0X17,0X17,0X17,0X17,0X17,0X17,0X17,0X17,0X17,0X17,0X17,0X17,0X17,0X17,0X17,
 219          0X17,0X17,0X17,0X17,0X17,0X17,0X17,0X17,0X17,0X17,0X17,0X17,0X17,0X17,0X17,0X17,
 220          0X17,0X17,0X17,0X17,0X17,0X17,0X17,0X17,0X17,0X17,0X17,0X17,0X17,0X17,0X17,0X17,
 221          0X17,0X17,0X17,0X17,0X17,0X17,0X17,0X17,0X17,0X17,0X17,0X17,0X17,0X17,0X17,0X17,
 222          0X17,0X17,0X92,0X92,0X92,0X92,0X92,0X92,0X92,0X92,0X92,0X92,0X92,0X92,0X92,0X17,
 223          0X17,0X17,0X17,0X17,0X17,0X17,0X17,0X17,0X17,0X17,0X17,0X17,0X17,0X17,0X17,0X17,
 224          0X17,0X17,0X17,0X17,0X17,0X17,0X17,0X17,0X17,0X17,0X17,0X17,0X17,0X17,0X17,0X17,
 225          0X17,0X17,0X17,0X17,0X17,0X17,0X17,0X17,0X17,0X17,0X17,0X17,0X17,0X17,0X17,0X17,
 226          0X17,0X17,0X17,0X17,0X17,0X17,0X17,0X17,0X17,0X17,0X17,0X17,0X17,0X17,0X17,0X17,
 227          0X17,0X17,0X17,0X17,0X17,0X17,0X17,0X17,0X17,0X17,0X17,0X17,0X17,0X17,0X17,0X17,
 228          0X17,0X17,0X92,0X92,0X92,0X92,0X92,0X92,0X92,0X92,0X92,0X92,0X92,0X92,0X92,0X92,
 229          0X92,0X17,0X17,0X17,0X17,0X17,0X17,0X17,0X17,0X17,0X17,0X17,0X17,0X17,0X17,0X17,
 230          0X17,0X17,0X17,0X17,0X17,0X17,0X17,0X17,0X17,0X17,0X17,0X17,0X17,0X17,0X17,0X17,
 231          0X17,0X17,0X17,0X17,0X17,0X17,0X17,0X17,0X17,0X17,0X17,0X17,0X17,0X17,0X17,0X17,
 232          0X17,0X17,0X17,0X17,0X17,0X17,0X17,0X17,0X17,0X17,0X17,0X17,0X17,0X17,0X17,0X17,
 233          0X17,0X17,0X17,0X17,0X17,0X17,0X17,0X17,0X17,0X17,0X17,0X17,0X17,0X17,0X17,0X17,
 234          0X17,0X17,0X17,0X92,0X92,0X92,0X92,0X92,0X92,0X92,0X92,0X92,0X92,0X92,0X92,0X92,
 235          0X92,0X92,0X92,0X17,0X17,0X17,0X17,0X17,0X17,0X17,0X17,0X17,0X17,0X17,0X17,0X17,
 236          0X17,0X17,0X17,0X17,0X17,0X17,0X17,0X17,0X17,0X17,0X17,0X17,0X17,0X17,0X17,0X17,
 237          0X17,0X17,0X17,0X17,0X17,0X17,0X17,0X17,0X17,0X17,0X17,0X17,0X17,0X17,0X17,0X17,
 238          0X17,0X17,0X17,0X17,0X17,0X17,0X17,0X17,0X17,0X17,0X17,0X17,0X17,0X17,0X17,0X17,
 239          0X17,0X17,0X17,0X17,0X17,0X17,0X17,0X17,0X17,0X17,0X17,0X17,0X17,0X17,0X17,0X17,
 240          0X17,0X17,0X17,0X92,0X92,0X92,0X92,0X92,0X92,0X92,0X92,0X92,0X92,0X92,0X92,0X92,
C51 COMPILER V9.00   YOU                                                                   07/18/2015 17:16:42 PAGE 5   

 241          0X92,0X92,0X92,0X92,0X92,0X17,0X17,0X17,0X17,0X17,0X17,0X17,0X17,0X17,0X17,0X17,
 242          0X17,0X17,0X17,0X17,0X17,0X17,0X17,0X17,0X17,0X17,0X17,0X17,0X17,0X17,0X17,0X17,
 243          0X17,0X17,0X17,0X17,0X17,0X17,0X17,0X17,0X17,0X17,0X17,0X17,0X17,0X17,0X17,0X17,
 244          0X17,0X17,0X17,0X17,0X17,0X17,0X17,0X17,0X17,0X17,0X17,0X17,0X17,0X17,0X17,0X17,
 245          0X17,0X17,0X17,0X17,0X17,0X17,0X17,0X17,0X17,0X17,0X17,0X17,0X17,0X17,0X17,0X17,
 246          0X17,0X17,0X17,0X17,0X92,0X92,0X92,0X92,0X92,0X92,0X92,0X92,0X92,0X92,0X92,0X92,
 247          0X92,0X92,0X92,0X92,0X92,0X92,0X92,0X17,0X17,0X17,0X17,0X17,0X17,0X17,0X17,0X17,
 248          0X17,0X17,0X17,0X17,0X17,0X17,0X17,0X17,0X17,0X17,0X17,0X17,0X17,0X17,0X17,0X17,
 249          0X17,0X17,0X17,0X17,0X17,0X17,0X17,0X17,0X17,0X17,0X17,0X17,0X17,0X17,0X17,0X17,
 250          0X17,0X17,0X17,0X17,0X17,0X17,0X17,0X17,0X17,0X17,0X17,0X17,0X17,0X17,0X17,0X17,
 251          0X17,0X17,0X17,0X17,0X17,0X17,0X17,0X17,0X17,0X17,0X17,0X17,0X17,0X17,0X17,0X17,
 252          0X17,0X17,0X17,0X17,0X92,0X92,0X92,0X92,0X92,0X92,0X92,0X92,0X92,0X92,0X92,0X92,
 253          0X92,0X92,0X92,0X92,0X92,0X92,0X92,0X92,0X92,0X17,0X17,0X17,0X17,0X17,0X17,0X17,
 254          0X17,0X17,0X17,0X17,0X17,0X17,0X17,0X17,0X17,0X17,0X17,0X17,0X17,0X17,0X17,0X17,
 255          0X17,0X17,0X17,0X17,0X17,0X17,0X17,0X17,0X17,0X17,0X17,0X17,0X17,0X17,0X17,0X17,
 256          0X17,0X17,0X17,0X17,0X17,0X17,0X17,0X17,0X17,0X17,0X17,0X17,0X17,0X17,0X17,0X17,
 257          0X17,0X17,0X17,0X17,0X17,0X17,0X17,0X17,0X17,0X17,0X17,0X17,0X17,0X17,0X17,0X17,
 258          0X17,0X17,0X17,0X17,0X17,0X92,0X92,0X92,0X92,0X92,0X92,0X92,0X92,0X92,0X92,0X92,
 259          0X92,0X92,0X92,0X92,0X92,0X92,0X92,0X92,0X92,0X92,0X92,0X17,0X17,0X17,0X17,0X17,
 260          0X17,0X17,0X17,0X17,0X17,0X17,0X17,0X17,0X17,0X17,0X17,0X17,0X17,0X17,0X17,0X17,
 261          0X17,0X17,0X17,0X17,0X17,0X17,0X17,0X17,0X17,0X17,0X17,0X17,0X17,0X17,0X17,0X17,
 262          0X17,0X17,0X17,0X17,0X17,0X17,0X17,0X17,0X17,0X17,0X17,0X17,0X17,0X17,0X17,0X17,
 263          0X17,0X17,0X17,0X17,0X17,0X17,0X17,0X17,0X17,0X17,0X17,0X17,0X17,0X17,0X17,0X17,
 264          0X17,0X17,0X17,0X17,0X17,0X17,0X92,0X92,0X92,0X92,0X92,0X92,0X92,0X92,0X92,0X92,
 265          0X92,0X92,0X92,0X92,0X92,0X92,0X92,0X92,0X92,0X92,0X92,0X92,0X92,0X17,0X17,0X17,
 266          0X17,0X17,0X17,0X17,0X17,0X17,0X17,0X17,0X17,0X17,0X17,0X17,0X17,0X17,0X17,0X17,
 267          0X17,0X17,0X17,0X17,0X17,0X17,0X17,0X17,0X17,0X17,0X17,0X17,0X17,0X17,0X17,0X17,
 268          0X17,0X17,0X17,0X17,0X17,0X17,0X17,0X17,0X17,0X17,0X17,0X17,0X17,0X17,0X17,0X17,
 269          0X17,0X17,0X17,0X17,0X17,0X17,0X17,0X17,0X17,0X17,0X17,0X17,0X17,0X17,0X17,0X17,
 270          0X17,0X17,0X17,0X17,0X17,0X17,0X92,0X92,0X92,0X92,0X92,0X92,0X92,0X92,0X92,0X92,
 271          0X92,0X92,0X92,0X92,0X92,0X92,0X92,0X92,0X92,0X92,0X92,0X92,0X92,0X92,0X92,0X17,
 272          0X17,0X17,0X17,0X17,0X17,0X17,0X17,0X17,0X17,0X17,0X17,0X17,0X17,0X17,0X17,0X17,
 273          0X17,0X17,0X17,0X17,0X17,0X17,0X17,0X17,0X17,0X17,0X17,0X17,0X17,0X17,0X17,0X17,
 274          0X17,0X17,0X17,0X17,0X17,0X17,0X17,0X17,0X17,0X17,0X17,0X17,0X17,0X17,0X17,0X17,
 275          0X17,0X17,0X17,0X17,0X17,0X17,0X17,0X17,0X17,0X17,0X17,0X17,0X17,0X17,0X17,0X17,
 276          0X17,0X17,0X17,0X17,0X17,0X17,0X17,0X92,0X92,0X92,0X92,0X92,0X92,0X92,0X92,0X92,
 277          0X92,0X92,0X92,0X92,0X92,0X92,0X92,0X92,0X92,0X92,0X92,0X92,0X92,0X92,0X92,0X92,
 278          0X92,0X17,0X17,0X17,0X17,0X17,0X17,0X17,0X17,0X17,0X17,0X17,0X17,0X17,0X17,0X17,
 279          0X17,0X17,0X17,0X17,0X17,0X17,0X17,0X17,0X17,0X17,0X17,0X17,0X17,0X17,0X17,0X17,
 280          0X17,0X17,0X17,0X17,0X17,0X17,0X17,0X17,0X17,0X17,0X17,0X17,0X17,0X17,0X17,0X17,
 281          0X17,0X17,0X17,0X17,0X17,0X17,0X17,0X17,0X17,0X17,0X17,0X17,0X17,0X17,0X17,0X17,
 282          0X17,0X17,0X17,0X17,0X17,0X17,0X17,0X92,0X92,0X92,0X92,0X92,0X92,0X92,0X92,0X92,
 283          0X92,0X92,0X92,0X92,0X92,0X92,0X92,0X92,0X92,0X92,0X92,0X92,0X92,0X92,0X92,0X92,
 284          0X92,0X92,0X92,0X17,0X17,0X17,0X17,0X17,0X17,0X17,0X17,0X17,0X17,0X17,0X17,0X17,
 285          0X17,0X17,0X17,0X17,0X17,0X17,0X17,0X17,0X17,0X17,0X17,0X17,0X17,0X17,0X17,0X17,
 286          0X17,0X17,0X17,0X17,0X17,0X17,0X17,0X17,0X17,0X17,0X17,0X17,0X17,0X17,0X17,0X17,
 287          0X17,0X17,0X17,0X17,0X17,0X17,0X17,0X17,0X17,0X17,0X17,0X17,0X17,0X17,0X17,0X17,
 288          0X17,0X17,0X17,0X17,0X17,0X17,0X17,0X17,0X92,0X92,0X92,0X92,0X92,0X92,0X92,0X92,
 289          0X92,0X92,0X92,0X92,0X92,0X92,0X92,0X92,0X92,0X92,0X92,0X92,0X92,0X92,0X92,0X92,
 290          0X92,0X92,0X92,0X92,0X92,0X17,0X17,0X17,0X17,0X17,0X17,0X17,0X17,0X17,0X17,0X17,
 291          0X17,0X17,0X17,0X17,0X17,0X17,0X17,0X17,0X17,0X17,0X17,0X17,0X17,0X17,0X17,0X17,
 292          0X17,0X17,0X17,0X17,0X17,0X17,0X17,0X17,0X17,0X17,0X17,0X17,0X17,0X17,0X17,0X17,
 293          0X17,0X17,0X17,0X17,0X17,0X17,0X17,0X17,0X17,0X17,0X17,0X17,0X17,0X17,0X17,0X17,
 294          0X17,0X17,0X17,0X17,0X17,0X17,0X17,0X17,0X92,0X92,0X92,0X92,0X92,0X92,0X92,0X92,
 295          0X92,0X92,0X92,0X92,0X92,0X92,0X92,0X92,0X92,0X92,0X92,0X92,0X92,0X92,0X92,0X92,
 296          0X92,0X92,0X92,0X92,0X92,0X92,0X92,0X17,0X17,0X17,0X17,0X17,0X17,0X17,0X17,0X17,
 297          0X17,0X17,0X17,0X17,0X17,0X17,0X17,0X17,0X17,0X17,0X17,0X17,0X17,0X17,0X17,0X17,
 298          0X17,0X17,0X17,0X17,0X17,0X17,0X17,0X17,0X17,0X17,0X17,0X17,0X17,0X17,0X17,0X17,
 299          0X17,0X17,0X17,0X17,0X17,0X17,0X17,0X17,0X17,0X17,0X17,0X17,0X17,0X17,0X17,0X17,
 300          0X17,0X17,0X17,0X17,0X17,0X17,0X17,0X17,0X17,0X92,0X92,0X92,0X92,0X92,0X92,0X92,
 301          0X92,0X92,0X92,0X92,0X92,0X92,0X92,0X92,0X92,0X92,0X92,0X92,0X92,0X92,0X92,0X92,
 302          0X92,0X92,0X92,0X92,0X92,0X92,0X92,0X92,0X92,0X17,0X17,0X17,0X17,0X17,0X17,0X17,
C51 COMPILER V9.00   YOU                                                                   07/18/2015 17:16:42 PAGE 6   

 303          0X17,0X17,0X17,0X17,0X17,0X17,0X17,0X17,0X17,0X17,0X17,0X17,0X17,0X17,0X17,0X17,
 304          0X17,0X17,0X17,0X17,0X17,0X17,0X17,0X17,0X17,0X17,0X17,0X17,0X17,0X17,0X17,0X17,
 305          0X17,0X17,0X17,0X17,0X17,0X17,0X17,0X17,0X17,0X17,0X17,0X17,0X17,0X17,0X17,0X17,
 306          0X17,0X17,0X17,0X17,0X17,0X17,0X17,0X17,0X17,0X17,0X92,0X92,0X92,0X92,0X92,0X92,
 307          0X92,0X92,0X92,0X92,0X92,0X92,0X92,0X92,0X92,0X92,0X92,0X92,0X92,0X92,0X92,0X92,
 308          0X92,0X92,0X92,0X92,0X92,0X92,0X92,0X92,0X92,0X92,0X92,0X92,0X92,0X92,0X92,0X92,
 309          0X92,0X92,0X92,0X92,0X92,0X92,0X92,0X92,0X92,0X92,0X92,0X92,0X92,0X92,0X92,0X92,
 310          0X92,0X92,0X92,0X92,0X92,0X92,0X92,0X92,0X92,0X92,0X92,0X92,0X92,0X92,0X92,0X92,
 311          0X92,0X92,0X92,0X92,0X92,0X17,0X17,0X17,0X17,0X17,0X17,0X17,0X17,0X17,0X17,0X17,
 312          0X17,0X17,0X17,0X17,0X17,0X17,0X17,0X17,0X17,0X17,0X92,0X92,0X92,0X92,0X92,0X92,
 313          0X92,0X92,0X92,0X92,0X92,0X92,0X92,0X92,0X92,0X92,0X92,0X92,0X92,0X92,0X92,0X92,
 314          0X92,0X92,0X92,0X92,0X92,0X92,0X92,0X92,0X92,0X92,0X92,0X92,0X92,0X92,0X92,0X92,
 315          0X92,0X92,0X92,0X92,0X92,0X92,0X92,0X92,0X92,0X92,0X92,0X92,0X92,0X92,0X92,0X92,
 316          0X92,0X92,0X92,0X92,0X92,0X92,0X92,0X92,0X92,0X92,0X92,0X92,0X92,0X92,0X92,0X92,
 317          0X92,0X92,0X92,0X92,0X92,0X92,0X92,0X17,0X17,0X17,0X17,0X17,0X17,0X17,0X17,0X17,
 318          0X17,0X17,0X17,0X17,0X17,0X17,0X17,0X17,0X17,0X17,0X17,0X92,0X92,0X92,0X92,0X92,
 319          0X92,0X92,0X92,0X92,0X92,0X92,0X92,0X92,0X92,0X92,0X92,0X92,0X92,0X92,0X92,0X92,
 320          0X92,0X92,0X92,0X92,0X92,0X92,0X92,0X92,0X92,0X92,0X92,0X92,0X92,0X92,0X92,0X92,
 321          0X92,0X92,0X92,0X92,0X92,0X92,0X92,0X92,0X92,0X92,0X92,0X92,0X92,0X92,0X92,0X92,
 322          0X92,0X92,0X92,0X92,0X92,0X92,0X92,0X92,0X92,0X92,0X92,0X92,0X92,0X92,0X92,0X92,
 323          0X92,0X92,0X92,0X92,0X92,0X92,0X92,0X92,0X92,0X17,0X17,0X17,0X17,0X17,0X17,0X17,
 324          0X17,0X17,0X17,0X17,0X17,0X17,0X17,0X17,0X17,0X17,0X17,0X92,0X92,0X92,0X92,0X92,
 325          0X92,0X92,0X92,0X92,0X92,0X92,0X92,0X92,0X92,0X92,0X92,0X92,0X92,0X92,0X92,0X92,
 326          0X92,0X92,0X92,0X92,0X92,0X92,0X92,0X92,0X92,0X92,0X92,0X92,0X92,0X92,0X92,0X92,
 327          0X92,0X92,0X92,0X92,0X92,0X92,0X92,0X92,0X92,0X92,0X92,0X92,0X92,0X92,0X92,0X92,
 328          0X92,0X92,0X92,0X92,0X92,0X92,0X92,0X92,0X92,0X92,0X92,0X92,0X92,0X92,0X92,0X92,
 329          0X92,0X92,0X92,0X92,0X92,0X92,0X92,0X92,0X92,0X92,0X92,0X17,0X17,0X17,0X17,0X17,
 330          0X17,0X17,0X17,0X17,0X17,0X17,0X17,0X17,0X17,0X17,0X17,0X17,0X92,0X92,0X92,0X92,
 331          0X92,0X92,0X92,0X92,0X92,0X92,0X92,0X92,0X92,0X92,0X92,0X92,0X92,0X92,0X92,0X92,
 332          0X92,0X92,0X92,0X92,0X92,0X92,0X92,0X92,0X92,0X92,0X92,0X92,0X92,0X92,0X92,0X92,
 333          0X92,0X92,0X92,0X92,0X92,0X92,0X92,0X92,0X92,0X92,0X92,0X92,0X92,0X92,0X92,0X92,
 334          0X92,0X92,0X92,0X92,0X92,0X92,0X92,0X92,0X92,0X92,0X92,0X92,0X92,0X92,0X92,0X92,
 335          0X92,0X92,0X92,0X92,0X92,0X92,0X92,0X92,0X92,0X92,0X92,0X92,0X92,0X17,0X17,0X17,
 336          0X17,0X17,0X17,0X17,0X17,0X17,0X17,0X17,0X17,0X17,0X17,0X17,0X92,0X92,0X92,0X92,
 337          0X92,0X92,0X92,0X92,0X92,0X92,0X92,0X92,0X92,0X92,0X92,0X92,0X92,0X92,0X92,0X92,
 338          0X92,0X92,0X92,0X92,0X92,0X92,0X92,0X92,0X92,0X92,0X92,0X92,0X92,0X92,0X92,0X92,
 339          0X92,0X92,0X92,0X92,0X92,0X92,0X92,0X92,0X92,0X92,0X92,0X92,0X92,0X92,0X92,0X92,
 340          0X92,0X92,0X92,0X92,0X92,0X92,0X92,0X92,0X92,0X92,0X92,0X92,0X92,0X92,0X92,0X92,
 341          0X92,0X92,0X92,0X92,0X92,0X92,0X92,0X92,0X92,0X92,0X92,0X92,0X92,0X92,0X92,0X17,
 342          0X17,0X17,0X17,0X17,0X17,0X17,0X17,0X17,0X17,0X17,0X17,0X17,0X17,0X92,0X92,0X92,
 343          0X92,0X92,0X92,0X92,0X92,0X92,0X92,0X92,0X92,0X92,0X92,0X92,0X92,0X92,0X92,0X92,
 344          0X92,0X92,0X92,0X92,0X92,0X92,0X92,0X92,0X92,0X92,0X92,0X92,0X92,0X92,0X92,0X92,
 345          0X92,0X92,0X92,0X92,0X92,0X92,0X92,0X92,0X92,0X92,0X92,0X92,0X92,0X92,0X92,0X92,
 346          0X92,0X92,0X92,0X92,0X92,0X92,0X92,0X92,0X92,0X92,0X92,0X92,0X92,0X92,0X92,0X92,
 347          0X92,0X92,0X92,0X92,0X92,0X92,0X92,0X92,0X92,0X92,0X92,0X92,0X92,0X92,0X92,0X92,
 348          0X92,0X17,0X17,0X17,0X17,0X17,0X17,0X17,0X17,0X17,0X17,0X17,0X17,0X17,0X92,0X92,
 349          0X92,0X92,0X92,0X92,0X92,0X92,0X92,0X92,0X92,0X92,0X92,0X92,0X92,0X92,0X92,0X92,
 350          0X92,0X92,0X92,0X92,0X92,0X92,0X92,0X92,0X92,0X92,0X92,0X92,0X92,0X92,0X92,0X92,
 351          0X92,0X92,0X92,0X92,0X92,0X92,0X92,0X92,0X92,0X92,0X92,0X92,0X92,0X92,0X92,0X92,
 352          0X92,0X92,0X92,0X92,0X92,0X92,0X92,0X92,0X92,0X92,0X92,0X92,0X92,0X92,0X92,0X92,
 353          0X92,0X92,0X92,0X92,0X92,0X92,0X92,0X92,0X92,0X92,0X92,0X92,0X92,0X92,0X92,0X92,
 354          0X92,0X92,0X92,0X17,0X17,0X17,0X17,0X17,0X17,0X17,0X17,0X17,0X17,0X17,0X92,0X92,
 355          0X92,0X92,0X92,0X92,0X92,0X92,0X92,0X92,0X92,0X92,0X92,0X92,0X92,0X92,0X92,0X92,
 356          0X92,0X92,0X92,0X92,0X92,0X92,0X92,0X92,0X92,0X92,0X92,0X92,0X92,0X92,0X92,0X92,
 357          0X92,0X92,0X92,0X92,0X92,0X92,0X92,0X92,0X92,0X92,0X92,0X92,0X92,0X92,0X92,0X92,
 358          0X92,0X92,0X92,0X92,0X92,0X92,0X92,0X92,0X92,0X92,0X92,0X92,0X92,0X92,0X92,0X92,
 359          0X92,0X92,0X92,0X92,0X92,0X92,0X92,0X92,0X92,0X92,0X92,0X92,0X92,0X92,0X92,0X92,
 360          0X92,0X92,0X92,0X92,0X92,0X17,0X17,0X17,0X17,0X17,0X17,0X17,0X17,0X17,0X17,0X92,
 361          0X92,0X92,0X92,0X92,0X92,0X92,0X92,0X92,0X92,0X92,0X92,0X92,0X92,0X92,0X92,0X92,
 362          0X92,0X92,0X92,0X92,0X92,0X92,0X92,0X92,0X92,0X92,0X92,0X92,0X92,0X92,0X92,0X92,
 363          0X92,0X92,0X92,0X92,0X92,0X92,0X92,0X92,0X92,0X92,0X92,0X92,0X92,0X92,0X92,0X92,
 364          0X92,0X92,0X92,0X92,0X92,0X92,0X92,0X92,0X92,0X92,0X92,0X92,0X92,0X92,0X92,0X92,
C51 COMPILER V9.00   YOU                                                                   07/18/2015 17:16:42 PAGE 7   

 365          0X92,0X92,0X92,0X92,0X92,0X92,0X92,0X92,0X92,0X92,0X92,0X92,0X92,0X92,0X92,0X92,
 366          0X92,0X92,0X92,0X92,0X92,0X92,0X92,0X17,0X17,0X17,0X17,0X17,0X17,0X17,0X17,0X92,
 367          0X92,0X92,0X92,0X92,0X92,0X92,0X92,0X92,0X92,0X92,0X92,0X92,0X92,0X92,0X92,0X92,
 368          0X92,0X92,0X92,0X92,0X92,0X92,0X92,0X92,0X92,0X92,0X92,0X92,0X92,0X92,0X92,0X92,
 369          0X92,0X92,0X92,0X92,0X92,0X92,0X92,0X92,0X92,0X92,0X92,0X92,0X92,0X92,0X92,0X92,
 370          0X92,0X92,0X92,0X92,0X92,0X92,0X92,0X92,0X92,0X92,0X92,0X92,0X92,0X92,0X92,0X92,
 371          0X92,0X92,0X92,0X92,0X92,0X92,0X92,0X92,0X92,0X92,0X92,0X92,0X92,0X92,0X92,0X92,
 372          0X92,0X92,0X92,0X92,0X92,0X92,0X92,0X92,0X92,0X17,0X17,0X17,0X17,0X17,0X17,0X17,
 373          0X92,0X92,0X92,0X92,0X92,0X92,0X92,0X92,0X92,0X92,0X92,0X92,0X92,0X92,0X92,0X92,
 374          0X92,0X92,0X92,0X92,0X92,0X92,0X92,0X92,0X92,0X92,0X92,0X92,0X92,0X92,0X92,0X92,
 375          0X92,0X92,0X92,0X92,0X92,0X92,0X92,0X92,0X92,0X92,0X92,0X92,0X92,0X92,0X92,0X92,
 376          0X92,0X92,0X92,0X92,0X92,0X92,0X92,0X92,0X92,0X92,0X92,0X92,0X92,0X92,0X92,0X92,
 377          0X92,0X92,0X92,0X92,0X92,0X92,0X92,0X92,0X92,0X92,0X92,0X92,0X92,0X92,0X92,0X92,
 378          0X92,0X92,0X92,0X92,0X92,0X92,0X92,0X92,0X92,0X92,0X92,0X17,0X17,0X17,0X17,0X17,
 379          0X92,0X92,0X92,0X92,0X92,0X92,0X92,0X92,0X92,0X92,0X92,0X92,0X92,0X92,0X92,0X92,
 380          0X92,0X92,0X92,0X92,0X92,0X92,0X92,0X92,0X92,0X92,0X92,0X92,0X92,0X92,0X92,0X92,
 381          0X92,0X92,0X92,0X92,0X92,0X92,0X92,0X92,0X92,0X92,0X92,0X92,0X92,0X92,0X92,0X92,
 382          0X92,0X92,0X92,0X92,0X92,0X92,0X92,0X92,0X92,0X92,0X92,0X92,0X92,0X92,0X92,0X92,
 383          0X92,0X92,0X92,0X92,0X92,0X92,0X92,0X92,0X92,0X92,0X92,0X92,0X92,0X92,0X92,0X92,
 384          0X92,0X92,0X92,0X92,0X92,0X92,0X92,0X92,0X92,0X92,0X92,0X92,0X92,0X17,0X17,0X17,
 385          0X17,0X92,0X92,0X92,0X92,0X92,0X92,0X92,0X92,0X92,0X92,0X92,0X92,0X92,0X92,0X92,
 386          0X92,0X92,0X92,0X92,0X92,0X92,0X92,0X92,0X92,0X92,0X92,0X92,0X92,0X92,0X92,0X92,
 387          0X92,0X92,0X92,0X92,0X92,0X92,0X92,0X92,0X92,0X92,0X92,0X92,0X92,0X92,0X92,0X92,
 388          0X92,0X92,0X92,0X92,0X92,0X92,0X92,0X92,0X92,0X92,0X92,0X92,0X92,0X92,0X92,0X92,
 389          0X92,0X92,0X92,0X92,0X92,0X92,0X92,0X92,0X92,0X92,0X92,0X92,0X92,0X92,0X92,0X92,
 390          0X92,0X92,0X92,0X92,0X92,0X92,0X92,0X92,0X92,0X92,0X92,0X92,0X92,0X92,0X92,0X17,
 391          0X17,0X17,0X92,0X92,0X92,0X92,0X92,0X92,0X92,0X92,0X92,0X92,0X92,0X92,0X92,0X92,
 392          0X92,0X92,0X92,0X92,0X92,0X92,0X92,0X92,0X92,0X92,0X92,0X92,0X92,0X92,0X92,0X92,
 393          0X92,0X92,0X92,0X92,0X92,0X92,0X92,0X92,0X92,0X92,0X92,0X92,0X92,0X92,0X92,0X92,
 394          0X92,0X92,0X92,0X92,0X92,0X92,0X92,0X92,0X92,0X92,0X92,0X92,0X92,0X92,0X92,0X92,
 395          0X92,0X92,0X92,0X92,0X92,0X92,0X92,0X92,0X92,0X92,0X92,0X92,0X92,0X92,0X92,0X92,
 396          0X92,0X92,0X92,0X92,0X92,0X92,0X92,0X92,0X92,0X92,0X92,0X92,0X92,0X92,0X92,0X92,
 397          0X92,0X17,0X92,0X92,0X92,0X92,0X92,0X92,0X92,0X92,0X92,0X92,0X92,0X92,0X92,0X92,
 398          0X92,0X92,0X92,0X92,0X92,0X92,0X92,0X92,0X92,0X92,0X92,0X92,0X92,0X92,0X92,0X92,
 399          0X92,0X92,0X92,0X92,0X92,0X92,0X92,0X92,0X92,0X92,0X92,0X92,0X92,0X92,0X92,0X92,
 400          0X92,0X92,0X92,0X92,0X92,0X92,0X92,0X92,0X92,0X92,0X92,0X92,0X92,0X92,0X92,0X92,
 401          0X92,0X92,0X92,0X92,0X92,0X92,0X92,0X92,0X92,0X92,0X92,0X92,0X92,0X92,0X92,0X92,
 402          0X92,0X92,0X92,0X92,0X92,0X92,0X92,0X92,0X92,0X92,0X92,0X92,0X92,0X92,0X92,0X92,
 403          0X92,0X92,0X92,0X92,0X92,0X92,0X92,0X92,0X92,0X92,0X92,0X92,0X92,0X92,0X92,0X92,
 404          0X92,0X92,0X92,0X92,0X92,0X92,0X92,0X92,0X92,0X92,0X92,0X92,0X92,0X92,0X92,0X92,
 405          0X92,0X92,0X92,0X92,0X92,0X92,0X92,0X92,0X92,0X92,0X92,0X92,0X92,0X92,0X92,0X92,
 406          0X92,0X92,0X92,0X92,0X92,0X92,0X92,0X92,0X92,0X92,0X92,0X92,0X92,0X92,0X92,0X92,
 407          0X92,0X92,0X92,0X92,0X92,0X92,0X92,0X92,0X92,0X92,0X92,0X92,0X92,0X92,0X92,0X92,
 408          0X92,0X92,0X92,0X92,0X92,0X92,0X92,0X92,0X92,0X92,0X92,0X92,0X92,0X92,0X92,0X92,
 409          0X92,0X92,0X92,0X92,0X92,0X92,0X92,0X92,0X92,0X92,0X92,0X92,0X92,0X92,0X92,0X92,
 410          0X92,0X92,0X92,0X92,0X92,0X92,0X92,0X92,0X92,0X92,0X92,0X92,0X92,0X92,0X92,0X92,
 411          0X92,0X92,0X92,0X92,0X92,0X92,0X92,0X92,0X92,0X92,0X92,0X92,0X92,0X92,0X92,0X92,
 412          0X92,0X92,0X92,0X92,0X92,0X92,0X92,0X92,0X92,0X92,0X92,0X92,0X92,0X92,0X92,0X92,
 413          0X92,0X92,0X92,0X92,0X92,0X92,0X92,0X92,0X92,0X92,0X92,0X92,0X92,0X92,0X92,0X92,
 414          0X92,0X92,0X92,0X92,0X92,0X92,0X92,0X92,0X92,0X92,0X92,0X92,0X92,0X92,0X92,0X92,
 415          0X92,0X92,0X92,0X92,0X92,0X92,0X92,0X92,0X92,0X92,0X92,0X92,0X92,0X92,0X92,0X92,
 416          0X92,0X92,0X92,0X92,0X92,0X92,0X92,0X92,0X92,0X92,0X92,0X92,0X92,0X92,0X92,0X92,
 417          0X92,0X92,0X92,0X92,0X92,0X92,0X92,0X92,0X92,0X92,0X92,0X92,0X92,0X92,0X92,0X92,
 418          0X92,0X92,0X92,0X92,0X92,0X92,0X92,0X92,};


MODULE INFORMATION:   STATIC OVERLAYABLE
   CODE SIZE        =   ----    ----
   CONSTANT SIZE    =   6664    ----
   XDATA SIZE       =   ----    ----
   PDATA SIZE       =   ----    ----
   DATA SIZE        =   ----    ----
C51 COMPILER V9.00   YOU                                                                   07/18/2015 17:16:42 PAGE 8   

   IDATA SIZE       =   ----    ----
   BIT SIZE         =   ----    ----
END OF MODULE INFORMATION.


C51 COMPILATION COMPLETE.  0 WARNING(S),  0 ERROR(S)
