C51 COMPILER V9.00   ZUO                                                                   07/18/2015 17:16:41 PAGE 1   


C51 COMPILER V9.00, COMPILATION OF MODULE ZUO
OBJECT MODULE PLACED IN ..\out\zuo.obj
COMPILER INVOKED BY: C:\Keil\C51\BIN\C51.EXE ..\resource\zuo.c LARGE BROWSE INCDIR(..\include\drivers;..\include\app;..\
                    -include\gui;..\net\eth;..\net\USIP) DEBUG OBJECTEXTEND PRINT(..\out\zuo.lst) OBJECT(..\out\zuo.obj)

line level    source

   1          code unsigned char gImage_zuo[6664] = { /* 0X08,0X08,0X62,0X00,0X44,0X00, */
   2          0X92,0X92,0X92,0X92,0X92,0X92,0X92,0X92,0X92,0X92,0X92,0X92,0X92,0X92,0X92,0X92,
   3          0X92,0X92,0X92,0X92,0X92,0X92,0X92,0X92,0X92,0X92,0X92,0X92,0X92,0X92,0X92,0X92,
   4          0X92,0X92,0X92,0X92,0X92,0X92,0X92,0X92,0X92,0X92,0X92,0X92,0X92,0X92,0X92,0X92,
   5          0X92,0X92,0X92,0X92,0X92,0X92,0X92,0X92,0X92,0X92,0X92,0X92,0X92,0X92,0X92,0X92,
   6          0X92,0X92,0X92,0X92,0X92,0X92,0X92,0X92,0X92,0X92,0X92,0X92,0X92,0X92,0X92,0X92,
   7          0X92,0X92,0X92,0X92,0X92,0X92,0X92,0X92,0X92,0X92,0X92,0X92,0X92,0X92,0X92,0X92,
   8          0X92,0X92,0X92,0X92,0X92,0X92,0X92,0X92,0X92,0X92,0X92,0X92,0X92,0X92,0X92,0X92,
   9          0X92,0X92,0X92,0X92,0X92,0X92,0X92,0X92,0X92,0X92,0X92,0X92,0X92,0X92,0X92,0X92,
  10          0X92,0X92,0X92,0X92,0X92,0X92,0X92,0X92,0X92,0X92,0X92,0X92,0X92,0X92,0X92,0X92,
  11          0X92,0X92,0X92,0X92,0X92,0X92,0X92,0X92,0X92,0X92,0X92,0X92,0X92,0X92,0X92,0X92,
  12          0X92,0X92,0X92,0X92,0X92,0X92,0X92,0X92,0X92,0X92,0X92,0X92,0X92,0X92,0X92,0X92,
  13          0X92,0X92,0X92,0X92,0X92,0X92,0X92,0X92,0X92,0X92,0X92,0X92,0X92,0X92,0X92,0X92,
  14          0X92,0X92,0X92,0X92,0X92,0X92,0X92,0X92,0X92,0X92,0X92,0X92,0X92,0X92,0X92,0X92,
  15          0X92,0X92,0X92,0X92,0X92,0X92,0X92,0X92,0X92,0X92,0X92,0X92,0X92,0X92,0X92,0X92,
  16          0X92,0X92,0X92,0X92,0X92,0X92,0X92,0X92,0X92,0X92,0X92,0X92,0X92,0X92,0X92,0X92,
  17          0X92,0X92,0X92,0X92,0X92,0X92,0X92,0X92,0X92,0X92,0X92,0X92,0X92,0X92,0X92,0X92,
  18          0X92,0X92,0X92,0X92,0X92,0X92,0X92,0X92,0X92,0X92,0X92,0X92,0X92,0X92,0X92,0X92,
  19          0X92,0X92,0X92,0X92,0X92,0X92,0X92,0X92,0X92,0X92,0X92,0X92,0X92,0X92,0X92,0X92,
  20          0X92,0X92,0X92,0X92,0X92,0X92,0X92,0X92,0X92,0X92,0X92,0X92,0X92,0X92,0X92,0X92,
  21          0X92,0X92,0X92,0X92,0X92,0X92,0X92,0X92,0X92,0X92,0X92,0X92,0X92,0X92,0X92,0X92,
  22          0X92,0X92,0X92,0X92,0X92,0X92,0X92,0X92,0X92,0X92,0X92,0X92,0X92,0X92,0X92,0X92,
  23          0X92,0X92,0X92,0X92,0X92,0X92,0X92,0X92,0X92,0X92,0X92,0X92,0X92,0X92,0X92,0X92,
  24          0X92,0X92,0X92,0X92,0X92,0X92,0X92,0X92,0X92,0X92,0X92,0X92,0X92,0X92,0X92,0X92,
  25          0X92,0X92,0X92,0X92,0X92,0X92,0X92,0X92,0X92,0X92,0X92,0X92,0X92,0X92,0X92,0X92,
  26          0X92,0X92,0X92,0X92,0X92,0X92,0X92,0X92,0X92,0X92,0X92,0X92,0X92,0X92,0X92,0X92,
  27          0X92,0X92,0X92,0X92,0X92,0X92,0X92,0X92,0X92,0X92,0X92,0X92,0X92,0X92,0X92,0X92,
  28          0X92,0X92,0X92,0X92,0X92,0X92,0X92,0X92,0X92,0X92,0X92,0X92,0X92,0X92,0X92,0X92,
  29          0X92,0X92,0X92,0X92,0X92,0X92,0X92,0X92,0X92,0X92,0X92,0X92,0X92,0X92,0X92,0X92,
  30          0X92,0X92,0X92,0X92,0X92,0X92,0X92,0X92,0X92,0X92,0X92,0X92,0X92,0X92,0X92,0X92,
  31          0X92,0X92,0X92,0X92,0X92,0X92,0X92,0X92,0X92,0X92,0X92,0X92,0X92,0X92,0X92,0X92,
  32          0X92,0X92,0X92,0X92,0X92,0X92,0X92,0X92,0X92,0X92,0X92,0X92,0X92,0X92,0X92,0X92,
  33          0X92,0X92,0X92,0X92,0X92,0X92,0X92,0X92,0X92,0X92,0X92,0X92,0X92,0X92,0X92,0X92,
  34          0X92,0X92,0X92,0X92,0X92,0X92,0X92,0X92,0X92,0X92,0X92,0X92,0X92,0X92,0X92,0X92,
  35          0X92,0X92,0X92,0X92,0X92,0X92,0X92,0X92,0X92,0X92,0X92,0XE5,0X92,0X92,0X92,0X92,
  36          0X92,0X92,0X92,0X92,0X92,0X92,0X92,0X92,0X92,0X92,0X92,0X92,0X92,0X92,0X92,0X92,
  37          0X92,0X92,0X92,0X92,0X92,0X92,0X92,0X92,0X92,0X92,0X92,0X92,0X92,0X92,0X92,0X92,
  38          0X92,0X92,0X92,0X92,0X92,0X92,0X92,0X92,0X92,0X92,0X92,0X92,0X92,0X92,0X92,0X92,
  39          0X92,0X92,0X92,0X92,0X92,0X92,0X92,0X92,0X92,0X92,0X92,0X92,0X92,0X92,0X92,0X92,
  40          0X92,0X92,0X92,0X92,0X92,0X92,0X92,0X92,0X92,0X92,0X92,0X92,0X92,0X92,0X92,0X92,
  41          0X92,0X92,0X92,0X92,0X92,0X92,0X92,0X92,0X92,0X92,0X92,0XE5,0XE5,0XE5,0X92,0X92,
  42          0X92,0X92,0X92,0X92,0X92,0X92,0X92,0X92,0X92,0X92,0X92,0X92,0X92,0X92,0X92,0X92,
  43          0X92,0X92,0X92,0X92,0X92,0X92,0X92,0X92,0X92,0X92,0X92,0X92,0X92,0X92,0X92,0X92,
  44          0X92,0X92,0X92,0X92,0X92,0X92,0X92,0X92,0X92,0X92,0X92,0X92,0X92,0X92,0X92,0X92,
  45          0X92,0X92,0X92,0X92,0X92,0X92,0X92,0X92,0X92,0X92,0X92,0X92,0X92,0X92,0X92,0X92,
  46          0X92,0X92,0X92,0X92,0X92,0X92,0X92,0X92,0X92,0X92,0X92,0X92,0X92,0X92,0X92,0X92,
  47          0X92,0X92,0X92,0X92,0X92,0X92,0X92,0X92,0X92,0X92,0X92,0X92,0XE5,0XE5,0XE5,0XE5,
  48          0X92,0X92,0X92,0X92,0X92,0X92,0X92,0X92,0X92,0X92,0X92,0X92,0X92,0X92,0X92,0X92,
  49          0X92,0X92,0X92,0X92,0X92,0X92,0X92,0X92,0X92,0X92,0X92,0X92,0X92,0X92,0X92,0X92,
  50          0X92,0X92,0X92,0X92,0X92,0X92,0X92,0X92,0X92,0X92,0X92,0X92,0X92,0X92,0X92,0X92,
  51          0X92,0X92,0X92,0X92,0X92,0X92,0X92,0X92,0X92,0X92,0X92,0X92,0X92,0X92,0X92,0X92,
  52          0X92,0X92,0X92,0X92,0X92,0X92,0X92,0X92,0X92,0X92,0X92,0X92,0X92,0X92,0X92,0X92,
  53          0X92,0X92,0X92,0X92,0X92,0X92,0X92,0X92,0X92,0X92,0X92,0X92,0X92,0XE5,0XE5,0XE5,
  54          0XE5,0XE5,0X92,0X92,0X92,0X92,0X92,0X92,0X92,0X92,0X92,0X92,0X92,0X92,0X92,0X92,
C51 COMPILER V9.00   ZUO                                                                   07/18/2015 17:16:41 PAGE 2   

  55          0X92,0X92,0X92,0X92,0X92,0X92,0X92,0X92,0X92,0X92,0X92,0X92,0X92,0X92,0X92,0X92,
  56          0X92,0X92,0X92,0X92,0X92,0X92,0X92,0X92,0X92,0X92,0X92,0X92,0X92,0X92,0X92,0X92,
  57          0X92,0X92,0X92,0X92,0X92,0X92,0X92,0X92,0X92,0X92,0X92,0X92,0X92,0X92,0X92,0X92,
  58          0X92,0X92,0X92,0X92,0X92,0X92,0X92,0X92,0X92,0X92,0X92,0X92,0X92,0X92,0X92,0X92,
  59          0X92,0X92,0X92,0X92,0X92,0X92,0X92,0X92,0X92,0X92,0X92,0X92,0X92,0XE5,0XE5,0XE5,
  60          0XE5,0XE5,0XE5,0XE5,0X92,0X92,0X92,0X92,0X92,0X92,0X92,0X92,0X92,0X92,0X92,0X92,
  61          0X92,0X92,0X92,0X92,0X92,0X92,0X92,0X92,0X92,0X92,0X92,0X92,0X92,0X92,0X92,0X92,
  62          0X92,0X92,0X92,0X92,0X92,0X92,0X92,0X92,0X92,0X92,0X92,0X92,0X92,0X92,0X92,0X92,
  63          0X92,0X92,0X92,0X92,0X92,0X92,0X92,0X92,0X92,0X92,0X92,0X92,0X92,0X92,0X92,0X92,
  64          0X92,0X92,0X92,0X92,0X92,0X92,0X92,0X92,0X92,0X92,0X92,0X92,0X92,0X92,0X92,0X92,
  65          0X92,0X92,0X92,0X92,0X92,0X92,0X92,0X92,0X92,0X92,0X92,0X92,0X92,0X92,0XE5,0XE5,
  66          0XE5,0XE5,0XE5,0XE5,0XE5,0XE5,0X92,0X92,0X92,0X92,0X92,0X92,0X92,0X92,0X92,0X92,
  67          0X92,0X92,0X92,0X92,0X92,0X92,0X92,0X92,0X92,0X92,0X92,0X92,0X92,0X92,0X92,0X92,
  68          0X92,0X92,0X92,0X92,0X92,0X92,0X92,0X92,0X92,0X92,0X92,0X92,0X92,0X92,0X92,0X92,
  69          0X92,0X92,0X92,0X92,0X92,0X92,0X92,0X92,0X92,0X92,0X92,0X92,0X92,0X92,0X92,0X92,
  70          0X92,0X92,0X92,0X92,0X92,0X92,0X92,0X92,0X92,0X92,0X92,0X92,0X92,0X92,0X92,0X92,
  71          0X92,0X92,0X92,0X92,0X92,0X92,0X92,0X92,0X92,0X92,0X92,0X92,0X92,0X92,0XE5,0XE5,
  72          0XE5,0XE5,0XE5,0XE5,0XE5,0XE5,0XE5,0XE5,0X92,0X92,0X92,0X92,0X92,0X92,0X92,0X92,
  73          0X92,0X92,0X92,0X92,0X92,0X92,0X92,0X92,0X92,0X92,0X92,0X92,0X92,0X92,0X92,0X92,
  74          0X92,0X92,0X92,0X92,0X92,0X92,0X92,0X92,0X92,0X92,0X92,0X92,0X92,0X92,0X92,0X92,
  75          0X92,0X92,0X92,0X92,0X92,0X92,0X92,0X92,0X92,0X92,0X92,0X92,0X92,0X92,0X92,0X92,
  76          0X92,0X92,0X92,0X92,0X92,0X92,0X92,0X92,0X92,0X92,0X92,0X92,0X92,0X92,0X92,0X92,
  77          0X92,0X92,0X92,0X92,0X92,0X92,0X92,0X92,0X92,0X92,0X92,0X92,0X92,0X92,0X92,0XE5,
  78          0XE5,0XE5,0XE5,0XE5,0XE5,0XE5,0XE5,0XE5,0XE5,0XE5,0X92,0X92,0X92,0X92,0X92,0X92,
  79          0X92,0X92,0X92,0X92,0X92,0X92,0X92,0X92,0X92,0X92,0X92,0X92,0X92,0X92,0X92,0X92,
  80          0X92,0X92,0X92,0X92,0X92,0X92,0X92,0X92,0X92,0X92,0X92,0X92,0X92,0X92,0X92,0X92,
  81          0X92,0X92,0X92,0X92,0X92,0X92,0X92,0X92,0X92,0X92,0X92,0X92,0X92,0X92,0X92,0X92,
  82          0X92,0X92,0X92,0X92,0X92,0X92,0X92,0X92,0X92,0X92,0X92,0X92,0X92,0X92,0X92,0X92,
  83          0X92,0X92,0X92,0X92,0X92,0X92,0X92,0X92,0X92,0X92,0X92,0X92,0X92,0X92,0X92,0XE5,
  84          0XE5,0XE5,0XE5,0XE5,0XE5,0XE5,0XE5,0XE5,0XE5,0XE5,0XE5,0XE5,0X92,0X92,0X92,0X92,
  85          0X92,0X92,0X92,0X92,0X92,0X92,0X92,0X92,0X92,0X92,0X92,0X92,0X92,0X92,0X92,0X92,
  86          0X92,0X92,0X92,0X92,0X92,0X92,0X92,0X92,0X92,0X92,0X92,0X92,0X92,0X92,0X92,0X92,
  87          0X92,0X92,0X92,0X92,0X92,0X92,0X92,0X92,0X92,0X92,0X92,0X92,0X92,0X92,0X92,0X92,
  88          0X92,0X92,0X92,0X92,0X92,0X92,0X92,0X92,0X92,0X92,0X92,0X92,0X92,0X92,0X92,0X92,
  89          0X92,0X92,0X92,0X92,0X92,0X92,0X92,0X92,0X92,0X92,0X92,0X92,0X92,0X92,0X92,0X92,
  90          0XE5,0XE5,0XE5,0XE5,0XE5,0XE5,0XE5,0XE5,0XE5,0XE5,0XE5,0XE5,0XE5,0XE5,0X92,0X92,
  91          0X92,0X92,0X92,0X92,0X92,0X92,0X92,0X92,0X92,0X92,0X92,0X92,0X92,0X92,0X92,0X92,
  92          0X92,0X92,0X92,0X92,0X92,0X92,0X92,0X92,0X92,0X92,0X92,0X92,0X92,0X92,0X92,0X92,
  93          0X92,0X92,0X92,0X92,0X92,0X92,0X92,0X92,0X92,0X92,0X92,0X92,0X92,0X92,0X92,0X92,
  94          0X92,0X92,0X92,0X92,0X92,0X92,0X92,0X92,0X92,0X92,0X92,0X92,0X92,0X92,0X92,0X92,
  95          0X92,0X92,0X92,0X92,0X92,0X92,0X92,0X92,0X92,0X92,0X92,0X92,0X92,0X92,0X92,0X92,
  96          0X92,0XE5,0XE5,0XE5,0XE5,0XE5,0XE5,0XE5,0XE5,0XE5,0XE5,0XE5,0XE5,0XE5,0XE5,0XE5,
  97          0X92,0X92,0X92,0X92,0X92,0X92,0X92,0X92,0X92,0X92,0X92,0X92,0X92,0X92,0X92,0X92,
  98          0X92,0X92,0X92,0X92,0X92,0X92,0X92,0X92,0X92,0X92,0X92,0X92,0X92,0X92,0X92,0X92,
  99          0X92,0X92,0X92,0X92,0X92,0X92,0X92,0X92,0X92,0X92,0X92,0X92,0X92,0X92,0X92,0X92,
 100          0X92,0X92,0X92,0X92,0X92,0X92,0X92,0X92,0X92,0X92,0X92,0X92,0X92,0X92,0X92,0X92,
 101          0X92,0X92,0X92,0X92,0X92,0X92,0X92,0X92,0X92,0X92,0X92,0X92,0X92,0X92,0X92,0X92,
 102          0X92,0XE5,0XE5,0XE5,0XE5,0XE5,0XE5,0XE5,0XE5,0XE5,0XE5,0XE5,0XE5,0XE5,0XE5,0XE5,
 103          0XE5,0XE5,0X92,0X92,0X92,0X92,0X92,0X92,0X92,0X92,0X92,0X92,0X92,0X92,0X92,0X92,
 104          0X92,0X92,0X92,0X92,0X92,0X92,0X92,0X92,0X92,0X92,0X92,0X92,0X92,0X92,0X92,0X92,
 105          0X92,0X92,0X92,0X92,0X92,0X92,0X92,0X92,0X92,0X92,0X92,0X92,0X92,0X92,0X92,0X92,
 106          0X92,0X92,0X92,0X92,0X92,0X92,0X92,0X92,0X92,0X92,0X92,0X92,0X92,0X92,0X92,0X92,
 107          0X92,0X92,0X92,0X92,0X92,0X92,0X92,0X92,0X92,0X92,0X92,0X92,0X92,0X92,0X92,0X92,
 108          0X92,0X92,0XE5,0XE5,0XE5,0XE5,0XE5,0XE5,0XE5,0XE5,0XE5,0XE5,0XE5,0XE5,0XE5,0XE5,
 109          0XE5,0XE5,0XE5,0XE5,0X92,0X92,0X92,0X92,0X92,0X92,0X92,0X92,0X92,0X92,0X92,0X92,
 110          0X92,0X92,0X92,0X92,0X92,0X92,0X92,0X92,0X92,0X92,0X92,0X92,0X92,0X92,0X92,0X92,
 111          0X92,0X92,0X92,0X92,0X92,0X92,0X92,0X92,0X92,0X92,0X92,0X92,0X92,0X92,0X92,0X92,
 112          0X92,0X92,0X92,0X92,0X92,0X92,0X92,0X92,0X92,0X92,0X92,0X92,0X92,0X92,0X92,0X92,
 113          0X92,0X92,0X92,0X92,0X92,0X92,0X92,0X92,0X92,0X92,0X92,0X92,0X92,0X92,0X92,0X92,
 114          0X92,0X92,0XE5,0XE5,0XE5,0XE5,0XE5,0XE5,0XE5,0XE5,0XE5,0XE5,0XE5,0XE5,0XE5,0XE5,
 115          0XE5,0XE5,0XE5,0XE5,0XE5,0XE5,0X92,0X92,0X92,0X92,0X92,0X92,0X92,0X92,0X92,0X92,
 116          0X92,0X92,0X92,0X92,0X92,0X92,0X92,0X92,0X92,0X92,0X92,0X92,0X92,0X92,0X92,0X92,
C51 COMPILER V9.00   ZUO                                                                   07/18/2015 17:16:41 PAGE 3   

 117          0X92,0X92,0X92,0X92,0X92,0X92,0X92,0X92,0X92,0X92,0X92,0X92,0X92,0X92,0X92,0X92,
 118          0X92,0X92,0X92,0X92,0X92,0X92,0X92,0X92,0X92,0X92,0X92,0X92,0X92,0X92,0X92,0X92,
 119          0X92,0X92,0X92,0X92,0X92,0X92,0X92,0X92,0X92,0X92,0X92,0X92,0X92,0X92,0X92,0X92,
 120          0X92,0X92,0X92,0XE5,0XE5,0XE5,0XE5,0XE5,0XE5,0XE5,0XE5,0XE5,0XE5,0XE5,0XE5,0XE5,
 121          0XE5,0XE5,0XE5,0XE5,0XE5,0XE5,0XE5,0XE5,0X92,0X92,0X92,0X92,0X92,0X92,0X92,0X92,
 122          0X92,0X92,0X92,0X92,0X92,0X92,0X92,0X92,0X92,0X92,0X92,0X92,0X92,0X92,0X92,0X92,
 123          0X92,0X92,0X92,0X92,0X92,0X92,0X92,0X92,0X92,0X92,0X92,0X92,0X92,0X92,0X92,0X92,
 124          0X92,0X92,0X92,0X92,0X92,0X92,0X92,0X92,0X92,0X92,0X92,0X92,0X92,0X92,0X92,0X92,
 125          0X92,0X92,0X92,0X92,0X92,0X92,0X92,0X92,0X92,0X92,0X92,0X92,0X92,0X92,0X92,0X92,
 126          0X92,0X92,0X92,0XE5,0XE5,0XE5,0XE5,0XE5,0XE5,0XE5,0XE5,0XE5,0XE5,0XE5,0XE5,0XE5,
 127          0XE5,0XE5,0XE5,0XE5,0XE5,0XE5,0XE5,0XE5,0XE5,0XE5,0XE5,0XE5,0XE5,0XE5,0XE5,0XE5,
 128          0XE5,0XE5,0XE5,0XE5,0XE5,0XE5,0XE5,0XE5,0XE5,0XE5,0XE5,0XE5,0XE5,0XE5,0XE5,0XE5,
 129          0XE5,0XE5,0XE5,0XE5,0XE5,0XE5,0XE5,0XE5,0XE5,0XE5,0XE5,0XE5,0XE5,0XE5,0XE5,0XE5,
 130          0XE5,0XE5,0XE5,0XE5,0X92,0X92,0X92,0X92,0X92,0X92,0X92,0X92,0X92,0X92,0X92,0X92,
 131          0X92,0X92,0X92,0X92,0X92,0X92,0X92,0X92,0X92,0X92,0X92,0X92,0X92,0X92,0X92,0X92,
 132          0X92,0X92,0X92,0X92,0XE5,0XE5,0XE5,0XE5,0XE5,0XE5,0XE5,0XE5,0XE5,0XE5,0XE5,0XE5,
 133          0XE5,0XE5,0XE5,0XE5,0XE5,0XE5,0XE5,0XE5,0XE5,0XE5,0XE5,0XE5,0XE5,0XE5,0XE5,0XE5,
 134          0XE5,0XE5,0XE5,0XE5,0XE5,0XE5,0XE5,0XE5,0XE5,0XE5,0XE5,0XE5,0XE5,0XE5,0XE5,0XE5,
 135          0XE5,0XE5,0XE5,0XE5,0XE5,0XE5,0XE5,0XE5,0XE5,0XE5,0XE5,0XE5,0XE5,0XE5,0XE5,0XE5,
 136          0XE5,0XE5,0XE5,0XE5,0XE5,0XE5,0X92,0X92,0X92,0X92,0X92,0X92,0X92,0X92,0X92,0X92,
 137          0X92,0X92,0X92,0X92,0X92,0X92,0X92,0X92,0X92,0X92,0X92,0X92,0X92,0X92,0X92,0X92,
 138          0X92,0X92,0X92,0X92,0X92,0XE5,0XE5,0XE5,0XE5,0XE5,0XE5,0XE5,0XE5,0XE5,0XE5,0XE5,
 139          0XE5,0XE5,0XE5,0XE5,0XE5,0XE5,0XE5,0XE5,0XE5,0XE5,0XE5,0XE5,0XE5,0XE5,0XE5,0XE5,
 140          0XE5,0XE5,0XE5,0XE5,0XE5,0XE5,0XE5,0XE5,0XE5,0XE5,0XE5,0XE5,0XE5,0XE5,0XE5,0XE5,
 141          0XE5,0XE5,0XE5,0XE5,0XE5,0XE5,0XE5,0XE5,0XE5,0XE5,0XE5,0XE5,0XE5,0XE5,0XE5,0XE5,
 142          0XE5,0XE5,0XE5,0XE5,0XE5,0XE5,0XE5,0XE5,0X92,0X92,0X92,0X92,0X92,0X92,0X92,0X92,
 143          0X92,0X92,0X92,0X92,0X92,0X92,0X92,0X92,0X92,0X92,0X92,0X92,0X92,0X92,0X92,0X92,
 144          0X92,0X92,0X92,0X92,0X92,0XE5,0XE5,0XE5,0XE5,0XE5,0XE5,0XE5,0XE5,0XE5,0XE5,0XE5,
 145          0XE5,0XE5,0XE5,0XE5,0XE5,0XE5,0XE5,0XE5,0XE5,0XE5,0XE5,0XE5,0XE5,0XE5,0XE5,0XE5,
 146          0XE5,0XE5,0XE5,0XE5,0XE5,0XE5,0XE5,0XE5,0XE5,0XE5,0XE5,0XE5,0XE5,0XE5,0XE5,0XE5,
 147          0XE5,0XE5,0XE5,0XE5,0XE5,0XE5,0XE5,0XE5,0XE5,0XE5,0XE5,0XE5,0XE5,0XE5,0XE5,0XE5,
 148          0XE5,0XE5,0XE5,0XE5,0XE5,0XE5,0XE5,0XE5,0XE5,0XE5,0X92,0X92,0X92,0X92,0X92,0X92,
 149          0X92,0X92,0X92,0X92,0X92,0X92,0X92,0X92,0X92,0X92,0X92,0X92,0X92,0X92,0X92,0X92,
 150          0X92,0X92,0X92,0X92,0X92,0X92,0XE5,0XE5,0XE5,0XE5,0XE5,0XE5,0XE5,0XE5,0XE5,0XE5,
 151          0XE5,0XE5,0XE5,0XE5,0XE5,0XE5,0XE5,0XE5,0XE5,0XE5,0XE5,0XE5,0XE5,0XE5,0XE5,0XE5,
 152          0XE5,0XE5,0XE5,0XE5,0XE5,0XE5,0XE5,0XE5,0XE5,0XE5,0XE5,0XE5,0XE5,0XE5,0XE5,0XE5,
 153          0XE5,0XE5,0XE5,0XE5,0XE5,0XE5,0XE5,0XE5,0XE5,0XE5,0XE5,0XE5,0XE5,0XE5,0XE5,0XE5,
 154          0XE5,0XE5,0XE5,0XE5,0XE5,0XE5,0XE5,0XE5,0XE5,0XE5,0XE5,0XE5,0X92,0X92,0X92,0X92,
 155          0X92,0X92,0X92,0X92,0X92,0X92,0X92,0X92,0X92,0X92,0X92,0X92,0X92,0X92,0X92,0X92,
 156          0X92,0X92,0X92,0X92,0X92,0X92,0XE5,0XE5,0XE5,0XE5,0XE5,0XE5,0XE5,0XE5,0XE5,0XE5,
 157          0XE5,0XE5,0XE5,0XE5,0XE5,0XE5,0XE5,0XE5,0XE5,0XE5,0XE5,0XE5,0XE5,0XE5,0XE5,0XE5,
 158          0XE5,0XE5,0XE5,0XE5,0XE5,0XE5,0XE5,0XE5,0XE5,0XE5,0XE5,0XE5,0XE5,0XE5,0XE5,0XE5,
 159          0XE5,0XE5,0XE5,0XE5,0XE5,0XE5,0XE5,0XE5,0XE5,0XE5,0XE5,0XE5,0XE5,0XE5,0XE5,0XE5,
 160          0XE5,0XE5,0XE5,0XE5,0XE5,0XE5,0XE5,0XE5,0XE5,0XE5,0XE5,0XE5,0XE5,0XE5,0X92,0X92,
 161          0X92,0X92,0X92,0X92,0X92,0X92,0X92,0X92,0X92,0X92,0X92,0X92,0X92,0X92,0X92,0X92,
 162          0X92,0X92,0X92,0X92,0X92,0X92,0X92,0XE5,0XE5,0XE5,0XE5,0XE5,0XE5,0XE5,0XE5,0XE5,
 163          0XE5,0XE5,0XE5,0XE5,0XE5,0XE5,0XE5,0XE5,0XE5,0XE5,0XE5,0XE5,0XE5,0XE5,0XE5,0XE5,
 164          0XE5,0XE5,0XE5,0XE5,0XE5,0XE5,0XE5,0XE5,0XE5,0XE5,0XE5,0XE5,0XE5,0XE5,0XE5,0XE5,
 165          0XE5,0XE5,0XE5,0XE5,0XE5,0XE5,0XE5,0XE5,0XE5,0XE5,0XE5,0XE5,0XE5,0XE5,0XE5,0XE5,
 166          0XE5,0XE5,0XE5,0XE5,0XE5,0XE5,0XE5,0XE5,0XE5,0XE5,0XE5,0XE5,0XE5,0XE5,0XE5,0XE5,
 167          0X92,0X92,0X92,0X92,0X92,0X92,0X92,0X92,0X92,0X92,0X92,0X92,0X92,0X92,0X92,0X92,
 168          0X92,0X92,0X92,0X92,0X92,0X92,0X92,0XE5,0XE5,0XE5,0XE5,0XE5,0XE5,0XE5,0XE5,0XE5,
 169          0XE5,0XE5,0XE5,0XE5,0XE5,0XE5,0XE5,0XE5,0XE5,0XE5,0XE5,0XE5,0XE5,0XE5,0XE5,0XE5,
 170          0XE5,0XE5,0XE5,0XE5,0XE5,0XE5,0XE5,0XE5,0XE5,0XE5,0XE5,0XE5,0XE5,0XE5,0XE5,0XE5,
 171          0XE5,0XE5,0XE5,0XE5,0XE5,0XE5,0XE5,0XE5,0XE5,0XE5,0XE5,0XE5,0XE5,0XE5,0XE5,0XE5,
 172          0XE5,0XE5,0XE5,0XE5,0XE5,0XE5,0XE5,0XE5,0XE5,0XE5,0XE5,0XE5,0XE5,0XE5,0XE5,0XE5,
 173          0XE5,0XE5,0X92,0X92,0X92,0X92,0X92,0X92,0X92,0X92,0X92,0X92,0X92,0X92,0X92,0X92,
 174          0X92,0X92,0X92,0X92,0X92,0X92,0X92,0X92,0XE5,0XE5,0XE5,0XE5,0XE5,0XE5,0XE5,0XE5,
 175          0XE5,0XE5,0XE5,0XE5,0XE5,0XE5,0XE5,0XE5,0XE5,0XE5,0XE5,0XE5,0XE5,0XE5,0XE5,0XE5,
 176          0XE5,0XE5,0XE5,0XE5,0XE5,0XE5,0XE5,0XE5,0XE5,0XE5,0XE5,0XE5,0XE5,0XE5,0XE5,0XE5,
 177          0XE5,0XE5,0XE5,0XE5,0XE5,0XE5,0XE5,0XE5,0XE5,0XE5,0XE5,0XE5,0XE5,0XE5,0XE5,0XE5,
 178          0XE5,0XE5,0XE5,0XE5,0XE5,0XE5,0XE5,0XE5,0XE5,0XE5,0XE5,0XE5,0XE5,0XE5,0XE5,0XE5,
C51 COMPILER V9.00   ZUO                                                                   07/18/2015 17:16:41 PAGE 4   

 179          0XE5,0XE5,0XE5,0XE5,0X92,0X92,0X92,0X92,0X92,0X92,0X92,0X92,0X92,0X92,0X92,0X92,
 180          0X92,0X92,0X92,0X92,0X92,0X92,0X92,0X92,0X92,0XE5,0XE5,0XE5,0XE5,0XE5,0XE5,0XE5,
 181          0XE5,0XE5,0XE5,0XE5,0XE5,0XE5,0XE5,0XE5,0XE5,0XE5,0XE5,0XE5,0XE5,0XE5,0XE5,0XE5,
 182          0XE5,0XE5,0XE5,0XE5,0XE5,0XE5,0XE5,0XE5,0XE5,0XE5,0XE5,0XE5,0XE5,0XE5,0XE5,0XE5,
 183          0XE5,0XE5,0XE5,0XE5,0XE5,0XE5,0XE5,0XE5,0XE5,0XE5,0XE5,0XE5,0XE5,0XE5,0XE5,0XE5,
 184          0XE5,0XE5,0XE5,0XE5,0XE5,0XE5,0XE5,0XE5,0XE5,0XE5,0XE5,0XE5,0XE5,0XE5,0XE5,0XE5,
 185          0XE5,0XE5,0XE5,0XE5,0XE5,0XE5,0X92,0X92,0X92,0X92,0X92,0X92,0X92,0X92,0X92,0X92,
 186          0X92,0X92,0X92,0X92,0X92,0X92,0X92,0X92,0X92,0XE5,0XE5,0XE5,0XE5,0XE5,0XE5,0XE5,
 187          0XE5,0XE5,0XE5,0XE5,0XE5,0XE5,0XE5,0XE5,0XE5,0XE5,0XE5,0XE5,0XE5,0XE5,0XE5,0XE5,
 188          0XE5,0XE5,0XE5,0XE5,0XE5,0XE5,0XE5,0XE5,0XE5,0XE5,0XE5,0XE5,0XE5,0XE5,0XE5,0XE5,
 189          0XE5,0XE5,0XE5,0XE5,0XE5,0XE5,0XE5,0XE5,0XE5,0XE5,0XE5,0XE5,0XE5,0XE5,0XE5,0XE5,
 190          0XE5,0XE5,0XE5,0XE5,0XE5,0XE5,0XE5,0XE5,0XE5,0XE5,0XE5,0XE5,0XE5,0XE5,0XE5,0XE5,
 191          0XE5,0XE5,0XE5,0XE5,0XE5,0XE5,0XE5,0XE5,0X92,0X92,0X92,0X92,0X92,0X92,0X92,0X92,
 192          0X92,0X92,0X92,0X92,0X92,0X92,0X92,0X92,0X92,0X92,0XE5,0XE5,0XE5,0XE5,0XE5,0XE5,
 193          0XE5,0XE5,0XE5,0XE5,0XE5,0XE5,0XE5,0XE5,0XE5,0XE5,0XE5,0XE5,0XE5,0XE5,0XE5,0XE5,
 194          0XE5,0XE5,0XE5,0XE5,0XE5,0XE5,0XE5,0XE5,0XE5,0XE5,0XE5,0XE5,0XE5,0XE5,0XE5,0XE5,
 195          0XE5,0XE5,0XE5,0XE5,0XE5,0XE5,0XE5,0XE5,0XE5,0XE5,0XE5,0XE5,0XE5,0XE5,0XE5,0XE5,
 196          0XE5,0XE5,0XE5,0XE5,0XE5,0XE5,0XE5,0XE5,0XE5,0XE5,0XE5,0XE5,0XE5,0XE5,0XE5,0XE5,
 197          0XE5,0XE5,0XE5,0XE5,0XE5,0XE5,0XE5,0XE5,0XE5,0XE5,0X92,0X92,0X92,0X92,0X92,0X92,
 198          0X92,0X92,0X92,0X92,0X92,0X92,0X92,0X92,0X92,0X92,0XE5,0XE5,0XE5,0XE5,0XE5,0XE5,
 199          0XE5,0XE5,0XE5,0XE5,0XE5,0XE5,0XE5,0XE5,0XE5,0XE5,0XE5,0XE5,0XE5,0XE5,0XE5,0XE5,
 200          0XE5,0XE5,0XE5,0XE5,0XE5,0XE5,0XE5,0XE5,0XE5,0XE5,0XE5,0XE5,0XE5,0XE5,0XE5,0XE5,
 201          0XE5,0XE5,0XE5,0XE5,0XE5,0XE5,0XE5,0XE5,0XE5,0XE5,0XE5,0XE5,0XE5,0XE5,0XE5,0XE5,
 202          0XE5,0XE5,0XE5,0XE5,0XE5,0XE5,0XE5,0XE5,0XE5,0XE5,0XE5,0XE5,0XE5,0XE5,0XE5,0XE5,
 203          0XE5,0XE5,0XE5,0XE5,0XE5,0XE5,0XE5,0XE5,0XE5,0XE5,0XE5,0XE5,0X92,0X92,0X92,0X92,
 204          0X92,0X92,0X92,0X92,0X92,0X92,0X92,0X92,0X92,0X92,0X92,0XE5,0XE5,0XE5,0XE5,0XE5,
 205          0XE5,0XE5,0XE5,0XE5,0XE5,0XE5,0XE5,0XE5,0XE5,0XE5,0XE5,0XE5,0XE5,0XE5,0XE5,0XE5,
 206          0XE5,0XE5,0XE5,0XE5,0XE5,0XE5,0XE5,0XE5,0XE5,0XE5,0XE5,0XE5,0XE5,0XE5,0XE5,0XE5,
 207          0XE5,0XE5,0XE5,0XE5,0XE5,0XE5,0XE5,0XE5,0XE5,0XE5,0XE5,0XE5,0XE5,0XE5,0XE5,0XE5,
 208          0XE5,0XE5,0XE5,0XE5,0XE5,0XE5,0XE5,0XE5,0XE5,0XE5,0XE5,0XE5,0XE5,0XE5,0XE5,0XE5,
 209          0XE5,0XE5,0XE5,0XE5,0XE5,0XE5,0XE5,0XE5,0XE5,0XE5,0XE5,0XE5,0XE5,0XE5,0X92,0X92,
 210          0X92,0X92,0X92,0X92,0X92,0X92,0X92,0X92,0X92,0X92,0X92,0XE5,0XE5,0XE5,0XE5,0XE5,
 211          0XE5,0XE5,0XE5,0XE5,0XE5,0XE5,0XE5,0XE5,0XE5,0XE5,0XE5,0XE5,0XE5,0XE5,0XE5,0XE5,
 212          0XE5,0XE5,0XE5,0XE5,0XE5,0XE5,0XE5,0XE5,0XE5,0XE5,0XE5,0XE5,0XE5,0XE5,0XE5,0XE5,
 213          0XE5,0XE5,0XE5,0XE5,0XE5,0XE5,0XE5,0XE5,0XE5,0XE5,0XE5,0XE5,0XE5,0XE5,0XE5,0XE5,
 214          0XE5,0XE5,0XE5,0XE5,0XE5,0XE5,0XE5,0XE5,0XE5,0XE5,0XE5,0XE5,0XE5,0XE5,0XE5,0XE5,
 215          0XE5,0XE5,0XE5,0XE5,0XE5,0XE5,0XE5,0XE5,0XE5,0XE5,0XE5,0XE5,0XE5,0XE5,0XE5,0XE5,
 216          0X92,0X92,0X92,0X92,0X92,0X92,0X92,0X92,0X92,0X92,0X92,0X92,0X92,0X92,0XE5,0XE5,
 217          0XE5,0XE5,0XE5,0XE5,0XE5,0XE5,0XE5,0XE5,0XE5,0XE5,0XE5,0XE5,0XE5,0XE5,0XE5,0XE5,
 218          0XE5,0XE5,0XE5,0XE5,0XE5,0XE5,0XE5,0XE5,0XE5,0XE5,0XE5,0XE5,0XE5,0XE5,0XE5,0XE5,
 219          0XE5,0XE5,0XE5,0XE5,0XE5,0XE5,0XE5,0XE5,0XE5,0XE5,0XE5,0XE5,0XE5,0XE5,0XE5,0XE5,
 220          0XE5,0XE5,0XE5,0XE5,0XE5,0XE5,0XE5,0XE5,0XE5,0XE5,0XE5,0XE5,0XE5,0XE5,0XE5,0XE5,
 221          0XE5,0XE5,0XE5,0XE5,0XE5,0XE5,0XE5,0XE5,0XE5,0XE5,0XE5,0XE5,0XE5,0XE5,0XE5,0XE5,
 222          0XE5,0XE5,0X92,0X92,0X92,0X92,0X92,0X92,0X92,0X92,0X92,0X92,0X92,0X92,0X92,0X92,
 223          0X92,0XE5,0XE5,0XE5,0XE5,0XE5,0XE5,0XE5,0XE5,0XE5,0XE5,0XE5,0XE5,0XE5,0XE5,0XE5,
 224          0XE5,0XE5,0XE5,0XE5,0XE5,0XE5,0XE5,0XE5,0XE5,0XE5,0XE5,0XE5,0XE5,0XE5,0XE5,0XE5,
 225          0XE5,0XE5,0XE5,0XE5,0XE5,0XE5,0XE5,0XE5,0XE5,0XE5,0XE5,0XE5,0XE5,0XE5,0XE5,0XE5,
 226          0XE5,0XE5,0XE5,0XE5,0XE5,0XE5,0XE5,0XE5,0XE5,0XE5,0XE5,0XE5,0XE5,0XE5,0XE5,0XE5,
 227          0XE5,0XE5,0XE5,0XE5,0XE5,0XE5,0XE5,0XE5,0XE5,0XE5,0XE5,0XE5,0XE5,0XE5,0XE5,0XE5,
 228          0XE5,0XE5,0XE5,0XE5,0X92,0X92,0X92,0X92,0X92,0X92,0X92,0X92,0X92,0X92,0X92,0X92,
 229          0X92,0X92,0X92,0X92,0XE5,0XE5,0XE5,0XE5,0XE5,0XE5,0XE5,0XE5,0XE5,0XE5,0XE5,0XE5,
 230          0XE5,0XE5,0XE5,0XE5,0XE5,0XE5,0XE5,0XE5,0XE5,0XE5,0XE5,0XE5,0XE5,0XE5,0XE5,0XE5,
 231          0XE5,0XE5,0XE5,0XE5,0XE5,0XE5,0XE5,0XE5,0XE5,0XE5,0XE5,0XE5,0XE5,0XE5,0XE5,0XE5,
 232          0XE5,0XE5,0XE5,0XE5,0XE5,0XE5,0XE5,0XE5,0XE5,0XE5,0XE5,0XE5,0XE5,0XE5,0XE5,0XE5,
 233          0XE5,0XE5,0XE5,0XE5,0XE5,0XE5,0XE5,0XE5,0XE5,0XE5,0XE5,0XE5,0XE5,0XE5,0XE5,0XE5,
 234          0XE5,0XE5,0XE5,0XE5,0XE5,0XE5,0X92,0X92,0X92,0X92,0X92,0X92,0X92,0X92,0X92,0X92,
 235          0X92,0X92,0X92,0X92,0X92,0X92,0X92,0X92,0XE5,0XE5,0XE5,0XE5,0XE5,0XE5,0XE5,0XE5,
 236          0XE5,0XE5,0XE5,0XE5,0XE5,0XE5,0XE5,0XE5,0XE5,0XE5,0XE5,0XE5,0XE5,0XE5,0XE5,0XE5,
 237          0XE5,0XE5,0XE5,0XE5,0XE5,0XE5,0XE5,0XE5,0XE5,0XE5,0XE5,0XE5,0XE5,0XE5,0XE5,0XE5,
 238          0XE5,0XE5,0XE5,0XE5,0XE5,0XE5,0XE5,0XE5,0XE5,0XE5,0XE5,0XE5,0XE5,0XE5,0XE5,0XE5,
 239          0XE5,0XE5,0XE5,0XE5,0XE5,0XE5,0XE5,0XE5,0XE5,0XE5,0XE5,0XE5,0XE5,0XE5,0XE5,0XE5,
 240          0XE5,0XE5,0XE5,0XE5,0XE5,0XE5,0XE5,0XE5,0X92,0X92,0X92,0X92,0X92,0X92,0X92,0X92,
C51 COMPILER V9.00   ZUO                                                                   07/18/2015 17:16:41 PAGE 5   

 241          0X92,0X92,0X92,0X92,0X92,0X92,0X92,0X92,0X92,0X92,0X92,0XE5,0XE5,0XE5,0XE5,0XE5,
 242          0XE5,0XE5,0XE5,0XE5,0XE5,0XE5,0XE5,0XE5,0XE5,0XE5,0XE5,0XE5,0XE5,0XE5,0XE5,0XE5,
 243          0XE5,0XE5,0XE5,0XE5,0XE5,0XE5,0XE5,0XE5,0XE5,0XE5,0XE5,0XE5,0XE5,0XE5,0XE5,0XE5,
 244          0XE5,0XE5,0XE5,0XE5,0XE5,0XE5,0XE5,0XE5,0XE5,0XE5,0XE5,0XE5,0XE5,0XE5,0XE5,0XE5,
 245          0XE5,0XE5,0XE5,0XE5,0XE5,0XE5,0XE5,0XE5,0XE5,0XE5,0XE5,0XE5,0XE5,0XE5,0XE5,0XE5,
 246          0XE5,0XE5,0XE5,0XE5,0XE5,0XE5,0XE5,0XE5,0XE5,0XE5,0X92,0X92,0X92,0X92,0X92,0X92,
 247          0X92,0X92,0X92,0X92,0X92,0X92,0X92,0X92,0X92,0X92,0X92,0X92,0X92,0X92,0X92,0XE5,
 248          0XE5,0XE5,0XE5,0XE5,0XE5,0XE5,0XE5,0XE5,0XE5,0XE5,0XE5,0XE5,0XE5,0XE5,0XE5,0XE5,
 249          0XE5,0XE5,0XE5,0XE5,0XE5,0XE5,0XE5,0XE5,0XE5,0XE5,0XE5,0XE5,0XE5,0XE5,0XE5,0XE5,
 250          0XE5,0XE5,0XE5,0XE5,0XE5,0XE5,0XE5,0XE5,0XE5,0XE5,0XE5,0XE5,0XE5,0XE5,0XE5,0XE5,
 251          0XE5,0XE5,0XE5,0XE5,0XE5,0XE5,0XE5,0XE5,0XE5,0XE5,0XE5,0XE5,0XE5,0XE5,0XE5,0XE5,
 252          0XE5,0XE5,0XE5,0XE5,0XE5,0XE5,0XE5,0XE5,0XE5,0XE5,0XE5,0XE5,0X92,0X92,0X92,0X92,
 253          0X92,0X92,0X92,0X92,0X92,0X92,0X92,0X92,0X92,0X92,0X92,0X92,0X92,0X92,0X92,0X92,
 254          0X92,0X92,0XE5,0XE5,0XE5,0XE5,0XE5,0XE5,0XE5,0XE5,0XE5,0XE5,0XE5,0XE5,0XE5,0XE5,
 255          0XE5,0XE5,0XE5,0XE5,0XE5,0XE5,0XE5,0XE5,0XE5,0XE5,0XE5,0XE5,0XE5,0XE5,0XE5,0XE5,
 256          0XE5,0XE5,0XE5,0XE5,0XE5,0XE5,0XE5,0XE5,0XE5,0XE5,0XE5,0XE5,0XE5,0XE5,0XE5,0XE5,
 257          0XE5,0XE5,0XE5,0XE5,0XE5,0XE5,0XE5,0XE5,0XE5,0XE5,0XE5,0XE5,0XE5,0XE5,0XE5,0XE5,
 258          0XE5,0XE5,0XE5,0XE5,0XE5,0XE5,0XE5,0XE5,0XE5,0XE5,0XE5,0XE5,0XE5,0XE5,0X92,0X92,
 259          0X92,0X92,0X92,0X92,0X92,0X92,0X92,0X92,0X92,0X92,0X92,0X92,0X92,0X92,0X92,0X92,
 260          0X92,0X92,0X92,0X92,0X92,0XE5,0XE5,0XE5,0XE5,0XE5,0XE5,0XE5,0XE5,0XE5,0XE5,0XE5,
 261          0XE5,0XE5,0XE5,0XE5,0XE5,0XE5,0XE5,0XE5,0XE5,0XE5,0XE5,0XE5,0XE5,0XE5,0XE5,0XE5,
 262          0XE5,0XE5,0XE5,0XE5,0XE5,0XE5,0XE5,0XE5,0XE5,0XE5,0XE5,0XE5,0XE5,0XE5,0XE5,0XE5,
 263          0XE5,0XE5,0XE5,0XE5,0XE5,0XE5,0XE5,0XE5,0XE5,0XE5,0XE5,0XE5,0XE5,0XE5,0XE5,0XE5,
 264          0XE5,0XE5,0XE5,0XE5,0XE5,0XE5,0XE5,0XE5,0XE5,0XE5,0XE5,0XE5,0XE5,0XE5,0XE5,0XE5,
 265          0X92,0X92,0X92,0X92,0X92,0X92,0X92,0X92,0X92,0X92,0X92,0X92,0X92,0X92,0X92,0X92,
 266          0X92,0X92,0X92,0X92,0X92,0X92,0X92,0X92,0X92,0XE5,0XE5,0XE5,0XE5,0XE5,0XE5,0XE5,
 267          0XE5,0XE5,0XE5,0XE5,0XE5,0XE5,0XE5,0XE5,0XE5,0XE5,0XE5,0XE5,0XE5,0XE5,0XE5,0XE5,
 268          0XE5,0XE5,0XE5,0XE5,0XE5,0XE5,0XE5,0XE5,0XE5,0XE5,0XE5,0XE5,0XE5,0XE5,0XE5,0XE5,
 269          0XE5,0XE5,0XE5,0XE5,0XE5,0XE5,0XE5,0XE5,0XE5,0XE5,0XE5,0XE5,0XE5,0XE5,0XE5,0XE5,
 270          0XE5,0XE5,0XE5,0XE5,0XE5,0XE5,0XE5,0XE5,0XE5,0XE5,0XE5,0XE5,0XE5,0XE5,0XE5,0XE5,
 271          0XE5,0XE5,0X92,0X92,0X92,0X92,0X92,0X92,0X92,0X92,0X92,0X92,0X92,0X92,0X92,0X92,
 272          0X92,0X92,0X92,0X92,0X92,0X92,0X92,0X92,0X92,0X92,0X92,0X92,0XE5,0XE5,0XE5,0XE5,
 273          0XE5,0XE5,0XE5,0XE5,0XE5,0XE5,0XE5,0XE5,0XE5,0XE5,0XE5,0XE5,0XE5,0XE5,0XE5,0XE5,
 274          0XE5,0XE5,0XE5,0XE5,0XE5,0XE5,0XE5,0XE5,0XE5,0XE5,0XE5,0XE5,0XE5,0XE5,0XE5,0XE5,
 275          0XE5,0XE5,0XE5,0XE5,0XE5,0XE5,0XE5,0XE5,0XE5,0XE5,0XE5,0XE5,0XE5,0XE5,0XE5,0XE5,
 276          0XE5,0XE5,0XE5,0XE5,0XE5,0XE5,0XE5,0XE5,0XE5,0XE5,0XE5,0XE5,0XE5,0XE5,0XE5,0XE5,
 277          0XE5,0XE5,0XE5,0XE5,0X92,0X92,0X92,0X92,0X92,0X92,0X92,0X92,0X92,0X92,0X92,0X92,
 278          0X92,0X92,0X92,0X92,0X92,0X92,0X92,0X92,0X92,0X92,0X92,0X92,0X92,0X92,0X92,0X92,
 279          0XE5,0XE5,0XE5,0XE5,0XE5,0XE5,0XE5,0XE5,0XE5,0XE5,0XE5,0XE5,0XE5,0XE5,0XE5,0XE5,
 280          0XE5,0XE5,0XE5,0XE5,0XE5,0XE5,0XE5,0XE5,0XE5,0XE5,0XE5,0XE5,0XE5,0XE5,0XE5,0XE5,
 281          0XE5,0XE5,0XE5,0XE5,0XE5,0XE5,0XE5,0XE5,0XE5,0XE5,0XE5,0XE5,0XE5,0XE5,0XE5,0XE5,
 282          0XE5,0XE5,0XE5,0XE5,0XE5,0XE5,0XE5,0XE5,0XE5,0XE5,0XE5,0XE5,0XE5,0XE5,0XE5,0XE5,
 283          0XE5,0XE5,0XE5,0XE5,0XE5,0XE5,0X92,0X92,0X92,0X92,0X92,0X92,0X92,0X92,0X92,0X92,
 284          0X92,0X92,0X92,0X92,0X92,0X92,0X92,0X92,0X92,0X92,0X92,0X92,0X92,0X92,0X92,0X92,
 285          0X92,0X92,0X92,0XE5,0XE5,0XE5,0XE5,0XE5,0XE5,0XE5,0XE5,0XE5,0XE5,0XE5,0XE5,0XE5,
 286          0XE5,0XE5,0XE5,0XE5,0XE5,0XE5,0XE5,0XE5,0XE5,0XE5,0XE5,0XE5,0XE5,0XE5,0XE5,0XE5,
 287          0XE5,0XE5,0XE5,0XE5,0XE5,0XE5,0XE5,0XE5,0XE5,0XE5,0XE5,0XE5,0XE5,0XE5,0XE5,0XE5,
 288          0XE5,0XE5,0XE5,0XE5,0XE5,0XE5,0XE5,0XE5,0XE5,0XE5,0XE5,0XE5,0XE5,0XE5,0XE5,0XE5,
 289          0XE5,0XE5,0XE5,0XE5,0XE5,0XE5,0XE5,0XE5,0X92,0X92,0X92,0X92,0X92,0X92,0X92,0X92,
 290          0X92,0X92,0X92,0X92,0X92,0X92,0X92,0X92,0X92,0X92,0X92,0X92,0X92,0X92,0X92,0X92,
 291          0X92,0X92,0X92,0X92,0X92,0X92,0X92,0XE5,0XE5,0XE5,0XE5,0XE5,0XE5,0XE5,0XE5,0XE5,
 292          0XE5,0XE5,0XE5,0XE5,0XE5,0XE5,0XE5,0XE5,0XE5,0XE5,0XE5,0XE5,0XE5,0XE5,0XE5,0XE5,
 293          0XE5,0XE5,0XE5,0XE5,0XE5,0XE5,0XE5,0XE5,0XE5,0XE5,0XE5,0XE5,0XE5,0XE5,0XE5,0XE5,
 294          0XE5,0XE5,0XE5,0XE5,0XE5,0XE5,0XE5,0XE5,0XE5,0XE5,0XE5,0XE5,0XE5,0XE5,0XE5,0XE5,
 295          0XE5,0XE5,0XE5,0XE5,0XE5,0XE5,0XE5,0XE5,0XE5,0XE5,0X92,0X92,0X92,0X92,0X92,0X92,
 296          0X92,0X92,0X92,0X92,0X92,0X92,0X92,0X92,0X92,0X92,0X92,0X92,0X92,0X92,0X92,0X92,
 297          0X92,0X92,0X92,0X92,0X92,0X92,0X92,0X92,0X92,0X92,0XE5,0XE5,0XE5,0XE5,0XE5,0XE5,
 298          0XE5,0XE5,0XE5,0XE5,0XE5,0XE5,0XE5,0XE5,0XE5,0XE5,0XE5,0XE5,0XE5,0XE5,0XE5,0XE5,
 299          0XE5,0XE5,0XE5,0XE5,0XE5,0XE5,0XE5,0XE5,0XE5,0XE5,0XE5,0XE5,0XE5,0XE5,0XE5,0XE5,
 300          0XE5,0XE5,0XE5,0XE5,0XE5,0XE5,0XE5,0XE5,0XE5,0XE5,0XE5,0XE5,0XE5,0XE5,0XE5,0XE5,
 301          0XE5,0XE5,0XE5,0XE5,0XE5,0XE5,0XE5,0XE5,0XE5,0XE5,0XE5,0XE5,0X92,0X92,0X92,0X92,
 302          0X92,0X92,0X92,0X92,0X92,0X92,0X92,0X92,0X92,0X92,0X92,0X92,0X92,0X92,0X92,0X92,
C51 COMPILER V9.00   ZUO                                                                   07/18/2015 17:16:41 PAGE 6   

 303          0X92,0X92,0X92,0X92,0X92,0X92,0X92,0X92,0X92,0X92,0X92,0X92,0X92,0XE5,0XE5,0XE5,
 304          0XE5,0XE5,0XE5,0XE5,0XE5,0XE5,0XE5,0XE5,0XE5,0XE5,0XE5,0XE5,0XE5,0XE5,0XE5,0XE5,
 305          0XE5,0XE5,0XE5,0XE5,0XE5,0XE5,0XE5,0XE5,0XE5,0XE5,0XE5,0XE5,0XE5,0XE5,0XE5,0XE5,
 306          0XE5,0XE5,0XE5,0XE5,0XE5,0XE5,0XE5,0XE5,0XE5,0XE5,0XE5,0XE5,0XE5,0XE5,0XE5,0XE5,
 307          0XE5,0XE5,0XE5,0XE5,0XE5,0XE5,0XE5,0XE5,0XE5,0XE5,0XE5,0XE5,0XE5,0XE5,0X92,0X92,
 308          0X92,0X92,0X92,0X92,0X92,0X92,0X92,0X92,0X92,0X92,0X92,0X92,0X92,0X92,0X92,0X92,
 309          0X92,0X92,0X92,0X92,0X92,0X92,0X92,0X92,0X92,0X92,0X92,0X92,0X92,0X92,0X92,0X92,
 310          0X92,0XE5,0XE5,0XE5,0XE5,0XE5,0XE5,0XE5,0XE5,0XE5,0XE5,0XE5,0XE5,0XE5,0XE5,0XE5,
 311          0XE5,0XE5,0XE5,0XE5,0XE5,0XE5,0X92,0X92,0X92,0X92,0X92,0X92,0X92,0X92,0X92,0X92,
 312          0X92,0X92,0X92,0X92,0X92,0X92,0X92,0X92,0X92,0X92,0X92,0X92,0X92,0X92,0X92,0X92,
 313          0X92,0X92,0X92,0X92,0X92,0X92,0X92,0X92,0X92,0X92,0X92,0X92,0X92,0X92,0X92,0X92,
 314          0X92,0X92,0X92,0X92,0X92,0X92,0X92,0X92,0X92,0X92,0X92,0X92,0X92,0X92,0X92,0X92,
 315          0X92,0X92,0X92,0X92,0X92,0X92,0X92,0X92,0X92,0X92,0X92,0X92,0X92,0X92,0X92,0X92,
 316          0X92,0X92,0X92,0X92,0XE5,0XE5,0XE5,0XE5,0XE5,0XE5,0XE5,0XE5,0XE5,0XE5,0XE5,0XE5,
 317          0XE5,0XE5,0XE5,0XE5,0XE5,0XE5,0XE5,0XE5,0X92,0X92,0X92,0X92,0X92,0X92,0X92,0X92,
 318          0X92,0X92,0X92,0X92,0X92,0X92,0X92,0X92,0X92,0X92,0X92,0X92,0X92,0X92,0X92,0X92,
 319          0X92,0X92,0X92,0X92,0X92,0X92,0X92,0X92,0X92,0X92,0X92,0X92,0X92,0X92,0X92,0X92,
 320          0X92,0X92,0X92,0X92,0X92,0X92,0X92,0X92,0X92,0X92,0X92,0X92,0X92,0X92,0X92,0X92,
 321          0X92,0X92,0X92,0X92,0X92,0X92,0X92,0X92,0X92,0X92,0X92,0X92,0X92,0X92,0X92,0X92,
 322          0X92,0X92,0X92,0X92,0X92,0X92,0X92,0X92,0XE5,0XE5,0XE5,0XE5,0XE5,0XE5,0XE5,0XE5,
 323          0XE5,0XE5,0XE5,0XE5,0XE5,0XE5,0XE5,0XE5,0XE5,0XE5,0X92,0X92,0X92,0X92,0X92,0X92,
 324          0X92,0X92,0X92,0X92,0X92,0X92,0X92,0X92,0X92,0X92,0X92,0X92,0X92,0X92,0X92,0X92,
 325          0X92,0X92,0X92,0X92,0X92,0X92,0X92,0X92,0X92,0X92,0X92,0X92,0X92,0X92,0X92,0X92,
 326          0X92,0X92,0X92,0X92,0X92,0X92,0X92,0X92,0X92,0X92,0X92,0X92,0X92,0X92,0X92,0X92,
 327          0X92,0X92,0X92,0X92,0X92,0X92,0X92,0X92,0X92,0X92,0X92,0X92,0X92,0X92,0X92,0X92,
 328          0X92,0X92,0X92,0X92,0X92,0X92,0X92,0X92,0X92,0X92,0X92,0XE5,0XE5,0XE5,0XE5,0XE5,
 329          0XE5,0XE5,0XE5,0XE5,0XE5,0XE5,0XE5,0XE5,0XE5,0XE5,0XE5,0XE5,0X92,0X92,0X92,0X92,
 330          0X92,0X92,0X92,0X92,0X92,0X92,0X92,0X92,0X92,0X92,0X92,0X92,0X92,0X92,0X92,0X92,
 331          0X92,0X92,0X92,0X92,0X92,0X92,0X92,0X92,0X92,0X92,0X92,0X92,0X92,0X92,0X92,0X92,
 332          0X92,0X92,0X92,0X92,0X92,0X92,0X92,0X92,0X92,0X92,0X92,0X92,0X92,0X92,0X92,0X92,
 333          0X92,0X92,0X92,0X92,0X92,0X92,0X92,0X92,0X92,0X92,0X92,0X92,0X92,0X92,0X92,0X92,
 334          0X92,0X92,0X92,0X92,0X92,0X92,0X92,0X92,0X92,0X92,0X92,0X92,0X92,0X92,0X92,0XE5,
 335          0XE5,0XE5,0XE5,0XE5,0XE5,0XE5,0XE5,0XE5,0XE5,0XE5,0XE5,0XE5,0XE5,0XE5,0X92,0X92,
 336          0X92,0X92,0X92,0X92,0X92,0X92,0X92,0X92,0X92,0X92,0X92,0X92,0X92,0X92,0X92,0X92,
 337          0X92,0X92,0X92,0X92,0X92,0X92,0X92,0X92,0X92,0X92,0X92,0X92,0X92,0X92,0X92,0X92,
 338          0X92,0X92,0X92,0X92,0X92,0X92,0X92,0X92,0X92,0X92,0X92,0X92,0X92,0X92,0X92,0X92,
 339          0X92,0X92,0X92,0X92,0X92,0X92,0X92,0X92,0X92,0X92,0X92,0X92,0X92,0X92,0X92,0X92,
 340          0X92,0X92,0X92,0X92,0X92,0X92,0X92,0X92,0X92,0X92,0X92,0X92,0X92,0X92,0X92,0X92,
 341          0X92,0X92,0XE5,0XE5,0XE5,0XE5,0XE5,0XE5,0XE5,0XE5,0XE5,0XE5,0XE5,0XE5,0XE5,0XE5,
 342          0X92,0X92,0X92,0X92,0X92,0X92,0X92,0X92,0X92,0X92,0X92,0X92,0X92,0X92,0X92,0X92,
 343          0X92,0X92,0X92,0X92,0X92,0X92,0X92,0X92,0X92,0X92,0X92,0X92,0X92,0X92,0X92,0X92,
 344          0X92,0X92,0X92,0X92,0X92,0X92,0X92,0X92,0X92,0X92,0X92,0X92,0X92,0X92,0X92,0X92,
 345          0X92,0X92,0X92,0X92,0X92,0X92,0X92,0X92,0X92,0X92,0X92,0X92,0X92,0X92,0X92,0X92,
 346          0X92,0X92,0X92,0X92,0X92,0X92,0X92,0X92,0X92,0X92,0X92,0X92,0X92,0X92,0X92,0X92,
 347          0X92,0X92,0X92,0X92,0X92,0XE5,0XE5,0XE5,0XE5,0XE5,0XE5,0XE5,0XE5,0XE5,0XE5,0XE5,
 348          0XE5,0XE5,0X92,0X92,0X92,0X92,0X92,0X92,0X92,0X92,0X92,0X92,0X92,0X92,0X92,0X92,
 349          0X92,0X92,0X92,0X92,0X92,0X92,0X92,0X92,0X92,0X92,0X92,0X92,0X92,0X92,0X92,0X92,
 350          0X92,0X92,0X92,0X92,0X92,0X92,0X92,0X92,0X92,0X92,0X92,0X92,0X92,0X92,0X92,0X92,
 351          0X92,0X92,0X92,0X92,0X92,0X92,0X92,0X92,0X92,0X92,0X92,0X92,0X92,0X92,0X92,0X92,
 352          0X92,0X92,0X92,0X92,0X92,0X92,0X92,0X92,0X92,0X92,0X92,0X92,0X92,0X92,0X92,0X92,
 353          0X92,0X92,0X92,0X92,0X92,0X92,0X92,0X92,0X92,0XE5,0XE5,0XE5,0XE5,0XE5,0XE5,0XE5,
 354          0XE5,0XE5,0XE5,0XE5,0X92,0X92,0X92,0X92,0X92,0X92,0X92,0X92,0X92,0X92,0X92,0X92,
 355          0X92,0X92,0X92,0X92,0X92,0X92,0X92,0X92,0X92,0X92,0X92,0X92,0X92,0X92,0X92,0X92,
 356          0X92,0X92,0X92,0X92,0X92,0X92,0X92,0X92,0X92,0X92,0X92,0X92,0X92,0X92,0X92,0X92,
 357          0X92,0X92,0X92,0X92,0X92,0X92,0X92,0X92,0X92,0X92,0X92,0X92,0X92,0X92,0X92,0X92,
 358          0X92,0X92,0X92,0X92,0X92,0X92,0X92,0X92,0X92,0X92,0X92,0X92,0X92,0X92,0X92,0X92,
 359          0X92,0X92,0X92,0X92,0X92,0X92,0X92,0X92,0X92,0X92,0X92,0X92,0XE5,0XE5,0XE5,0XE5,
 360          0XE5,0XE5,0XE5,0XE5,0XE5,0XE5,0X92,0X92,0X92,0X92,0X92,0X92,0X92,0X92,0X92,0X92,
 361          0X92,0X92,0X92,0X92,0X92,0X92,0X92,0X92,0X92,0X92,0X92,0X92,0X92,0X92,0X92,0X92,
 362          0X92,0X92,0X92,0X92,0X92,0X92,0X92,0X92,0X92,0X92,0X92,0X92,0X92,0X92,0X92,0X92,
 363          0X92,0X92,0X92,0X92,0X92,0X92,0X92,0X92,0X92,0X92,0X92,0X92,0X92,0X92,0X92,0X92,
 364          0X92,0X92,0X92,0X92,0X92,0X92,0X92,0X92,0X92,0X92,0X92,0X92,0X92,0X92,0X92,0X92,
C51 COMPILER V9.00   ZUO                                                                   07/18/2015 17:16:41 PAGE 7   

 365          0X92,0X92,0X92,0X92,0X92,0X92,0X92,0X92,0X92,0X92,0X92,0X92,0X92,0X92,0X92,0X92,
 366          0XE5,0XE5,0XE5,0XE5,0XE5,0XE5,0XE5,0XE5,0X92,0X92,0X92,0X92,0X92,0X92,0X92,0X92,
 367          0X92,0X92,0X92,0X92,0X92,0X92,0X92,0X92,0X92,0X92,0X92,0X92,0X92,0X92,0X92,0X92,
 368          0X92,0X92,0X92,0X92,0X92,0X92,0X92,0X92,0X92,0X92,0X92,0X92,0X92,0X92,0X92,0X92,
 369          0X92,0X92,0X92,0X92,0X92,0X92,0X92,0X92,0X92,0X92,0X92,0X92,0X92,0X92,0X92,0X92,
 370          0X92,0X92,0X92,0X92,0X92,0X92,0X92,0X92,0X92,0X92,0X92,0X92,0X92,0X92,0X92,0X92,
 371          0X92,0X92,0X92,0X92,0X92,0X92,0X92,0X92,0X92,0X92,0X92,0X92,0X92,0X92,0X92,0X92,
 372          0X92,0X92,0X92,0XE5,0XE5,0XE5,0XE5,0XE5,0XE5,0XE5,0X92,0X92,0X92,0X92,0X92,0X92,
 373          0X92,0X92,0X92,0X92,0X92,0X92,0X92,0X92,0X92,0X92,0X92,0X92,0X92,0X92,0X92,0X92,
 374          0X92,0X92,0X92,0X92,0X92,0X92,0X92,0X92,0X92,0X92,0X92,0X92,0X92,0X92,0X92,0X92,
 375          0X92,0X92,0X92,0X92,0X92,0X92,0X92,0X92,0X92,0X92,0X92,0X92,0X92,0X92,0X92,0X92,
 376          0X92,0X92,0X92,0X92,0X92,0X92,0X92,0X92,0X92,0X92,0X92,0X92,0X92,0X92,0X92,0X92,
 377          0X92,0X92,0X92,0X92,0X92,0X92,0X92,0X92,0X92,0X92,0X92,0X92,0X92,0X92,0X92,0X92,
 378          0X92,0X92,0X92,0X92,0X92,0X92,0X92,0XE5,0XE5,0XE5,0XE5,0XE5,0X92,0X92,0X92,0X92,
 379          0X92,0X92,0X92,0X92,0X92,0X92,0X92,0X92,0X92,0X92,0X92,0X92,0X92,0X92,0X92,0X92,
 380          0X92,0X92,0X92,0X92,0X92,0X92,0X92,0X92,0X92,0X92,0X92,0X92,0X92,0X92,0X92,0X92,
 381          0X92,0X92,0X92,0X92,0X92,0X92,0X92,0X92,0X92,0X92,0X92,0X92,0X92,0X92,0X92,0X92,
 382          0X92,0X92,0X92,0X92,0X92,0X92,0X92,0X92,0X92,0X92,0X92,0X92,0X92,0X92,0X92,0X92,
 383          0X92,0X92,0X92,0X92,0X92,0X92,0X92,0X92,0X92,0X92,0X92,0X92,0X92,0X92,0X92,0X92,
 384          0X92,0X92,0X92,0X92,0X92,0X92,0X92,0X92,0X92,0X92,0XE5,0XE5,0XE5,0XE5,0X92,0X92,
 385          0X92,0X92,0X92,0X92,0X92,0X92,0X92,0X92,0X92,0X92,0X92,0X92,0X92,0X92,0X92,0X92,
 386          0X92,0X92,0X92,0X92,0X92,0X92,0X92,0X92,0X92,0X92,0X92,0X92,0X92,0X92,0X92,0X92,
 387          0X92,0X92,0X92,0X92,0X92,0X92,0X92,0X92,0X92,0X92,0X92,0X92,0X92,0X92,0X92,0X92,
 388          0X92,0X92,0X92,0X92,0X92,0X92,0X92,0X92,0X92,0X92,0X92,0X92,0X92,0X92,0X92,0X92,
 389          0X92,0X92,0X92,0X92,0X92,0X92,0X92,0X92,0X92,0X92,0X92,0X92,0X92,0X92,0X92,0X92,
 390          0X92,0X92,0X92,0X92,0X92,0X92,0X92,0X92,0X92,0X92,0X92,0X92,0X92,0XE5,0XE5,0XE5,
 391          0X92,0X92,0X92,0X92,0X92,0X92,0X92,0X92,0X92,0X92,0X92,0X92,0X92,0X92,0X92,0X92,
 392          0X92,0X92,0X92,0X92,0X92,0X92,0X92,0X92,0X92,0X92,0X92,0X92,0X92,0X92,0X92,0X92,
 393          0X92,0X92,0X92,0X92,0X92,0X92,0X92,0X92,0X92,0X92,0X92,0X92,0X92,0X92,0X92,0X92,
 394          0X92,0X92,0X92,0X92,0X92,0X92,0X92,0X92,0X92,0X92,0X92,0X92,0X92,0X92,0X92,0X92,
 395          0X92,0X92,0X92,0X92,0X92,0X92,0X92,0X92,0X92,0X92,0X92,0X92,0X92,0X92,0X92,0X92,
 396          0X92,0X92,0X92,0X92,0X92,0X92,0X92,0X92,0X92,0X92,0X92,0X92,0X92,0X92,0X92,0X92,
 397          0X92,0XE5,0X92,0X92,0X92,0X92,0X92,0X92,0X92,0X92,0X92,0X92,0X92,0X92,0X92,0X92,
 398          0X92,0X92,0X92,0X92,0X92,0X92,0X92,0X92,0X92,0X92,0X92,0X92,0X92,0X92,0X92,0X92,
 399          0X92,0X92,0X92,0X92,0X92,0X92,0X92,0X92,0X92,0X92,0X92,0X92,0X92,0X92,0X92,0X92,
 400          0X92,0X92,0X92,0X92,0X92,0X92,0X92,0X92,0X92,0X92,0X92,0X92,0X92,0X92,0X92,0X92,
 401          0X92,0X92,0X92,0X92,0X92,0X92,0X92,0X92,0X92,0X92,0X92,0X92,0X92,0X92,0X92,0X92,
 402          0X92,0X92,0X92,0X92,0X92,0X92,0X92,0X92,0X92,0X92,0X92,0X92,0X92,0X92,0X92,0X92,
 403          0X92,0X92,0X92,0X92,0X92,0X92,0X92,0X92,0X92,0X92,0X92,0X92,0X92,0X92,0X92,0X92,
 404          0X92,0X92,0X92,0X92,0X92,0X92,0X92,0X92,0X92,0X92,0X92,0X92,0X92,0X92,0X92,0X92,
 405          0X92,0X92,0X92,0X92,0X92,0X92,0X92,0X92,0X92,0X92,0X92,0X92,0X92,0X92,0X92,0X92,
 406          0X92,0X92,0X92,0X92,0X92,0X92,0X92,0X92,0X92,0X92,0X92,0X92,0X92,0X92,0X92,0X92,
 407          0X92,0X92,0X92,0X92,0X92,0X92,0X92,0X92,0X92,0X92,0X92,0X92,0X92,0X92,0X92,0X92,
 408          0X92,0X92,0X92,0X92,0X92,0X92,0X92,0X92,0X92,0X92,0X92,0X92,0X92,0X92,0X92,0X92,
 409          0X92,0X92,0X92,0X92,0X92,0X92,0X92,0X92,0X92,0X92,0X92,0X92,0X92,0X92,0X92,0X92,
 410          0X92,0X92,0X92,0X92,0X92,0X92,0X92,0X92,0X92,0X92,0X92,0X92,0X92,0X92,0X92,0X92,
 411          0X92,0X92,0X92,0X92,0X92,0X92,0X92,0X92,0X92,0X92,0X92,0X92,0X92,0X92,0X92,0X92,
 412          0X92,0X92,0X92,0X92,0X92,0X92,0X92,0X92,0X92,0X92,0X92,0X92,0X92,0X92,0X92,0X92,
 413          0X92,0X92,0X92,0X92,0X92,0X92,0X92,0X92,0X92,0X92,0X92,0X92,0X92,0X92,0X92,0X92,
 414          0X92,0X92,0X92,0X92,0X92,0X92,0X92,0X92,0X92,0X92,0X92,0X92,0X92,0X92,0X92,0X92,
 415          0X92,0X92,0X92,0X92,0X92,0X92,0X92,0X92,0X92,0X92,0X92,0X92,0X92,0X92,0X92,0X92,
 416          0X92,0X92,0X92,0X92,0X92,0X92,0X92,0X92,0X92,0X92,0X92,0X92,0X92,0X92,0X92,0X92,
 417          0X92,0X92,0X92,0X92,0X92,0X92,0X92,0X92,0X92,0X92,0X92,0X92,0X92,0X92,0X92,0X92,
 418          0X92,0X92,0X92,0X92,0X92,0X92,0X92,0X92,};


MODULE INFORMATION:   STATIC OVERLAYABLE
   CODE SIZE        =   ----    ----
   CONSTANT SIZE    =   6664    ----
   XDATA SIZE       =   ----    ----
   PDATA SIZE       =   ----    ----
   DATA SIZE        =   ----    ----
C51 COMPILER V9.00   ZUO                                                                   07/18/2015 17:16:41 PAGE 8   

   IDATA SIZE       =   ----    ----
   BIT SIZE         =   ----    ----
END OF MODULE INFORMATION.


C51 COMPILATION COMPLETE.  0 WARNING(S),  0 ERROR(S)
