C51 COMPILER V9.00   MAIN                                                                  07/18/2015 17:15:55 PAGE 1   


C51 COMPILER V9.00, COMPILATION OF MODULE MAIN
OBJECT MODULE PLACED IN main.OBJ
COMPILER INVOKED BY: C:\Keil\C51\BIN\C51.EXE main.c LARGE BROWSE DEBUG OBJECTEXTEND

line level    source

   1          #include<stc_12.h>
   2          #include<stdio.h>
   3          #include".\include\TFT_9325.h"
   4          #include".\include\tmp75.h"
   5          
   6          
   7          void delay()
   8          {
   9   1              int i;
  10   1              i=10000;
  11   1              while(i--);
  12   1      }
  13          
  14          void SPI_Init()
  15          {                                                                 
  16   1              SPCTL=0xD3;             //1101 0011 MSTR确定主从机，SPI使能，数据字的最高位先发送，确定为主机，时钟频率选择为128
  17   1              SPDAT=0;
  18   1              SPSTAT=0xC0;             //通过软件置“1”清“0”
  19   1      }
  20          unsigned char SPI_Swap(u8 dat)
  21          {       
  22   1                      SPDAT=dat;
  23   1                      while((SPSTAT&0xC0==0));
  24   1                      SPSTAT=0xC0;
  25   1                      return SPDAT;
  26   1      }
  27          
  28          void main ()
  29          {       u8 str[25];
  30   1              u16 temp,rtemp;
  31   1              u8 high,low,rhigh=0,rlow=0;
  32   1              TMP75_Init();
  33   1              TFT_Init();
  34   1              SPI_Init();
  35   1              ClearScreen(White);
  36   1      
  37   1              while(1)
  38   1              {
  39   2                      TFT_PutStr(30,70,"This is master:",Black,White);
  40   2                      temp=TMP75_Read();
  41   2                      sprintf(str,"The temperature is %.2f",temp*0.0625);
  42   2                      TFT_PutStr(60,100,str,Black,White);
  43   2                      
  44   2                      
  45   2                      high=temp>>8;           
  46   2                      low=temp;
  47   2                      
  48   2              
  49   2                      rlow=SPI_Swap(high);
  50   2                      delay();
  51   2      
  52   2                      rhigh=SPI_Swap(low);
  53   2                      delay();
  54   2                      
  55   2                      rtemp=rlow+rhigh*256;
C51 COMPILER V9.00   MAIN                                                                  07/18/2015 17:15:55 PAGE 2   

  56   2                      sprintf(str,"Recv temperature is %.2f",rtemp*0.0625);
  57   2                      TFT_PutStr(60,120,str,Black,White);      
  58   2                      TFT_PutStr(260,120,"   ",White,White);
  59   2                      
  60   2              }
  61   1      }


MODULE INFORMATION:   STATIC OVERLAYABLE
   CODE SIZE        =    351    ----
   CONSTANT SIZE    =     69    ----
   XDATA SIZE       =   ----      33
   PDATA SIZE       =   ----    ----
   DATA SIZE        =   ----    ----
   IDATA SIZE       =   ----    ----
   BIT SIZE         =   ----    ----
END OF MODULE INFORMATION.


C51 COMPILATION COMPLETE.  0 WARNING(S),  0 ERROR(S)
