C51 COMPILER V9.00   INTERRUPT                                                             07/16/2015 19:03:06 PAGE 1   


C51 COMPILER V9.00, COMPILATION OF MODULE INTERRUPT
OBJECT MODULE PLACED IN interrupt.OBJ
COMPILER INVOKED BY: C:\Keil\C51\BIN\C51.EXE interrupt.c LARGE BROWSE INCDIR(.\include) DEBUG OBJECTEXTEND

line level    source

   1          #include<STC_12.h>
   2          #include <tft_9325.h>
   3          #include <stdio.h>
   4          
   5          unsigned char str[20];
   6          unsigned int num=0;
   7          
   8          void Delay()
   9          {
  10   1              unsigned int i,j;
  11   1              for(i=0;i<1000;i++)
  12   1                      for(j=0;j<400;j++);
  13   1      
  14   1      }
  15          void IT1_Init()
  16          {
  17   1              EA=1;
  18   1              EX1=1;
  19   1              IT1=0;
  20   1      }                                                        
  21          
  22          void main()
  23          {
  24   1              IT1_Init();
  25   1              TFT_Init();
  26   1              ClearScreen(White);
  27   1              while(1)
  28   1              {
  29   2                      sprintf(str,"The number is %d",num);
  30   2                      TFT_PutStr(100,100,str,Black,White);
  31   2              }
  32   1      }
  33          
  34          void AddNumber() interrupt 2
  35          {
  36   1              EA=0;
  37   1              num++;
  38   1              Delay();
  39   1              EA=1;
  40   1      }


MODULE INFORMATION:   STATIC OVERLAYABLE
   CODE SIZE        =    176    ----
   CONSTANT SIZE    =     17    ----
   XDATA SIZE       =     22    ----
   PDATA SIZE       =   ----    ----
   DATA SIZE        =   ----    ----
   IDATA SIZE       =   ----    ----
   BIT SIZE         =   ----    ----
END OF MODULE INFORMATION.


C51 COMPILATION COMPLETE.  0 WARNING(S),  0 ERROR(S)
