C51 COMPILER V9.00   LCD9325                                                               07/16/2015 19:03:08 PAGE 1   


C51 COMPILER V9.00, COMPILATION OF MODULE LCD9325
OBJECT MODULE PLACED IN lcd9325.obj
COMPILER INVOKED BY: C:\Keil\C51\BIN\C51.EXE c_lib\lcd9325.c LARGE BROWSE INCDIR(.\include) DEBUG OBJECTEXTEND PRINT(.\l
                    -cd9325.lst) OBJECT(lcd9325.obj)

line level    source

   1          #include <math.h>
   2          #include"..\include\tft_9325.h"
   3          
   4          
   5          //PIN definition for 51
   6          #ifdef MCU_51
   7                  #include <STC_12.h>
   8                  sbit CS = CS_PIN;
   9                  sbit RS = RS_PIN;
  10                  
  11                  sbit LWR = WR_PIN;
  12                  
  13                  sbit RST = RST_PIN;
  14                  sbit LRD = RD_PIN;
  15                          #define RS_H RS=1
  16                          #define RS_L RS=0
  17                          
  18                          #define WR_H LWR=1
  19                          #define WR_L LWR=0
  20                          
  21                          #define RD_H LRD=1
  22                          #define RD_L LRD=0
  23                          
  24                          
  25                          #define CS_H  CS=1
  26                          #define CS_L  CS=0
  27                          
  28                          
  29                          #define RST_H RST=1
  30                          #define RST_L RST=0
  31                  #define CONST_TYPE code 
  32          #else 
                      #define CONST_TYPE const
              #endif
  35          #ifdef USING_BUS
              
              #else
  38                  void Write_Cmd(u8 x)
  39                  {
  40   1                      CS_L;
  41   1                      RS_L;
  42   1                      TRAN_DATA(x);
  43   1                      
  44   1                      WR_L;
  45   1                      WR_H;
  46   1                      CS_H;                   
  47   1              }
  48                  void Write_Data_U16(u16 y)
  49                  {
  50   1                      CS_L;
  51   1                      RS_H;
  52   1                      TRAN_DATA(y);
  53   1                      WR_L;
  54   1                      WR_H;
C51 COMPILER V9.00   LCD9325                                                               07/16/2015 19:03:08 PAGE 2   

  55   1                      CS_H;   
  56   1              }
  57                  u16 Read_Data(void)
  58                  {
  59   1                      u16 y;
  60   1                      TRAN_DATA(0xffff);      
  61   1                      CS_L;
  62   1                      RS_H;   
  63   1                      RD_L;
  64   1                      y = RE_DATA();
  65   1                      RD_H;
  66   1                      CS_H;
  67   1                      return y;       
  68   1              }
  69          #endif
  70          
  71          void Init_data(u8 x,u16 y)
  72          {
  73   1              Write_Cmd(x);
  74   1              Write_Data_U16(y);
  75   1      }
  76          void delayms(u16 count)
  77          {
  78   1          int i,j;                                                                                
  79   1          for(i=0;i<count;i++)                                                                    
  80   1             {
  81   2                   for(j=0;j<DLAY_COUNT;j++);
  82   2             }                                                                                     
  83   1      }
  84          
  85          
  86          
  87          void ILI9325_Initial(void)
  88          { 
  89   1        delayms(500);                     //根据不同晶振速度可以调整延时，保障稳定显示
  90   1      
  91   1              
  92   1       Init_data(0x0001,0x0100); 
  93   1       Init_data(0x0002,0x0700); 
  94   1       Init_data(0x0003,0x1028); 
  95   1       Init_data(0x0004,0x0000); 
  96   1       Init_data(0x0008,0x0207);  
  97   1       Init_data(0x0009,0x0000);
  98   1       Init_data(0x000A,0x0000); 
  99   1       Init_data(0x000C,0x0000); 
 100   1       Init_data(0x000D,0x0000);
 101   1       Init_data(0x000F,0x0000);
 102   1      //power on sequence VGHVGL
 103   1       Init_data(0x0010,0x0000);   
 104   1       Init_data(0x0011,0x0007);  
 105   1       Init_data(0x0012,0x0000);  
 106   1       Init_data(0x0013,0x0000); 
 107   1      //vgh 
 108   1       Init_data(0x0010,0x1290);   
 109   1       Init_data(0x0011,0x0227);
 110   1       //delayms(100);
 111   1       //vregiout 
 112   1       Init_data(0x0012,0x001d); //0x001b
 113   1       //delayms(100); 
 114   1       //vom amplitude
 115   1       Init_data(0x0013,0x1500);
 116   1       //delayms(100); 
C51 COMPILER V9.00   LCD9325                                                               07/16/2015 19:03:08 PAGE 3   

 117   1       //vom H
 118   1       Init_data(0x0029,0x0018); 
 119   1       Init_data(0x002B,0x000D); 
 120   1      
 121   1      //gamma
 122   1       Init_data(0x0030,0x0004);
 123   1       Init_data(0x0031,0x0307);
 124   1       Init_data(0x0032,0x0002);// 0006
 125   1       Init_data(0x0035,0x0206);
 126   1       Init_data(0x0036,0x0408);
 127   1       Init_data(0x0037,0x0507); 
 128   1       Init_data(0x0038,0x0204);//0200
 129   1       Init_data(0x0039,0x0707); 
 130   1       Init_data(0x003C,0x0405);// 0504
 131   1       Init_data(0x003D,0x0F02); 
 132   1       //ram
 133   1       Init_data(0x0050,0x0000); 
 134   1       Init_data(0x0051,0x00EF);
 135   1       Init_data(0x0052,0x0000); 
 136   1       Init_data(0x0053,0x013F);  
 137   1       Init_data(0x0060,0xA700); 
 138   1       Init_data(0x0061,0x0001); 
 139   1       Init_data(0x006A,0x0000); 
 140   1       //
 141   1       Init_data(0x0080,0x0000); 
 142   1       Init_data(0x0081,0x0000); 
 143   1       Init_data(0x0082,0x0000); 
 144   1       Init_data(0x0083,0x0000); 
 145   1       Init_data(0x0084,0x0000); 
 146   1       Init_data(0x0085,0x0000); 
 147   1       //
 148   1       Init_data(0x0090,0x0010); 
 149   1       Init_data(0x0092,0x0600); 
 150   1       Init_data(0x0093,0x0003); 
 151   1       Init_data(0x0095,0x0110); 
 152   1       Init_data(0x0097,0x0000); 
 153   1       Init_data(0x0098,0x0000);
 154   1       Init_data(0x0007,0x0133);
 155   1      }
 156          
 157           
 158          
 159          
 160          
 161          
 162          
 163          /*===========================================================*/
 164          
 165          /*************************************************************
 166          函数名称:LCD_DefineDispWindow
 167          功    能:定义显示窗体
 168          参    数:x0:  窗体中X坐标中较小者
 169                   x1:  窗体中X坐标中较大者
 170                   y0:  窗体中Y坐标中较小者
 171                   y1:  窗体中Y坐标中较大者 
 172          返 回 值:无
 173          *************************************************************/
 174          void LCD_SetPos(unsigned int x0,unsigned int x1,unsigned int y0,unsigned int y1)
 175          {
 176   1        Init_data(WINDOW_XADDR_START,240-y1);
 177   1        Init_data(WINDOW_XADDR_END,240-y0);
 178   1        Init_data(WINDOW_YADDR_START,x0);
C51 COMPILER V9.00   LCD9325                                                               07/16/2015 19:03:08 PAGE 4   

 179   1        Init_data(WINDOW_YADDR_END,x1);
 180   1        Init_data(GRAM_XADDR,240-y0);
 181   1        Init_data(GRAM_YADDR,x0);
 182   1        Write_Cmd (0x0022);//LCD_WriteCMD(GRAMWR);
 183   1      }
 184          void ClearScreen(u16 bColor)
 185          {
 186   1       u16 i,j;
 187   1       LCD_SetPos(0,320,0,240);//320x240
 188   1       for (i=0;i<322;i++)
 189   1              {
 190   2              
 191   2                 for (j=0;j<241;j++)
 192   2                     Write_Data_U16(bColor);
 193   2      
 194   2              }
 195   1      }
 196          void TFT_Init(void)
 197          {
 198   1              P0M0 = 0xff;
 199   1              P0M1 = 0x00;
 200   1              P2M0 = 0xff;
 201   1              P2M1 = 0x00;
 202   1              CS_H;
 203   1              RST_L;
 204   1              delayms(200);
 205   1              RST_H;
 206   1              delayms(250);
 207   1              ILI9325_Initial();
 208   1              delayms(300);
 209   1              ClearScreen(0x0);
 210   1      }
 211          u16 ili9325_BGR2RGB(u16 c)
 212          {
 213   1        u16  r, g, b;
 214   1      
 215   1        b = (c>>0)  & 0x1f;
 216   1        g = (c>>5)  & 0x3f;
 217   1        r = (c>>11) & 0x1f;
 218   1        
 219   1        return( (b<<11) + (g<<5) + (r<<0) );
 220   1      }
 221          u16 get_point(int x,int y)
 222          { 
 223   1          u16 color;
 224   1          Write_Cmd(0x0020); 
 225   1          Write_Data_U16(240-y);   //设置X坐标位置 
 226   1          Write_Cmd(0x0021);  
 227   1          Write_Data_U16(x);   //设置Y坐标位置 
 228   1              Write_Cmd(0x0022);
 229   1          color = Read_Data(); //获取指定座标的颜色值
 230   1              color = Read_Data(); //获取指定座标的颜色值
 231   1          return ili9325_BGR2RGB(color);
 232   1      }
 233          void TFT_ShowPoint2(int x0,int y0,int Color)
 234          {
 235   1              unsigned int i,j;
 236   1              LCD_SetPos(x0,x0+1,y0,y0+1);
 237   1              for (i=y0;i<=y0+1;i++)
 238   1              {
 239   2                 for (j=x0;j<=x0+1;j++)
 240   2                 
C51 COMPILER V9.00   LCD9325                                                               07/16/2015 19:03:08 PAGE 5   

 241   2                 Write_Data_U16(Color);
 242   2      
 243   2              }
 244   1      }
 245          void TFT_ShowPoint1(int x0,int y0,int Color)
 246          {
 247   1          Write_Cmd(0x0020); 
 248   1          Write_Data_U16(240-y0);   //设置X坐标位置 
 249   1          Write_Cmd(0x0021);  
 250   1          Write_Data_U16(x0);   //设置Y坐标位置 
 251   1              Write_Cmd(0x0022);
 252   1              Write_Data_U16(Color); 
 253   1      }
 254          CONST_TYPE unsigned char Font8x16[];
 255          void TFT_PutChar(unsigned short x, unsigned short y, char c, unsigned int fColor, unsigned int bColor)
 256          {
 257   1       unsigned int i,j;
 258   1       for(i=0; i<16;i++) {
 259   2                      unsigned char m=Font8x16[c*16+i];
 260   2                      for(j=0;j<8;j++) {
 261   3                              if((m&0x80)==0x80) 
 262   3                              {
 263   4                                      TFT_ShowPoint1(j+x,i+y,fColor);
 264   4                              }
 265   3                              else if (bColor!=0xff)
 266   3                  {
 267   4                                      TFT_ShowPoint1(j+x,i+y,bColor);
 268   4                              }
 269   3                              m<<=1;
 270   3                              }
 271   2                      }
 272   1      }
 273          void TFT_PutStr(unsigned short x, unsigned short y, char* p, unsigned int fColor, unsigned int bColor)
 274          {       
 275   1              char i = 0;
 276   1              while(*p)
 277   1              {
 278   2              if(*p<0x80)
 279   2              {
 280   3                TFT_PutChar((x+i*8),y,*p,fColor,bColor);
 281   3                i++;
 282   3                p++;
 283   3              }
 284   2              else
 285   2              {
 286   3      //          u16 j = 0;
 287   3      //          while((((u8*)(Hzk[j]))[0] != ((u8*)p)[0])||(((u8*)(Hzk[j]))[1] != ((u8*)p)[1]))
 288   3      //                {
 289   3      //                      j = j+1;
 290   3      //                }
 291   3      //         
 292   3      //          TFT_ShowWord((x+i*8),y,Hzk[j]+2,fColor);
 293   3      //          i = i+2;
 294   3      //          p = p+2;
 295   3              }
 296   2              }
 297   1      }
 298          void TFT_Show_Bmp(unsigned int x,unsigned int y,unsigned int width,unsigned int high,unsigned short *ptr)
 299          {
 300   1                unsigned int i;
 301   1                LCD_SetPos(x,x+width-1,y,y+high-1);
 302   1      
C51 COMPILER V9.00   LCD9325                                                               07/16/2015 19:03:08 PAGE 6   

 303   1                for(i = 0;i<(width*high);i++)
 304   1                {             
 305   2                              Write_Data_U16(ptr[i]);
 306   2                }
 307   1      }
 308          void TFT_Show_Bmp_8b(unsigned int x,unsigned int y,unsigned int width,unsigned int high,unsigned char *ptr
             -)
 309          {
 310   1                unsigned int i;
 311   1                unsigned short rgb;
 312   1                LCD_SetPos(x,x+width-1,y,y+high-1);
 313   1      
 314   1                for(i = 0;i<(width*high);i++)
 315   1                {             
 316   2                                      rgb = ((ptr[i]&0xe0)<<8)|((ptr[i]&0x38)<<6)|((ptr[i]&0x03)<<3);
 317   2                              Write_Data_U16(rgb);
 318   2                }
 319   1      }
 320          /****************************************************************************
 321          * 名    称：void GUI_Line(u16 x0, u16 y0, u16 x1, u16 y1,u16 color)
 322          * 功    能：在指定座标画直线
 323          * 入口参数：x0     A点行座标
 324          *           y0     A点列座标
 325          *           x1     B点行座标
 326          *           y1     B点列座标
 327          *           color  线颜色
 328          * 出口参数：无
 329          * 说    明：
 330          * 调用方法：GUI_Line(0,0,240,320,0x0000);
 331          ****************************************************************************/
 332          void GUI_Line(u16 x0, u16 y0, u16 x1, u16 y1,u16 color)
 333          {
 334   1              u16 x,y;
 335   1              u16 dx;// = abs(x1 - x0);
 336   1              u16 dy;// = abs(y1 - y0);
 337   1              if(y0==y1)
 338   1              {
 339   2                      if(x0<=x1)
 340   2                      {
 341   3                              x=x0;
 342   3                      }
 343   2                      else
 344   2                      {
 345   3                              x=x1;
 346   3                              x1=x0;
 347   3                      }
 348   2                      while(x <= x1)
 349   2                      {
 350   3                              ili9320_SetPoint(x,y0,color);
 351   3                              x++;
 352   3                      }
 353   2                      return;
 354   2              }
 355   1              else if(y0>y1)
 356   1              {
 357   2                      dy=y0-y1;
 358   2              }
 359   1              else
 360   1              {
 361   2                      dy=y1-y0;
 362   2              }
 363   1       
C51 COMPILER V9.00   LCD9325                                                               07/16/2015 19:03:08 PAGE 7   

 364   1              if(x0==x1)
 365   1              {
 366   2                      if(y0<=y1)
 367   2                      {
 368   3                              y=y0;
 369   3                      }
 370   2                      else
 371   2                      {
 372   3                              y=y1;
 373   3                              y1=y0;
 374   3                      }
 375   2                      while(y <= y1)
 376   2                      {
 377   3                              ili9320_SetPoint(x0,y,color);
 378   3                              y++;
 379   3                      }
 380   2                      return;
 381   2              }
 382   1              else if(x0 > x1)
 383   1              {
 384   2                      dx=x0-x1;
 385   2                      x = x1;
 386   2                      x1 = x0;
 387   2                      y = y1;
 388   2                      y1 = y0;
 389   2              }
 390   1              else
 391   1              {
 392   2                      dx=x1-x0;
 393   2                      x = x0;
 394   2                      y = y0;
 395   2              }
 396   1      
 397   1              if(dx == dy)
 398   1              {
 399   2                      while(x <= x1)
 400   2                      {
 401   3      
 402   3                              x++;
 403   3                              if(y>y1)
 404   3                              {
 405   4                                      y--;
 406   4                              }
 407   3                              else
 408   3                              {
 409   4                                      y++;
 410   4                              }
 411   3                              ili9320_SetPoint(x,y,color);
 412   3                      }
 413   2              }
 414   1              else
 415   1              {
 416   2                      ili9320_SetPoint(x, y, color);
 417   2                      if(y < y1)
 418   2                      {
 419   3                              if(dx > dy)
 420   3                              {
 421   4                              s16 p = dy * 2 - dx;
 422   4                              s16 twoDy = 2 * dy;
 423   4                              s16 twoDyMinusDx = 2 * (dy - dx);
 424   4                              while(x < x1)
 425   4                              {
C51 COMPILER V9.00   LCD9325                                                               07/16/2015 19:03:08 PAGE 8   

 426   5                                      x++;
 427   5                                      if(p < 0)
 428   5                                      {
 429   6                                              p += twoDy;
 430   6                                      }
 431   5                                      else
 432   5                                      {
 433   6                                              y++;
 434   6                                              p += twoDyMinusDx;
 435   6                                      }
 436   5                                      ili9320_SetPoint(x, y,color);
 437   5                              }
 438   4                              }
 439   3                              else
 440   3                              {
 441   4                              s16 p = dx * 2 - dy;
 442   4                              s16 twoDx = 2 * dx;
 443   4                              s16 twoDxMinusDy = 2 * (dx - dy);
 444   4                              while(y < y1)
 445   4                              {
 446   5                                      y++;
 447   5                                      if(p < 0)
 448   5                                      {
 449   6                                              p += twoDx;
 450   6                                      }
 451   5                                      else
 452   5                                      {
 453   6                                              x++;
 454   6                                              p+= twoDxMinusDy;
 455   6                                      }
 456   5                                      ili9320_SetPoint(x, y, color);
 457   5                              }
 458   4                              }
 459   3                      }
 460   2                      else
 461   2                      {
 462   3                              if(dx > dy)
 463   3                              {
 464   4                              s16 p = dy * 2 - dx;
 465   4                              s16 twoDy = 2 * dy;
 466   4                              s16 twoDyMinusDx = 2 * (dy - dx);
 467   4                              while(x < x1)
 468   4                              {
 469   5                                      x++;
 470   5                                      if(p < 0)
 471   5                                      {
 472   6                                              p += twoDy;
 473   6                                      }
 474   5                                      else
 475   5                                      {
 476   6                                              y--;
 477   6                                              p += twoDyMinusDx;
 478   6                                      }
 479   5                                      ili9320_SetPoint(x, y,color);
 480   5                              }
 481   4                              }
 482   3                              else
 483   3                              {
 484   4                              s16 p = dx * 2 - dy;
 485   4                              s16 twoDx = 2 * dx;
 486   4                              s16 twoDxMinusDy = 2 * (dx - dy);
 487   4                              while(y1 < y)
C51 COMPILER V9.00   LCD9325                                                               07/16/2015 19:03:08 PAGE 9   

 488   4                              {
 489   5                                      y--;
 490   5                                      if(p < 0)
 491   5                                      {
 492   6                                              p += twoDx;
 493   6                                      }
 494   5                                      else
 495   5                                      {
 496   6                                              x++;
 497   6                                              p+= twoDxMinusDy;
 498   6                                      }
 499   5                                      ili9320_SetPoint(x, y,color);
 500   5                              }
 501   4                              }
 502   3                      }
 503   2              }
 504   1      }
 505          
 506          /****************************************************************************
 507          * 名    称：void GUI_Circle(u16 cx,u16 cy,u16 r,u16 color,u8 fill)
 508          * 功    能：在指定座标画圆，可填充
 509          * 入口参数：
 510          * 出口参数：
 511          * 说    明：
 512          * 调用方法：
 513          ****************************************************************************/
 514          void GUI_Circle(u16 cx,u16 cy,u16 r,u16 color,u8 fill)
 515          {
 516   1              u16 x,y;
 517   1              for(x = 0;x<=r;x++)
 518   1              {
 519   2                      y = sqrt(r*r-x*x);
 520   2                      ili9320_SetPoint(cx+r+x,cy+r+y,color);
 521   2                      ili9320_SetPoint(cx+r-x,cy+r-y,color);
 522   2                      ili9320_SetPoint(cx+r+x,cy+r-y,color);
 523   2                      ili9320_SetPoint(cx+r-x,cy+r+y,color);
 524   2                      ili9320_SetPoint(cx+r+y,cy+r+x,color);
 525   2                      ili9320_SetPoint(cx+r-y,cy+r-x,color);
 526   2                      ili9320_SetPoint(cx+r+y,cy+r-x,color);
 527   2                      ili9320_SetPoint(cx+r-y,cy+r+x,color);
 528   2                      if(fill)
 529   2                      {
 530   3                              GUI_Line(cx+r-x,cy+r-y,cx+r-x,cy+r+y,color);
 531   3                              GUI_Line(cx+r+x,cy+r-y,cx+r+x,cy+r+y,color);    
 532   3                      }
 533   2              }
 534   1      
 535   1      }
 536          /****************************************************************************
 537          * 名    称：void GUI_Rectangle(u16 x0, u16 y0, u16 x1, u16 y1,u16 color,u8 fill)
 538          * 功    能：在指定区域画矩形，可填充颜色
 539          * 入口参数：
 540          * 出口参数：
 541          * 说    明：
 542          * 调用方法：
 543          ****************************************************************************/
 544          void GUI_Rectangle(u16 x0, u16 y0, u16 x1, u16 y1,u16 color,u8 fill)
 545          {
 546   1              if(fill)
 547   1              {
 548   2                      u16 i,j;
 549   2              LCD_SetPos(x0,x1,y0,y1);
C51 COMPILER V9.00   LCD9325                                                               07/16/2015 19:03:08 PAGE 10  

 550   2              for(i = y0;i<=y1;i++)
 551   2                for(j = x0;j<=x1;j++)
 552   2                 {
 553   3      
 554   3                              Write_Data_U16(color);
 555   3                         }
 556   2                      return;
 557   2              }
 558   1              GUI_Line(x0,y0,x0,y1,color);
 559   1              GUI_Line(x0,y1,x1,y1,color);
 560   1              GUI_Line(x1,y1,x1,y0,color);
 561   1              GUI_Line(x1,y0,x0,y0,color);
 562   1      }
 563          
 564          /****************************************************************************
 565          * 名    称：void  GUI_Square(u16 x0, u16 y0, u16 with, u16 color,u8 fill)
 566          * 功    能：在指定区域画正方形，可填充颜色
 567          * 入口参数：
 568          * 出口参数：
 569          * 说    明：
 570          * 调用方法：
 571          ****************************************************************************/
 572          void  GUI_Square(u16 x0, u16 y0, u16 with, u16 color,u8 fill)
 573          {
 574   1              GUI_Rectangle(x0, y0, x0+with, y0+with, color,fill);
 575   1      } 
 576          void TFT_Show_Bmp2(u16 x,u16 y,u16 width,u16 high,u16 *ptr,u8 cut)
 577          {
 578   1                u16 i;
 579   1                unsigned long tp[3];
 580   1                LCD_SetPos(x,x+width-1,y,y+high-1);
 581   1                for(i = 0;i<(width*high);i++)
 582   1                {
 583   2                      tp[0] = (((u16*)ptr)[i]&Red)*cut;
 584   2                      tp[1] = (((u16*)ptr)[i]&Green)*cut;
 585   2                      tp[2] = (((u16*)ptr)[i]&Blue)*cut;
 586   2                      tp[0] = (tp[0]/32)&Red;
 587   2                      tp[1] = (tp[1]/32)&Green;
 588   2                      tp[2] = (tp[2]/32)&Blue;
 589   2                      tp[0] = tp[0]|tp[2]|tp[1];
 590   2                      Write_Data_U16(tp[0]);
 591   2                }
 592   1      }
 593          //void TFT_ShowWord(u16 x,u16 y,unsigned char wd[32],u16 color)
 594          //{
 595          //      char i,j;
 596          //  for(i = 0;i<16;i++)
 597          //  {
 598          //    for(j = 0;j<16;j++)
 599          //    {
 600          //      if((*wd&(1<<(7-j%8)))==(1<<(7-j%8)))
 601          //      {
 602          //      TFT_ShowPoint1(j+x,i+y,color);     
 603          //      }
 604          //      if(j==7)
 605          //      wd++;
 606          //      
 607          //    }
 608          //    wd++;
 609          //  }
 610          //}
 611          CONST_TYPE unsigned char Font8x16[] = {
C51 COMPILER V9.00   LCD9325                                                               07/16/2015 19:03:08 PAGE 11  

 612          0x00, 0x00, 0x00, 0x00, 0x00, 0x00, 0x00, 0x00, 0x00, 0x00, 0x00, 0x00, 0x00, 0x00, 0x00, 0x00,
 613          0x00, 0x00, 0x7e, 0x81, 0xa5, 0x81, 0x81, 0xbd, 0x99, 0x81, 0x81, 0x7e, 0x00, 0x00, 0x00, 0x00,
 614          0x00, 0x00, 0x7e, 0xff, 0xdb, 0xff, 0xff, 0xc3, 0xe7, 0xff, 0xff, 0x7e, 0x00, 0x00, 0x00, 0x00,
 615          0x00, 0x00, 0x00, 0x00, 0x6c, 0xfe, 0xfe, 0xfe, 0xfe, 0x7c, 0x38, 0x10, 0x00, 0x00, 0x00, 0x00,
 616          0x00, 0x00, 0x00, 0x00, 0x10, 0x38, 0x7c, 0xfe, 0x7c, 0x38, 0x10, 0x00, 0x00, 0x00, 0x00, 0x00,
 617          0x00, 0x00, 0x00, 0x18, 0x3c, 0x3c, 0xe7, 0xe7, 0xe7, 0x18, 0x18, 0x3c, 0x00, 0x00, 0x00, 0x00,
 618          0x00, 0x00, 0x00, 0x18, 0x3c, 0x7e, 0xff, 0xff, 0x7e, 0x18, 0x18, 0x3c, 0x00, 0x00, 0x00, 0x00,
 619          0x00, 0x00, 0x00, 0x00, 0x00, 0x00, 0x18, 0x3c, 0x3c, 0x18, 0x00, 0x00, 0x00, 0x00, 0x00, 0x00,
 620          0xff, 0xff, 0xff, 0xff, 0xff, 0xff, 0xe7, 0xc3, 0xc3, 0xe7, 0xff, 0xff, 0xff, 0xff, 0xff, 0xff,
 621          0x00, 0x00, 0x00, 0x00, 0x00, 0x3c, 0x66, 0x42, 0x42, 0x66, 0x3c, 0x00, 0x00, 0x00, 0x00, 0x00,
 622          0xff, 0xff, 0xff, 0xff, 0xff, 0xc3, 0x99, 0xbd, 0xbd, 0x99, 0xc3, 0xff, 0xff, 0xff, 0xff, 0xff,
 623          0x00, 0x00, 0x1e, 0x0e, 0x1a, 0x32, 0x78, 0xcc, 0xcc, 0xcc, 0xcc, 0x78, 0x00, 0x00, 0x00, 0x00,
 624          0x00, 0x00, 0x3c, 0x66, 0x66, 0x66, 0x66, 0x3c, 0x18, 0x7e, 0x18, 0x18, 0x00, 0x00, 0x00, 0x00,
 625          0x00, 0x00, 0x3f, 0x33, 0x3f, 0x30, 0x30, 0x30, 0x30, 0x70, 0xf0, 0xe0, 0x00, 0x00, 0x00, 0x00,
 626          0x00, 0x00, 0x7f, 0x63, 0x7f, 0x63, 0x63, 0x63, 0x63, 0x67, 0xe7, 0xe6, 0xc0, 0x00, 0x00, 0x00,
 627          0x00, 0x00, 0x00, 0x18, 0x18, 0xdb, 0x3c, 0xe7, 0x3c, 0xdb, 0x18, 0x18, 0x00, 0x00, 0x00, 0x00,
 628          0x00, 0x80, 0xc0, 0xe0, 0xf0, 0xf8, 0xfe, 0xf8, 0xf0, 0xe0, 0xc0, 0x80, 0x00, 0x00, 0x00, 0x00,
 629          0x00, 0x02, 0x06, 0x0e, 0x1e, 0x3e, 0xfe, 0x3e, 0x1e, 0x0e, 0x06, 0x02, 0x00, 0x00, 0x00, 0x00,
 630          0x00, 0x00, 0x18, 0x3c, 0x7e, 0x18, 0x18, 0x18, 0x7e, 0x3c, 0x18, 0x00, 0x00, 0x00, 0x00, 0x00,
 631          0x00, 0x00, 0x66, 0x66, 0x66, 0x66, 0x66, 0x66, 0x66, 0x00, 0x66, 0x66, 0x00, 0x00, 0x00, 0x00,
 632          0x00, 0x00, 0x7f, 0xdb, 0xdb, 0xdb, 0x7b, 0x1b, 0x1b, 0x1b, 0x1b, 0x1b, 0x00, 0x00, 0x00, 0x00,
 633          0x00, 0x7c, 0xc6, 0x60, 0x38, 0x6c, 0xc6, 0xc6, 0x6c, 0x38, 0x0c, 0xc6, 0x7c, 0x00, 0x00, 0x00,
 634          0x00, 0x00, 0x00, 0x00, 0x00, 0x00, 0x00, 0x00, 0xfe, 0xfe, 0xfe, 0xfe, 0x00, 0x00, 0x00, 0x00,
 635          0x00, 0x00, 0x18, 0x3c, 0x7e, 0x18, 0x18, 0x18, 0x7e, 0x3c, 0x18, 0x7e, 0x00, 0x00, 0x00, 0x00,
 636          0x00, 0x00, 0x18, 0x3c, 0x7e, 0x18, 0x18, 0x18, 0x18, 0x18, 0x18, 0x18, 0x00, 0x00, 0x00, 0x00,
 637          0x00, 0x00, 0x18, 0x18, 0x18, 0x18, 0x18, 0x18, 0x18, 0x7e, 0x3c, 0x18, 0x00, 0x00, 0x00, 0x00,
 638          0x00, 0x00, 0x00, 0x00, 0x00, 0x18, 0x0c, 0xfe, 0x0c, 0x18, 0x00, 0x00, 0x00, 0x00, 0x00, 0x00,
 639          0x00, 0x00, 0x00, 0x00, 0x00, 0x30, 0x60, 0xfe, 0x60, 0x30, 0x00, 0x00, 0x00, 0x00, 0x00, 0x00,
 640          0x00, 0x00, 0x00, 0x00, 0x00, 0x00, 0xc0, 0xc0, 0xc0, 0xfe, 0x00, 0x00, 0x00, 0x00, 0x00, 0x00,
 641          0x00, 0x00, 0x00, 0x00, 0x00, 0x28, 0x6c, 0xfe, 0x6c, 0x28, 0x00, 0x00, 0x00, 0x00, 0x00, 0x00,
 642          0x00, 0x00, 0x00, 0x00, 0x10, 0x38, 0x38, 0x7c, 0x7c, 0xfe, 0xfe, 0x00, 0x00, 0x00, 0x00, 0x00,
 643          0x00, 0x00, 0x00, 0x00, 0xfe, 0xfe, 0x7c, 0x7c, 0x38, 0x38, 0x10, 0x00, 0x00, 0x00, 0x00, 0x00,
 644          0x00, 0x00, 0x00, 0x00, 0x00, 0x00, 0x00, 0x00, 0x00, 0x00, 0x00, 0x00, 0x00, 0x00, 0x00, 0x00,
 645          0x00, 0x00, 0x18, 0x3c, 0x3c, 0x3c, 0x18, 0x18, 0x18, 0x00, 0x18, 0x18, 0x00, 0x00, 0x00, 0x00,
 646          0x00, 0x66, 0x66, 0x66, 0x24, 0x00, 0x00, 0x00, 0x00, 0x00, 0x00, 0x00, 0x00, 0x00, 0x00, 0x00,
 647          0x00, 0x00, 0x00, 0x6c, 0x6c, 0xfe, 0x6c, 0x6c, 0x6c, 0xfe, 0x6c, 0x6c, 0x00, 0x00, 0x00, 0x00,
 648          0x18, 0x18, 0x7c, 0xc6, 0xc2, 0xc0, 0x7c, 0x06, 0x06, 0x86, 0xc6, 0x7c, 0x18, 0x18, 0x00, 0x00,
 649          0x00, 0x00, 0x00, 0x00, 0xc2, 0xc6, 0x0c, 0x18, 0x30, 0x60, 0xc6, 0x86, 0x00, 0x00, 0x00, 0x00,
 650          0x00, 0x00, 0x38, 0x6c, 0x6c, 0x38, 0x76, 0xdc, 0xcc, 0xcc, 0xcc, 0x76, 0x00, 0x00, 0x00, 0x00,
 651          0x00, 0x30, 0x30, 0x30, 0x60, 0x00, 0x00, 0x00, 0x00, 0x00, 0x00, 0x00, 0x00, 0x00, 0x00, 0x00,
 652          0x00, 0x00, 0x0c, 0x18, 0x30, 0x30, 0x30, 0x30, 0x30, 0x30, 0x18, 0x0c, 0x00, 0x00, 0x00, 0x00,
 653          0x00, 0x00, 0x30, 0x18, 0x0c, 0x0c, 0x0c, 0x0c, 0x0c, 0x0c, 0x18, 0x30, 0x00, 0x00, 0x00, 0x00,
 654          0x00, 0x00, 0x00, 0x00, 0x00, 0x66, 0x3c, 0xff, 0x3c, 0x66, 0x00, 0x00, 0x00, 0x00, 0x00, 0x00,
 655          0x00, 0x00, 0x00, 0x00, 0x00, 0x18, 0x18, 0x7e, 0x18, 0x18, 0x00, 0x00, 0x00, 0x00, 0x00, 0x00,
 656          0x00, 0x00, 0x00, 0x00, 0x00, 0x00, 0x00, 0x00, 0x00, 0x18, 0x18, 0x18, 0x30, 0x00, 0x00, 0x00,
 657          0x00, 0x00, 0x00, 0x00, 0x00, 0x00, 0x00, 0xfe, 0x00, 0x00, 0x00, 0x00, 0x00, 0x00, 0x00, 0x00,
 658          0x00, 0x00, 0x00, 0x00, 0x00, 0x00, 0x00, 0x00, 0x00, 0x00, 0x18, 0x18, 0x00, 0x00, 0x00, 0x00,
 659          0x00, 0x00, 0x00, 0x00, 0x02, 0x06, 0x0c, 0x18, 0x30, 0x60, 0xc0, 0x80, 0x00, 0x00, 0x00, 0x00,
 660          0x00, 0x00, 0x38, 0x6c, 0xc6, 0xc6, 0xd6, 0xd6, 0xc6, 0xc6, 0x6c, 0x38, 0x00, 0x00, 0x00, 0x00,
 661          0x00, 0x00, 0x18, 0x38, 0x78, 0x18, 0x18, 0x18, 0x18, 0x18, 0x18, 0x7e, 0x00, 0x00, 0x00, 0x00,
 662          0x00, 0x00, 0x7c, 0xc6, 0x06, 0x0c, 0x18, 0x30, 0x60, 0xc0, 0xc6, 0xfe, 0x00, 0x00, 0x00, 0x00,
 663          0x00, 0x00, 0x7c, 0xc6, 0x06, 0x06, 0x3c, 0x06, 0x06, 0x06, 0xc6, 0x7c, 0x00, 0x00, 0x00, 0x00,
 664          0x00, 0x00, 0x0c, 0x1c, 0x3c, 0x6c, 0xcc, 0xfe, 0x0c, 0x0c, 0x0c, 0x1e, 0x00, 0x00, 0x00, 0x00,
 665          0x00, 0x00, 0xfe, 0xc0, 0xc0, 0xc0, 0xfc, 0x06, 0x06, 0x06, 0xc6, 0x7c, 0x00, 0x00, 0x00, 0x00,
 666          0x00, 0x00, 0x38, 0x60, 0xc0, 0xc0, 0xfc, 0xc6, 0xc6, 0xc6, 0xc6, 0x7c, 0x00, 0x00, 0x00, 0x00,
 667          0x00, 0x00, 0xfe, 0xc6, 0x06, 0x06, 0x0c, 0x18, 0x30, 0x30, 0x30, 0x30, 0x00, 0x00, 0x00, 0x00,
 668          0x00, 0x00, 0x7c, 0xc6, 0xc6, 0xc6, 0x7c, 0xc6, 0xc6, 0xc6, 0xc6, 0x7c, 0x00, 0x00, 0x00, 0x00,
 669          0x00, 0x00, 0x7c, 0xc6, 0xc6, 0xc6, 0x7e, 0x06, 0x06, 0x06, 0x0c, 0x78, 0x00, 0x00, 0x00, 0x00,
 670          0x00, 0x00, 0x00, 0x00, 0x18, 0x18, 0x00, 0x00, 0x00, 0x18, 0x18, 0x00, 0x00, 0x00, 0x00, 0x00,
 671          0x00, 0x00, 0x00, 0x00, 0x18, 0x18, 0x00, 0x00, 0x00, 0x18, 0x18, 0x30, 0x00, 0x00, 0x00, 0x00,
 672          0x00, 0x00, 0x00, 0x06, 0x0c, 0x18, 0x30, 0x60, 0x30, 0x18, 0x0c, 0x06, 0x00, 0x00, 0x00, 0x00,
 673          0x00, 0x00, 0x00, 0x00, 0x00, 0x7e, 0x00, 0x00, 0x7e, 0x00, 0x00, 0x00, 0x00, 0x00, 0x00, 0x00,
C51 COMPILER V9.00   LCD9325                                                               07/16/2015 19:03:08 PAGE 12  

 674          0x00, 0x00, 0x00, 0x60, 0x30, 0x18, 0x0c, 0x06, 0x0c, 0x18, 0x30, 0x60, 0x00, 0x00, 0x00, 0x00,
 675          0x00, 0x00, 0x7c, 0xc6, 0xc6, 0x0c, 0x18, 0x18, 0x18, 0x00, 0x18, 0x18, 0x00, 0x00, 0x00, 0x00,
 676          0x00, 0x00, 0x00, 0x7c, 0xc6, 0xc6, 0xde, 0xde, 0xde, 0xdc, 0xc0, 0x7c, 0x00, 0x00, 0x00, 0x00,
 677          0x00, 0x00, 0x10, 0x38, 0x6c, 0xc6, 0xc6, 0xfe, 0xc6, 0xc6, 0xc6, 0xc6, 0x00, 0x00, 0x00, 0x00,
 678          0x00, 0x00, 0xfc, 0x66, 0x66, 0x66, 0x7c, 0x66, 0x66, 0x66, 0x66, 0xfc, 0x00, 0x00, 0x00, 0x00,
 679          0x00, 0x00, 0x3c, 0x66, 0xc2, 0xc0, 0xc0, 0xc0, 0xc0, 0xc2, 0x66, 0x3c, 0x00, 0x00, 0x00, 0x00,
 680          0x00, 0x00, 0xf8, 0x6c, 0x66, 0x66, 0x66, 0x66, 0x66, 0x66, 0x6c, 0xf8, 0x00, 0x00, 0x00, 0x00,
 681          0x00, 0x00, 0xfe, 0x66, 0x62, 0x68, 0x78, 0x68, 0x60, 0x62, 0x66, 0xfe, 0x00, 0x00, 0x00, 0x00,
 682          0x00, 0x00, 0xfe, 0x66, 0x62, 0x68, 0x78, 0x68, 0x60, 0x60, 0x60, 0xf0, 0x00, 0x00, 0x00, 0x00,
 683          0x00, 0x00, 0x3c, 0x66, 0xc2, 0xc0, 0xc0, 0xde, 0xc6, 0xc6, 0x66, 0x3a, 0x00, 0x00, 0x00, 0x00,
 684          0x00, 0x00, 0xc6, 0xc6, 0xc6, 0xc6, 0xfe, 0xc6, 0xc6, 0xc6, 0xc6, 0xc6, 0x00, 0x00, 0x00, 0x00,
 685          0x00, 0x00, 0x3c, 0x18, 0x18, 0x18, 0x18, 0x18, 0x18, 0x18, 0x18, 0x3c, 0x00, 0x00, 0x00, 0x00,
 686          0x00, 0x00, 0x1e, 0x0c, 0x0c, 0x0c, 0x0c, 0x0c, 0xcc, 0xcc, 0xcc, 0x78, 0x00, 0x00, 0x00, 0x00,
 687          0x00, 0x00, 0xe6, 0x66, 0x66, 0x6c, 0x78, 0x78, 0x6c, 0x66, 0x66, 0xe6, 0x00, 0x00, 0x00, 0x00,
 688          0x00, 0x00, 0xf0, 0x60, 0x60, 0x60, 0x60, 0x60, 0x60, 0x62, 0x66, 0xfe, 0x00, 0x00, 0x00, 0x00,
 689          0x00, 0x00, 0xc6, 0xee, 0xfe, 0xfe, 0xd6, 0xc6, 0xc6, 0xc6, 0xc6, 0xc6, 0x00, 0x00, 0x00, 0x00,
 690          0x00, 0x00, 0xc6, 0xe6, 0xf6, 0xfe, 0xde, 0xce, 0xc6, 0xc6, 0xc6, 0xc6, 0x00, 0x00, 0x00, 0x00,
 691          0x00, 0x00, 0x7c, 0xc6, 0xc6, 0xc6, 0xc6, 0xc6, 0xc6, 0xc6, 0xc6, 0x7c, 0x00, 0x00, 0x00, 0x00,
 692          0x00, 0x00, 0xfc, 0x66, 0x66, 0x66, 0x7c, 0x60, 0x60, 0x60, 0x60, 0xf0, 0x00, 0x00, 0x00, 0x00,
 693          0x00, 0x00, 0x7c, 0xc6, 0xc6, 0xc6, 0xc6, 0xc6, 0xc6, 0xd6, 0xde, 0x7c, 0x0c, 0x0e, 0x00, 0x00,
 694          0x00, 0x00, 0xfc, 0x66, 0x66, 0x66, 0x7c, 0x6c, 0x66, 0x66, 0x66, 0xe6, 0x00, 0x00, 0x00, 0x00,
 695          0x00, 0x00, 0x7c, 0xc6, 0xc6, 0x60, 0x38, 0x0c, 0x06, 0xc6, 0xc6, 0x7c, 0x00, 0x00, 0x00, 0x00,
 696          0x00, 0x00, 0x7e, 0x7e, 0x5a, 0x18, 0x18, 0x18, 0x18, 0x18, 0x18, 0x3c, 0x00, 0x00, 0x00, 0x00,
 697          0x00, 0x00, 0xc6, 0xc6, 0xc6, 0xc6, 0xc6, 0xc6, 0xc6, 0xc6, 0xc6, 0x7c, 0x00, 0x00, 0x00, 0x00,
 698          0x00, 0x00, 0xc6, 0xc6, 0xc6, 0xc6, 0xc6, 0xc6, 0xc6, 0x6c, 0x38, 0x10, 0x00, 0x00, 0x00, 0x00,
 699          0x00, 0x00, 0xc6, 0xc6, 0xc6, 0xc6, 0xd6, 0xd6, 0xd6, 0xfe, 0xee, 0x6c, 0x00, 0x00, 0x00, 0x00,
 700          0x00, 0x00, 0xc6, 0xc6, 0x6c, 0x7c, 0x38, 0x38, 0x7c, 0x6c, 0xc6, 0xc6, 0x00, 0x00, 0x00, 0x00,
 701          0x00, 0x00, 0x66, 0x66, 0x66, 0x66, 0x3c, 0x18, 0x18, 0x18, 0x18, 0x3c, 0x00, 0x00, 0x00, 0x00,
 702          0x00, 0x00, 0xfe, 0xc6, 0x86, 0x0c, 0x18, 0x30, 0x60, 0xc2, 0xc6, 0xfe, 0x00, 0x00, 0x00, 0x00,
 703          0x00, 0x00, 0x3c, 0x30, 0x30, 0x30, 0x30, 0x30, 0x30, 0x30, 0x30, 0x3c, 0x00, 0x00, 0x00, 0x00,
 704          0x00, 0x00, 0x00, 0x80, 0xc0, 0xe0, 0x70, 0x38, 0x1c, 0x0e, 0x06, 0x02, 0x00, 0x00, 0x00, 0x00,
 705          0x00, 0x00, 0x3c, 0x0c, 0x0c, 0x0c, 0x0c, 0x0c, 0x0c, 0x0c, 0x0c, 0x3c, 0x00, 0x00, 0x00, 0x00,
 706          0x10, 0x38, 0x6c, 0xc6, 0x00, 0x00, 0x00, 0x00, 0x00, 0x00, 0x00, 0x00, 0x00, 0x00, 0x00, 0x00,
 707          0x00, 0x00, 0x00, 0x00, 0x00, 0x00, 0x00, 0x00, 0x00, 0x00, 0x00, 0x00, 0x00, 0xff, 0x00, 0x00,
 708          0x30, 0x30, 0x18, 0x00, 0x00, 0x00, 0x00, 0x00, 0x00, 0x00, 0x00, 0x00, 0x00, 0x00, 0x00, 0x00,
 709          0x00, 0x00, 0x00, 0x00, 0x00, 0x78, 0x0c, 0x7c, 0xcc, 0xcc, 0xcc, 0x76, 0x00, 0x00, 0x00, 0x00,
 710          0x00, 0x00, 0xe0, 0x60, 0x60, 0x78, 0x6c, 0x66, 0x66, 0x66, 0x66, 0x7c, 0x00, 0x00, 0x00, 0x00,
 711          0x00, 0x00, 0x00, 0x00, 0x00, 0x7c, 0xc6, 0xc0, 0xc0, 0xc0, 0xc6, 0x7c, 0x00, 0x00, 0x00, 0x00,
 712          0x00, 0x00, 0x1c, 0x0c, 0x0c, 0x3c, 0x6c, 0xcc, 0xcc, 0xcc, 0xcc, 0x76, 0x00, 0x00, 0x00, 0x00,
 713          0x00, 0x00, 0x00, 0x00, 0x00, 0x7c, 0xc6, 0xfe, 0xc0, 0xc0, 0xc6, 0x7c, 0x00, 0x00, 0x00, 0x00,
 714          0x00, 0x00, 0x38, 0x6c, 0x64, 0x60, 0xf0, 0x60, 0x60, 0x60, 0x60, 0xf0, 0x00, 0x00, 0x00, 0x00,
 715          0x00, 0x00, 0x00, 0x00, 0x00, 0x76, 0xcc, 0xcc, 0xcc, 0xcc, 0xcc, 0x7c, 0x0c, 0xcc, 0x78, 0x00,
 716          0x00, 0x00, 0xe0, 0x60, 0x60, 0x6c, 0x76, 0x66, 0x66, 0x66, 0x66, 0xe6, 0x00, 0x00, 0x00, 0x00,
 717          0x00, 0x00, 0x18, 0x18, 0x00, 0x38, 0x18, 0x18, 0x18, 0x18, 0x18, 0x3c, 0x00, 0x00, 0x00, 0x00,
 718          0x00, 0x00, 0x06, 0x06, 0x00, 0x0e, 0x06, 0x06, 0x06, 0x06, 0x06, 0x06, 0x66, 0x66, 0x3c, 0x00,
 719          0x00, 0x00, 0xe0, 0x60, 0x60, 0x66, 0x6c, 0x78, 0x78, 0x6c, 0x66, 0xe6, 0x00, 0x00, 0x00, 0x00,
 720          0x00, 0x00, 0x38, 0x18, 0x18, 0x18, 0x18, 0x18, 0x18, 0x18, 0x18, 0x3c, 0x00, 0x00, 0x00, 0x00,
 721          0x00, 0x00, 0x00, 0x00, 0x00, 0xec, 0xfe, 0xd6, 0xd6, 0xd6, 0xd6, 0xc6, 0x00, 0x00, 0x00, 0x00,
 722          0x00, 0x00, 0x00, 0x00, 0x00, 0xdc, 0x66, 0x66, 0x66, 0x66, 0x66, 0x66, 0x00, 0x00, 0x00, 0x00,
 723          0x00, 0x00, 0x00, 0x00, 0x00, 0x7c, 0xc6, 0xc6, 0xc6, 0xc6, 0xc6, 0x7c, 0x00, 0x00, 0x00, 0x00,
 724          0x00, 0x00, 0x00, 0x00, 0x00, 0xdc, 0x66, 0x66, 0x66, 0x66, 0x66, 0x7c, 0x60, 0x60, 0xf0, 0x00,
 725          0x00, 0x00, 0x00, 0x00, 0x00, 0x76, 0xcc, 0xcc, 0xcc, 0xcc, 0xcc, 0x7c, 0x0c, 0x0c, 0x1e, 0x00,
 726          0x00, 0x00, 0x00, 0x00, 0x00, 0xdc, 0x76, 0x66, 0x60, 0x60, 0x60, 0xf0, 0x00, 0x00, 0x00, 0x00,
 727          0x00, 0x00, 0x00, 0x00, 0x00, 0x7c, 0xc6, 0x60, 0x38, 0x0c, 0xc6, 0x7c, 0x00, 0x00, 0x00, 0x00,
 728          0x00, 0x00, 0x10, 0x30, 0x30, 0xfc, 0x30, 0x30, 0x30, 0x30, 0x36, 0x1c, 0x00, 0x00, 0x00, 0x00,
 729          0x00, 0x00, 0x00, 0x00, 0x00, 0xcc, 0xcc, 0xcc, 0xcc, 0xcc, 0xcc, 0x76, 0x00, 0x00, 0x00, 0x00,
 730          0x00, 0x00, 0x00, 0x00, 0x00, 0x66, 0x66, 0x66, 0x66, 0x66, 0x3c, 0x18, 0x00, 0x00, 0x00, 0x00,
 731          0x00, 0x00, 0x00, 0x00, 0x00, 0xc6, 0xc6, 0xd6, 0xd6, 0xd6, 0xfe, 0x6c, 0x00, 0x00, 0x00, 0x00,
 732          0x00, 0x00, 0x00, 0x00, 0x00, 0xc6, 0x6c, 0x38, 0x38, 0x38, 0x6c, 0xc6, 0x00, 0x00, 0x00, 0x00,
 733          0x00, 0x00, 0x00, 0x00, 0x00, 0xc6, 0xc6, 0xc6, 0xc6, 0xc6, 0xc6, 0x7e, 0x06, 0x0c, 0xf8, 0x00,
 734          0x00, 0x00, 0x00, 0x00, 0x00, 0xfe, 0xcc, 0x18, 0x30, 0x60, 0xc6, 0xfe, 0x00, 0x00, 0x00, 0x00,
 735          0x00, 0x00, 0x0e, 0x18, 0x18, 0x18, 0x70, 0x18, 0x18, 0x18, 0x18, 0x0e, 0x00, 0x00, 0x00, 0x00,
C51 COMPILER V9.00   LCD9325                                                               07/16/2015 19:03:08 PAGE 13  

 736          0x00, 0x00, 0x18, 0x18, 0x18, 0x18, 0x00, 0x18, 0x18, 0x18, 0x18, 0x18, 0x00, 0x00, 0x00, 0x00,
 737          0x00, 0x00, 0x70, 0x18, 0x18, 0x18, 0x0e, 0x18, 0x18, 0x18, 0x18, 0x70, 0x00, 0x00, 0x00, 0x00,
 738          0x00, 0x00, 0x76, 0xdc, 0x00, 0x00, 0x00, 0x00, 0x00, 0x00, 0x00, 0x00, 0x00, 0x00, 0x00, 0x00,
 739          0x00, 0x00, 0x00, 0x00, 0x10, 0x38, 0x6c, 0xc6, 0xc6, 0xc6, 0xfe, 0x00, 0x00, 0x00, 0x00, 0x00,
 740          0x00, 0x00, 0x3c, 0x66, 0xc2, 0xc0, 0xc0, 0xc0, 0xc2, 0x66, 0x3c, 0x0c, 0x06, 0x7c, 0x00, 0x00,
 741          0x00, 0x00, 0xcc, 0x00, 0x00, 0xcc, 0xcc, 0xcc, 0xcc, 0xcc, 0xcc, 0x76, 0x00, 0x00, 0x00, 0x00,
 742          0x00, 0x0c, 0x18, 0x30, 0x00, 0x7c, 0xc6, 0xfe, 0xc0, 0xc0, 0xc6, 0x7c, 0x00, 0x00, 0x00, 0x00,
 743          0x00, 0x10, 0x38, 0x6c, 0x00, 0x78, 0x0c, 0x7c, 0xcc, 0xcc, 0xcc, 0x76, 0x00, 0x00, 0x00, 0x00,
 744          0x00, 0x00, 0xcc, 0x00, 0x00, 0x78, 0x0c, 0x7c, 0xcc, 0xcc, 0xcc, 0x76, 0x00, 0x00, 0x00, 0x00,
 745          0x00, 0x60, 0x30, 0x18, 0x00, 0x78, 0x0c, 0x7c, 0xcc, 0xcc, 0xcc, 0x76, 0x00, 0x00, 0x00, 0x00,
 746          0x00, 0x38, 0x6c, 0x38, 0x00, 0x78, 0x0c, 0x7c, 0xcc, 0xcc, 0xcc, 0x76, 0x00, 0x00, 0x00, 0x00,
 747          0x00, 0x00, 0x00, 0x00, 0x3c, 0x66, 0x60, 0x60, 0x66, 0x3c, 0x0c, 0x06, 0x3c, 0x00, 0x00, 0x00,
 748          0x00, 0x10, 0x38, 0x6c, 0x00, 0x7c, 0xc6, 0xfe, 0xc0, 0xc0, 0xc6, 0x7c, 0x00, 0x00, 0x00, 0x00,
 749          0x00, 0x00, 0xc6, 0x00, 0x00, 0x7c, 0xc6, 0xfe, 0xc0, 0xc0, 0xc6, 0x7c, 0x00, 0x00, 0x00, 0x00,
 750          0x00, 0x60, 0x30, 0x18, 0x00, 0x7c, 0xc6, 0xfe, 0xc0, 0xc0, 0xc6, 0x7c, 0x00, 0x00, 0x00, 0x00,
 751          0x00, 0x00, 0x66, 0x00, 0x00, 0x38, 0x18, 0x18, 0x18, 0x18, 0x18, 0x3c, 0x00, 0x00, 0x00, 0x00,
 752          0x00, 0x18, 0x3c, 0x66, 0x00, 0x38, 0x18, 0x18, 0x18, 0x18, 0x18, 0x3c, 0x00, 0x00, 0x00, 0x00,
 753          0x00, 0x60, 0x30, 0x18, 0x00, 0x38, 0x18, 0x18, 0x18, 0x18, 0x18, 0x3c, 0x00, 0x00, 0x00, 0x00,
 754          0x00, 0xc6, 0x00, 0x10, 0x38, 0x6c, 0xc6, 0xc6, 0xfe, 0xc6, 0xc6, 0xc6, 0x00, 0x00, 0x00, 0x00,
 755          0x38, 0x6c, 0x38, 0x00, 0x38, 0x6c, 0xc6, 0xc6, 0xfe, 0xc6, 0xc6, 0xc6, 0x00, 0x00, 0x00, 0x00,
 756          0x18, 0x30, 0x60, 0x00, 0xfe, 0x66, 0x60, 0x7c, 0x60, 0x60, 0x66, 0xfe, 0x00, 0x00, 0x00, 0x00,
 757          0x00, 0x00, 0x00, 0x00, 0x00, 0xcc, 0x76, 0x36, 0x7e, 0xd8, 0xd8, 0x6e, 0x00, 0x00, 0x00, 0x00,
 758          0x00, 0x00, 0x3e, 0x6c, 0xcc, 0xcc, 0xfe, 0xcc, 0xcc, 0xcc, 0xcc, 0xce, 0x00, 0x00, 0x00, 0x00,
 759          0x00, 0x10, 0x38, 0x6c, 0x00, 0x7c, 0xc6, 0xc6, 0xc6, 0xc6, 0xc6, 0x7c, 0x00, 0x00, 0x00, 0x00,
 760          0x00, 0x00, 0xc6, 0x00, 0x00, 0x7c, 0xc6, 0xc6, 0xc6, 0xc6, 0xc6, 0x7c, 0x00, 0x00, 0x00, 0x00,
 761          0x00, 0x60, 0x30, 0x18, 0x00, 0x7c, 0xc6, 0xc6, 0xc6, 0xc6, 0xc6, 0x7c, 0x00, 0x00, 0x00, 0x00,
 762          0x00, 0x30, 0x78, 0xcc, 0x00, 0xcc, 0xcc, 0xcc, 0xcc, 0xcc, 0xcc, 0x76, 0x00, 0x00, 0x00, 0x00,
 763          0x00, 0x60, 0x30, 0x18, 0x00, 0xcc, 0xcc, 0xcc, 0xcc, 0xcc, 0xcc, 0x76, 0x00, 0x00, 0x00, 0x00,
 764          0x00, 0x00, 0xc6, 0x00, 0x00, 0xc6, 0xc6, 0xc6, 0xc6, 0xc6, 0xc6, 0x7e, 0x06, 0x0c, 0x78, 0x00,
 765          0x00, 0xc6, 0x00, 0x7c, 0xc6, 0xc6, 0xc6, 0xc6, 0xc6, 0xc6, 0xc6, 0x7c, 0x00, 0x00, 0x00, 0x00,
 766          0x00, 0xc6, 0x00, 0xc6, 0xc6, 0xc6, 0xc6, 0xc6, 0xc6, 0xc6, 0xc6, 0x7c, 0x00, 0x00, 0x00, 0x00,
 767          0x00, 0x18, 0x18, 0x3c, 0x66, 0x60, 0x60, 0x60, 0x66, 0x3c, 0x18, 0x18, 0x00, 0x00, 0x00, 0x00,
 768          0x00, 0x38, 0x6c, 0x64, 0x60, 0xf0, 0x60, 0x60, 0x60, 0x60, 0xe6, 0xfc, 0x00, 0x00, 0x00, 0x00,
 769          0x00, 0x00, 0x66, 0x66, 0x3c, 0x18, 0x7e, 0x18, 0x7e, 0x18, 0x18, 0x18, 0x00, 0x00, 0x00, 0x00,
 770          0x00, 0xf8, 0xcc, 0xcc, 0xf8, 0xc4, 0xcc, 0xde, 0xcc, 0xcc, 0xcc, 0xc6, 0x00, 0x00, 0x00, 0x00,
 771          0x00, 0x0e, 0x1b, 0x18, 0x18, 0x18, 0x7e, 0x18, 0x18, 0x18, 0x18, 0x18, 0xd8, 0x70, 0x00, 0x00,
 772          0x00, 0x18, 0x30, 0x60, 0x00, 0x78, 0x0c, 0x7c, 0xcc, 0xcc, 0xcc, 0x76, 0x00, 0x00, 0x00, 0x00,
 773          0x00, 0x0c, 0x18, 0x30, 0x00, 0x38, 0x18, 0x18, 0x18, 0x18, 0x18, 0x3c, 0x00, 0x00, 0x00, 0x00,
 774          0x00, 0x18, 0x30, 0x60, 0x00, 0x7c, 0xc6, 0xc6, 0xc6, 0xc6, 0xc6, 0x7c, 0x00, 0x00, 0x00, 0x00,
 775          0x00, 0x18, 0x30, 0x60, 0x00, 0xcc, 0xcc, 0xcc, 0xcc, 0xcc, 0xcc, 0x76, 0x00, 0x00, 0x00, 0x00,
 776          0x00, 0x00, 0x76, 0xdc, 0x00, 0xdc, 0x66, 0x66, 0x66, 0x66, 0x66, 0x66, 0x00, 0x00, 0x00, 0x00,
 777          0x76, 0xdc, 0x00, 0xc6, 0xe6, 0xf6, 0xfe, 0xde, 0xce, 0xc6, 0xc6, 0xc6, 0x00, 0x00, 0x00, 0x00,
 778          0x00, 0x3c, 0x6c, 0x6c, 0x3e, 0x00, 0x7e, 0x00, 0x00, 0x00, 0x00, 0x00, 0x00, 0x00, 0x00, 0x00,
 779          0x00, 0x38, 0x6c, 0x6c, 0x38, 0x00, 0x7c, 0x00, 0x00, 0x00, 0x00, 0x00, 0x00, 0x00, 0x00, 0x00,
 780          0x00, 0x00, 0x30, 0x30, 0x00, 0x30, 0x30, 0x60, 0xc0, 0xc6, 0xc6, 0x7c, 0x00, 0x00, 0x00, 0x00,
 781          0x00, 0x00, 0x00, 0x00, 0x00, 0x00, 0xfe, 0xc0, 0xc0, 0xc0, 0xc0, 0x00, 0x00, 0x00, 0x00, 0x00,
 782          0x00, 0x00, 0x00, 0x00, 0x00, 0x00, 0xfe, 0x06, 0x06, 0x06, 0x06, 0x00, 0x00, 0x00, 0x00, 0x00,
 783          0x00, 0xc0, 0xc0, 0xc2, 0xc6, 0xcc, 0x18, 0x30, 0x60, 0xdc, 0x86, 0x0c, 0x18, 0x3e, 0x00, 0x00,
 784          0x00, 0xc0, 0xc0, 0xc2, 0xc6, 0xcc, 0x18, 0x30, 0x66, 0xce, 0x9e, 0x3e, 0x06, 0x06, 0x00, 0x00,
 785          0x00, 0x00, 0x18, 0x18, 0x00, 0x18, 0x18, 0x18, 0x3c, 0x3c, 0x3c, 0x18, 0x00, 0x00, 0x00, 0x00,
 786          0x00, 0x00, 0x00, 0x00, 0x00, 0x36, 0x6c, 0xd8, 0x6c, 0x36, 0x00, 0x00, 0x00, 0x00, 0x00, 0x00,
 787          0x00, 0x00, 0x00, 0x00, 0x00, 0xd8, 0x6c, 0x36, 0x6c, 0xd8, 0x00, 0x00, 0x00, 0x00, 0x00, 0x00,
 788          0x11, 0x44, 0x11, 0x44, 0x11, 0x44, 0x11, 0x44, 0x11, 0x44, 0x11, 0x44, 0x11, 0x44, 0x11, 0x44,
 789          0x55, 0xaa, 0x55, 0xaa, 0x55, 0xaa, 0x55, 0xaa, 0x55, 0xaa, 0x55, 0xaa, 0x55, 0xaa, 0x55, 0xaa,
 790          0xdd, 0x77, 0xdd, 0x77, 0xdd, 0x77, 0xdd, 0x77, 0xdd, 0x77, 0xdd, 0x77, 0xdd, 0x77, 0xdd, 0x77,
 791          0x18, 0x18, 0x18, 0x18, 0x18, 0x18, 0x18, 0x18, 0x18, 0x18, 0x18, 0x18, 0x18, 0x18, 0x18, 0x18,
 792          0x18, 0x18, 0x18, 0x18, 0x18, 0x18, 0x18, 0xf8, 0x18, 0x18, 0x18, 0x18, 0x18, 0x18, 0x18, 0x18,
 793          0x18, 0x18, 0x18, 0x18, 0x18, 0xf8, 0x18, 0xf8, 0x18, 0x18, 0x18, 0x18, 0x18, 0x18, 0x18, 0x18,
 794          0x36, 0x36, 0x36, 0x36, 0x36, 0x36, 0x36, 0xf6, 0x36, 0x36, 0x36, 0x36, 0x36, 0x36, 0x36, 0x36,
 795          0x00, 0x00, 0x00, 0x00, 0x00, 0x00, 0x00, 0xfe, 0x36, 0x36, 0x36, 0x36, 0x36, 0x36, 0x36, 0x36,
 796          0x00, 0x00, 0x00, 0x00, 0x00, 0xf8, 0x18, 0xf8, 0x18, 0x18, 0x18, 0x18, 0x18, 0x18, 0x18, 0x18,
 797          0x36, 0x36, 0x36, 0x36, 0x36, 0xf6, 0x06, 0xf6, 0x36, 0x36, 0x36, 0x36, 0x36, 0x36, 0x36, 0x36,
C51 COMPILER V9.00   LCD9325                                                               07/16/2015 19:03:08 PAGE 14  

 798          0x36, 0x36, 0x36, 0x36, 0x36, 0x36, 0x36, 0x36, 0x36, 0x36, 0x36, 0x36, 0x36, 0x36, 0x36, 0x36,
 799          0x00, 0x00, 0x00, 0x00, 0x00, 0xfe, 0x06, 0xf6, 0x36, 0x36, 0x36, 0x36, 0x36, 0x36, 0x36, 0x36,
 800          0x36, 0x36, 0x36, 0x36, 0x36, 0xf6, 0x06, 0xfe, 0x00, 0x00, 0x00, 0x00, 0x00, 0x00, 0x00, 0x00,
 801          0x36, 0x36, 0x36, 0x36, 0x36, 0x36, 0x36, 0xfe, 0x00, 0x00, 0x00, 0x00, 0x00, 0x00, 0x00, 0x00,
 802          0x18, 0x18, 0x18, 0x18, 0x18, 0xf8, 0x18, 0xf8, 0x00, 0x00, 0x00, 0x00, 0x00, 0x00, 0x00, 0x00,
 803          0x00, 0x00, 0x00, 0x00, 0x00, 0x00, 0x00, 0xf8, 0x18, 0x18, 0x18, 0x18, 0x18, 0x18, 0x18, 0x18,
 804          0x18, 0x18, 0x18, 0x18, 0x18, 0x18, 0x18, 0x1f, 0x00, 0x00, 0x00, 0x00, 0x00, 0x00, 0x00, 0x00,
 805          0x18, 0x18, 0x18, 0x18, 0x18, 0x18, 0x18, 0xff, 0x00, 0x00, 0x00, 0x00, 0x00, 0x00, 0x00, 0x00,
 806          0x00, 0x00, 0x00, 0x00, 0x00, 0x00, 0x00, 0xff, 0x18, 0x18, 0x18, 0x18, 0x18, 0x18, 0x18, 0x18,
 807          0x18, 0x18, 0x18, 0x18, 0x18, 0x18, 0x18, 0x1f, 0x18, 0x18, 0x18, 0x18, 0x18, 0x18, 0x18, 0x18,
 808          0x00, 0x00, 0x00, 0x00, 0x00, 0x00, 0x00, 0xff, 0x00, 0x00, 0x00, 0x00, 0x00, 0x00, 0x00, 0x00,
 809          0x18, 0x18, 0x18, 0x18, 0x18, 0x18, 0x18, 0xff, 0x18, 0x18, 0x18, 0x18, 0x18, 0x18, 0x18, 0x18,
 810          0x18, 0x18, 0x18, 0x18, 0x18, 0x1f, 0x18, 0x1f, 0x18, 0x18, 0x18, 0x18, 0x18, 0x18, 0x18, 0x18,
 811          0x36, 0x36, 0x36, 0x36, 0x36, 0x36, 0x36, 0x37, 0x36, 0x36, 0x36, 0x36, 0x36, 0x36, 0x36, 0x36,
 812          0x36, 0x36, 0x36, 0x36, 0x36, 0x37, 0x30, 0x3f, 0x00, 0x00, 0x00, 0x00, 0x00, 0x00, 0x00, 0x00,
 813          0x00, 0x00, 0x00, 0x00, 0x00, 0x3f, 0x30, 0x37, 0x36, 0x36, 0x36, 0x36, 0x36, 0x36, 0x36, 0x36,
 814          0x36, 0x36, 0x36, 0x36, 0x36, 0xf7, 0x00, 0xff, 0x00, 0x00, 0x00, 0x00, 0x00, 0x00, 0x00, 0x00,
 815          0x00, 0x00, 0x00, 0x00, 0x00, 0xff, 0x00, 0xf7, 0x36, 0x36, 0x36, 0x36, 0x36, 0x36, 0x36, 0x36,
 816          0x36, 0x36, 0x36, 0x36, 0x36, 0x37, 0x30, 0x37, 0x36, 0x36, 0x36, 0x36, 0x36, 0x36, 0x36, 0x36,
 817          0x00, 0x00, 0x00, 0x00, 0x00, 0xff, 0x00, 0xff, 0x00, 0x00, 0x00, 0x00, 0x00, 0x00, 0x00, 0x00,
 818          0x36, 0x36, 0x36, 0x36, 0x36, 0xf7, 0x00, 0xf7, 0x36, 0x36, 0x36, 0x36, 0x36, 0x36, 0x36, 0x36,
 819          0x18, 0x18, 0x18, 0x18, 0x18, 0xff, 0x00, 0xff, 0x00, 0x00, 0x00, 0x00, 0x00, 0x00, 0x00, 0x00,
 820          0x36, 0x36, 0x36, 0x36, 0x36, 0x36, 0x36, 0xff, 0x00, 0x00, 0x00, 0x00, 0x00, 0x00, 0x00, 0x00,
 821          0x00, 0x00, 0x00, 0x00, 0x00, 0xff, 0x00, 0xff, 0x18, 0x18, 0x18, 0x18, 0x18, 0x18, 0x18, 0x18,
 822          0x00, 0x00, 0x00, 0x00, 0x00, 0x00, 0x00, 0xff, 0x36, 0x36, 0x36, 0x36, 0x36, 0x36, 0x36, 0x36,
 823          0x36, 0x36, 0x36, 0x36, 0x36, 0x36, 0x36, 0x3f, 0x00, 0x00, 0x00, 0x00, 0x00, 0x00, 0x00, 0x00,
 824          0x18, 0x18, 0x18, 0x18, 0x18, 0x1f, 0x18, 0x1f, 0x00, 0x00, 0x00, 0x00, 0x00, 0x00, 0x00, 0x00,
 825          0x00, 0x00, 0x00, 0x00, 0x00, 0x1f, 0x18, 0x1f, 0x18, 0x18, 0x18, 0x18, 0x18, 0x18, 0x18, 0x18,
 826          0x00, 0x00, 0x00, 0x00, 0x00, 0x00, 0x00, 0x3f, 0x36, 0x36, 0x36, 0x36, 0x36, 0x36, 0x36, 0x36,
 827          0x36, 0x36, 0x36, 0x36, 0x36, 0x36, 0x36, 0xff, 0x36, 0x36, 0x36, 0x36, 0x36, 0x36, 0x36, 0x36,
 828          0x18, 0x18, 0x18, 0x18, 0x18, 0xff, 0x18, 0xff, 0x18, 0x18, 0x18, 0x18, 0x18, 0x18, 0x18, 0x18,
 829          0x18, 0x18, 0x18, 0x18, 0x18, 0x18, 0x18, 0xf8, 0x00, 0x00, 0x00, 0x00, 0x00, 0x00, 0x00, 0x00,
 830          0x00, 0x00, 0x00, 0x00, 0x00, 0x00, 0x00, 0x1f, 0x18, 0x18, 0x18, 0x18, 0x18, 0x18, 0x18, 0x18,
 831          0xff, 0xff, 0xff, 0xff, 0xff, 0xff, 0xff, 0xff, 0xff, 0xff, 0xff, 0xff, 0xff, 0xff, 0xff, 0xff,
 832          0x00, 0x00, 0x00, 0x00, 0x00, 0x00, 0x00, 0xff, 0xff, 0xff, 0xff, 0xff, 0xff, 0xff, 0xff, 0xff,
 833          0xf0, 0xf0, 0xf0, 0xf0, 0xf0, 0xf0, 0xf0, 0xf0, 0xf0, 0xf0, 0xf0, 0xf0, 0xf0, 0xf0, 0xf0, 0xf0,
 834          0x0f, 0x0f, 0x0f, 0x0f, 0x0f, 0x0f, 0x0f, 0x0f, 0x0f, 0x0f, 0x0f, 0x0f, 0x0f, 0x0f, 0x0f, 0x0f,
 835          0xff, 0xff, 0xff, 0xff, 0xff, 0xff, 0xff, 0x00, 0x00, 0x00, 0x00, 0x00, 0x00, 0x00, 0x00, 0x00,
 836          0x00, 0x00, 0x00, 0x00, 0x00, 0x76, 0xdc, 0xd8, 0xd8, 0xd8, 0xdc, 0x76, 0x00, 0x00, 0x00, 0x00,
 837          0x00, 0x00, 0x78, 0xcc, 0xcc, 0xcc, 0xd8, 0xcc, 0xc6, 0xc6, 0xc6, 0xcc, 0x00, 0x00, 0x00, 0x00,
 838          0x00, 0x00, 0xfe, 0xc6, 0xc6, 0xc0, 0xc0, 0xc0, 0xc0, 0xc0, 0xc0, 0xc0, 0x00, 0x00, 0x00, 0x00,
 839          0x00, 0x00, 0x00, 0x00, 0xfe, 0x6c, 0x6c, 0x6c, 0x6c, 0x6c, 0x6c, 0x6c, 0x00, 0x00, 0x00, 0x00,
 840          0x00, 0x00, 0x00, 0xfe, 0xc6, 0x60, 0x30, 0x18, 0x30, 0x60, 0xc6, 0xfe, 0x00, 0x00, 0x00, 0x00,
 841          0x00, 0x00, 0x00, 0x00, 0x00, 0x7e, 0xd8, 0xd8, 0xd8, 0xd8, 0xd8, 0x70, 0x00, 0x00, 0x00, 0x00,
 842          0x00, 0x00, 0x00, 0x00, 0x66, 0x66, 0x66, 0x66, 0x66, 0x7c, 0x60, 0x60, 0xc0, 0x00, 0x00, 0x00,
 843          0x00, 0x00, 0x00, 0x00, 0x76, 0xdc, 0x18, 0x18, 0x18, 0x18, 0x18, 0x18, 0x00, 0x00, 0x00, 0x00,
 844          0x00, 0x00, 0x00, 0x7e, 0x18, 0x3c, 0x66, 0x66, 0x66, 0x3c, 0x18, 0x7e, 0x00, 0x00, 0x00, 0x00,
 845          0x00, 0x00, 0x00, 0x38, 0x6c, 0xc6, 0xc6, 0xfe, 0xc6, 0xc6, 0x6c, 0x38, 0x00, 0x00, 0x00, 0x00,
 846          0x00, 0x00, 0x38, 0x6c, 0xc6, 0xc6, 0xc6, 0x6c, 0x6c, 0x6c, 0x6c, 0xee, 0x00, 0x00, 0x00, 0x00,
 847          0x00, 0x00, 0x1e, 0x30, 0x18, 0x0c, 0x3e, 0x66, 0x66, 0x66, 0x66, 0x3c, 0x00, 0x00, 0x00, 0x00,
 848          0x00, 0x00, 0x00, 0x00, 0x00, 0x7e, 0xdb, 0xdb, 0xdb, 0x7e, 0x00, 0x00, 0x00, 0x00, 0x00, 0x00,
 849          0x00, 0x00, 0x00, 0x03, 0x06, 0x7e, 0xdb, 0xdb, 0xf3, 0x7e, 0x60, 0xc0, 0x00, 0x00, 0x00, 0x00,
 850          0x00, 0x00, 0x1c, 0x30, 0x60, 0x60, 0x7c, 0x60, 0x60, 0x60, 0x30, 0x1c, 0x00, 0x00, 0x00, 0x00,
 851          0x00, 0x00, 0x00, 0x7c, 0xc6, 0xc6, 0xc6, 0xc6, 0xc6, 0xc6, 0xc6, 0xc6, 0x00, 0x00, 0x00, 0x00,
 852          0x00, 0x00, 0x00, 0x00, 0xfe, 0x00, 0x00, 0xfe, 0x00, 0x00, 0xfe, 0x00, 0x00, 0x00, 0x00, 0x00,
 853          0x00, 0x00, 0x00, 0x00, 0x18, 0x18, 0x7e, 0x18, 0x18, 0x00, 0x00, 0xff, 0x00, 0x00, 0x00, 0x00,
 854          0x00, 0x00, 0x00, 0x30, 0x18, 0x0c, 0x06, 0x0c, 0x18, 0x30, 0x00, 0x7e, 0x00, 0x00, 0x00, 0x00,
 855          0x00, 0x00, 0x00, 0x0c, 0x18, 0x30, 0x60, 0x30, 0x18, 0x0c, 0x00, 0x7e, 0x00, 0x00, 0x00, 0x00,
 856          0x00, 0x00, 0x0e, 0x1b, 0x1b, 0x18, 0x18, 0x18, 0x18, 0x18, 0x18, 0x18, 0x18, 0x18, 0x18, 0x18,
 857          0x18, 0x18, 0x18, 0x18, 0x18, 0x18, 0x18, 0x18, 0xd8, 0xd8, 0xd8, 0x70, 0x00, 0x00, 0x00, 0x00,
 858          0x00, 0x00, 0x00, 0x00, 0x18, 0x18, 0x00, 0x7e, 0x00, 0x18, 0x18, 0x00, 0x00, 0x00, 0x00, 0x00,
 859          0x00, 0x00, 0x00, 0x00, 0x00, 0x76, 0xdc, 0x00, 0x76, 0xdc, 0x00, 0x00, 0x00, 0x00, 0x00, 0x00,
C51 COMPILER V9.00   LCD9325                                                               07/16/2015 19:03:08 PAGE 15  

 860          0x00, 0x38, 0x6c, 0x6c, 0x38, 0x00, 0x00, 0x00, 0x00, 0x00, 0x00, 0x00, 0x00, 0x00, 0x00, 0x00,
 861          0x00, 0x00, 0x00, 0x00, 0x00, 0x00, 0x00, 0x18, 0x18, 0x00, 0x00, 0x00, 0x00, 0x00, 0x00, 0x00,
 862          0x00, 0x00, 0x00, 0x00, 0x00, 0x00, 0x00, 0x00, 0x18, 0x00, 0x00, 0x00, 0x00, 0x00, 0x00, 0x00,
 863          0x00, 0x0f, 0x0c, 0x0c, 0x0c, 0x0c, 0x0c, 0xec, 0x6c, 0x6c, 0x3c, 0x1c, 0x00, 0x00, 0x00, 0x00,
 864          0x00, 0xd8, 0x6c, 0x6c, 0x6c, 0x6c, 0x6c, 0x00, 0x00, 0x00, 0x00, 0x00, 0x00, 0x00, 0x00, 0x00,
 865          0x00, 0x70, 0xd8, 0x30, 0x60, 0xc8, 0xf8, 0x00, 0x00, 0x00, 0x00, 0x00, 0x00, 0x00, 0x00, 0x00,
 866          0x00, 0x00, 0x00, 0x00, 0x7c, 0x7c, 0x7c, 0x7c, 0x7c, 0x7c, 0x7c, 0x00, 0x00, 0x00, 0x00, 0x00,
 867          0x00, 0x00, 0x00, 0x00, 0x00, 0x00, 0x00, 0x00, 0x00, 0x00, 0x00, 0x00, 0x00, 0x00, 0x00, 0x00,
 868          };


MODULE INFORMATION:   STATIC OVERLAYABLE
   CODE SIZE        =   5088    ----
   CONSTANT SIZE    =   4096    ----
   XDATA SIZE       =   ----     157
   PDATA SIZE       =   ----    ----
   DATA SIZE        =   ----    ----
   IDATA SIZE       =   ----    ----
   BIT SIZE         =   ----    ----
END OF MODULE INFORMATION.


C51 COMPILATION COMPLETE.  0 WARNING(S),  0 ERROR(S)
